[ 2013-07-28T17:46:22+08:00 ] 127.0.0.1 /t_test/
INFO: [ app_begin ] --START--
INFO: ReadHtmlCache Behavior ::run [ RunTime:0.002215s ]
INFO: [ app_begin ] --END-- [ RunTime:0.002340s ]
INFO: [ view_parse ] --START--
INFO: ParseTemplate Behavior ::run [ RunTime:0.169052s ]
INFO: [ view_parse ] --END-- [ RunTime:0.169248s ]
INFO: [ view_filter ] --START--
INFO: ContentReplace Behavior ::run [ RunTime:0.020226s ]
INFO: TokenBuild Behavior ::run [ RunTime:0.036250s ]
INFO: WriteHtmlCache Behavior ::run [ RunTime:0.000918s ]
INFO: ShowRuntime Behavior ::run [ RunTime:0.000903s ]
INFO: [ view_filter ] --END-- [ RunTime:0.058568s ]
INFO: [ view_end ] --START--
INFO: ShowPageTrace Behavior ::run [ RunTime:0.001082s ]
INFO: [ view_end ] --END-- [ RunTime:0.001142s ]

[ 2013-07-28T17:46:25+08:00 ] 127.0.0.1 /t_test/index.php/Index/login
INFO: [ route_check ] --START--
INFO: CheckRoute Behavior ::run [ RunTime:0.021572s ]
INFO: [ route_check ] --END-- [ RunTime:0.021686s ]
INFO: [ app_begin ] --START--
INFO: ReadHtmlCache Behavior ::run [ RunTime:0.000510s ]
INFO: [ app_begin ] --END-- [ RunTime:0.000573s ]
SQL: SHOW COLUMNS FROM `pro_admin` [ RunTime:0.033759s ]
NOTIC: 建议使用I方法替代_post
NOTIC: 建议使用I方法替代_post
SQL: SELECT * FROM `pro_admin` WHERE ( name='admin' AND password='admin' ) LIMIT 1   [ RunTime:0.000661s ]

[ 2013-07-28T17:46:25+08:00 ] 127.0.0.1 /t_test/index.php/Main/main.html
INFO: [ route_check ] --START--
INFO: CheckRoute Behavior ::run [ RunTime:0.000818s ]
INFO: [ route_check ] --END-- [ RunTime:0.000921s ]
INFO: [ app_begin ] --START--
INFO: ReadHtmlCache Behavior ::run [ RunTime:0.000539s ]
INFO: [ app_begin ] --END-- [ RunTime:0.000610s ]
SQL: SHOW COLUMNS FROM `pro_options` [ RunTime:0.006031s ]
SQL: SELECT * FROM `pro_options`  [ RunTime:0.000444s ]
INFO: [ view_parse ] --START--
INFO: ParseTemplate Behavior ::run [ RunTime:0.030237s ]
INFO: [ view_parse ] --END-- [ RunTime:0.030355s ]
INFO: [ view_filter ] --START--
INFO: ContentReplace Behavior ::run [ RunTime:0.000434s ]
INFO: TokenBuild Behavior ::run [ RunTime:0.000396s ]
INFO: WriteHtmlCache Behavior ::run [ RunTime:0.000293s ]
INFO: ShowRuntime Behavior ::run [ RunTime:0.000439s ]
INFO: [ view_filter ] --END-- [ RunTime:0.001735s ]
INFO: [ view_end ] --START--
INFO: ShowPageTrace Behavior ::run [ RunTime:0.000577s ]
INFO: [ view_end ] --END-- [ RunTime:0.000642s ]

[ 2013-07-28T17:46:26+08:00 ] 127.0.0.1 /t_test/index.php/Main/sign
INFO: [ route_check ] --START--
INFO: CheckRoute Behavior ::run [ RunTime:0.000844s ]
INFO: [ route_check ] --END-- [ RunTime:0.000956s ]
INFO: [ app_begin ] --START--
INFO: ReadHtmlCache Behavior ::run [ RunTime:0.000625s ]
INFO: [ app_begin ] --END-- [ RunTime:0.000692s ]
NOTIC: 建议使用I方法替代_param
NOTIC: [2] Invalid argument supplied for foreach() F:\www\t_test\Lib\Action\MainAction.class.php 第 23 行.
NOTIC: [8] Undefined variable: msg F:\www\t_test\Lib\Action\MainAction.class.php 第 78 行.
NOTIC: [8] Undefined variable: msg F:\www\t_test\Lib\Action\MainAction.class.php 第 78 行.

[ 2013-07-28T17:46:26+08:00 ] 127.0.0.1 /t_test/index.php/Main/result.html
INFO: [ route_check ] --START--
INFO: CheckRoute Behavior ::run [ RunTime:0.000700s ]
INFO: [ route_check ] --END-- [ RunTime:0.000798s ]
INFO: [ app_begin ] --START--
INFO: ReadHtmlCache Behavior ::run [ RunTime:0.000496s ]
INFO: [ app_begin ] --END-- [ RunTime:0.000560s ]
NOTIC: 建议使用I方法替代_param
SQL: SHOW COLUMNS FROM `pro_sign` [ RunTime:0.025725s ]
SQL: SELECT * FROM `pro_sign` WHERE ( uid='1' )  [ RunTime:0.000423s ]
SQL: SHOW COLUMNS FROM `pro_shistory` [ RunTime:0.003434s ]
SQL: SELECT * FROM `pro_shistory` WHERE ( uid='1' )  [ RunTime:0.000391s ]
INFO: [ view_parse ] --START--
INFO: ParseTemplate Behavior ::run [ RunTime:0.042909s ]
INFO: [ view_parse ] --END-- [ RunTime:0.043055s ]
INFO: [ view_filter ] --START--
INFO: ContentReplace Behavior ::run [ RunTime:0.000439s ]
INFO: TokenBuild Behavior ::run [ RunTime:0.000363s ]
INFO: WriteHtmlCache Behavior ::run [ RunTime:0.000309s ]
INFO: ShowRuntime Behavior ::run [ RunTime:0.000403s ]
INFO: [ view_filter ] --END-- [ RunTime:0.001688s ]
INFO: [ view_end ] --START--
INFO: ShowPageTrace Behavior ::run [ RunTime:0.000551s ]
INFO: [ view_end ] --END-- [ RunTime:0.000609s ]

