[ 2013-07-19T12:15:24+08:00 ] 127.0.0.1 /t_test/
INFO: [ app_begin ] --START--
INFO: ReadHtmlCache Behavior ::run [ RunTime:0.001426s ]
INFO: [ app_begin ] --END-- [ RunTime:0.003289s ]
INFO: [ view_parse ] --START--
INFO: ParseTemplate Behavior ::run [ RunTime:0.089879s ]
INFO: [ view_parse ] --END-- [ RunTime:0.090101s ]
INFO: [ view_filter ] --START--
INFO: ContentReplace Behavior ::run [ RunTime:0.001579s ]
INFO: TokenBuild Behavior ::run [ RunTime:0.017851s ]
INFO: WriteHtmlCache Behavior ::run [ RunTime:0.001463s ]
INFO: ShowRuntime Behavior ::run [ RunTime:0.001873s ]
INFO: [ view_filter ] --END-- [ RunTime:0.023248s ]
INFO: [ view_end ] --START--
INFO: ShowPageTrace Behavior ::run [ RunTime:0.002348s ]
INFO: [ view_end ] --END-- [ RunTime:0.002519s ]

[ 2013-07-19T12:15:29+08:00 ] 127.0.0.1 /t_test/index.php/Index/login
INFO: [ route_check ] --START--
INFO: CheckRoute Behavior ::run [ RunTime:0.020800s ]
INFO: [ route_check ] --END-- [ RunTime:0.020913s ]
INFO: [ app_begin ] --START--
INFO: ReadHtmlCache Behavior ::run [ RunTime:0.000503s ]
INFO: [ app_begin ] --END-- [ RunTime:0.000579s ]
SQL: SHOW COLUMNS FROM `pro_admin` [ RunTime:0.272801s ]
NOTIC: 建议使用I方法替代_post
NOTIC: 建议使用I方法替代_post
SQL: SELECT * FROM `pro_admin` WHERE ( name='admin' AND password='admin' ) LIMIT 1   [ RunTime:0.079604s ]

[ 2013-07-19T12:15:29+08:00 ] 127.0.0.1 /t_test/index.php/Main/main.html
INFO: [ route_check ] --START--
INFO: CheckRoute Behavior ::run [ RunTime:0.001282s ]
INFO: [ route_check ] --END-- [ RunTime:0.001417s ]
INFO: [ app_begin ] --START--
INFO: ReadHtmlCache Behavior ::run [ RunTime:0.000679s ]
INFO: [ app_begin ] --END-- [ RunTime:0.000756s ]
SQL: SHOW COLUMNS FROM `pro_options` [ RunTime:0.025914s ]
SQL: SELECT * FROM `pro_options`  [ RunTime:0.000584s ]
INFO: [ view_parse ] --START--
INFO: ParseTemplate Behavior ::run [ RunTime:0.067084s ]
INFO: [ view_parse ] --END-- [ RunTime:0.067205s ]
INFO: [ view_filter ] --START--
INFO: ContentReplace Behavior ::run [ RunTime:0.000606s ]
INFO: TokenBuild Behavior ::run [ RunTime:0.000426s ]
INFO: WriteHtmlCache Behavior ::run [ RunTime:0.000299s ]
INFO: ShowRuntime Behavior ::run [ RunTime:0.000500s ]
INFO: [ view_filter ] --END-- [ RunTime:0.002040s ]
INFO: [ view_end ] --START--
INFO: ShowPageTrace Behavior ::run [ RunTime:0.000638s ]
INFO: [ view_end ] --END-- [ RunTime:0.000710s ]

[ 2013-07-19T12:15:32+08:00 ] 127.0.0.1 /t_test/index.php/Main/sign
INFO: [ route_check ] --START--
INFO: CheckRoute Behavior ::run [ RunTime:0.000821s ]
INFO: [ route_check ] --END-- [ RunTime:0.000915s ]
INFO: [ app_begin ] --START--
INFO: ReadHtmlCache Behavior ::run [ RunTime:0.000699s ]
INFO: [ app_begin ] --END-- [ RunTime:0.000795s ]
NOTIC: 建议使用I方法替代_param
NOTIC: [2] Invalid argument supplied for foreach() F:\www\t_test\Lib\Action\MainAction.class.php 第 23 行.
NOTIC: [8] Undefined variable: msg F:\www\t_test\Lib\Action\MainAction.class.php 第 78 行.
NOTIC: [8] Undefined variable: msg F:\www\t_test\Lib\Action\MainAction.class.php 第 78 行.

[ 2013-07-19T12:15:33+08:00 ] 127.0.0.1 /t_test/index.php/Main/result.html
INFO: [ route_check ] --START--
INFO: CheckRoute Behavior ::run [ RunTime:0.001595s ]
INFO: [ route_check ] --END-- [ RunTime:0.001803s ]
INFO: [ app_begin ] --START--
INFO: ReadHtmlCache Behavior ::run [ RunTime:0.001046s ]
INFO: [ app_begin ] --END-- [ RunTime:0.001175s ]
NOTIC: 建议使用I方法替代_param
SQL: SHOW COLUMNS FROM `pro_sign` [ RunTime:0.041091s ]
SQL: SELECT * FROM `pro_sign` WHERE ( uid='1' )  [ RunTime:0.016499s ]
SQL: SHOW COLUMNS FROM `pro_shistory` [ RunTime:0.004951s ]
SQL: SELECT * FROM `pro_shistory` WHERE ( uid='1' )  [ RunTime:0.000614s ]
NOTIC: [2] Missing argument 2 for toarray(), called in F:\www\t_test\Lib\Action\MainAction.class.php on line 95 and defined F:\www\t_test\Common\common.php 第 64 行.
NOTIC: [8] Undefined variable: date F:\www\t_test\Common\common.php 第 65 行.
NOTIC: [8] Undefined offset: 1 F:\www\t_test\Common\common.php 第 66 行.
NOTIC: [8] Undefined variable: total_date F:\www\t_test\Common\common.php 第 87 行.
NOTIC: [2] Missing argument 2 for toarray(), called in F:\www\t_test\Lib\Action\MainAction.class.php on line 95 and defined F:\www\t_test\Common\common.php 第 64 行.
NOTIC: [8] Undefined variable: date F:\www\t_test\Common\common.php 第 65 行.
NOTIC: [8] Undefined offset: 1 F:\www\t_test\Common\common.php 第 66 行.
NOTIC: [8] Undefined variable: total_date F:\www\t_test\Common\common.php 第 87 行.
INFO: [ view_parse ] --START--
INFO: ParseTemplate Behavior ::run [ RunTime:0.009580s ]
INFO: [ view_parse ] --END-- [ RunTime:0.009685s ]
INFO: [ view_filter ] --START--
INFO: ContentReplace Behavior ::run [ RunTime:0.000391s ]
INFO: TokenBuild Behavior ::run [ RunTime:0.000394s ]
INFO: WriteHtmlCache Behavior ::run [ RunTime:0.000298s ]
INFO: ShowRuntime Behavior ::run [ RunTime:0.000533s ]
INFO: [ view_filter ] --END-- [ RunTime:0.001800s ]
INFO: [ view_end ] --START--
INFO: ShowPageTrace Behavior ::run [ RunTime:0.000593s ]
INFO: [ view_end ] --END-- [ RunTime:0.000676s ]

[ 2013-07-19T12:16:35+08:00 ] 127.0.0.1 /t_test/index.php/Main/sign
INFO: [ route_check ] --START--
INFO: CheckRoute Behavior ::run [ RunTime:0.000845s ]
INFO: [ route_check ] --END-- [ RunTime:0.000951s ]
INFO: [ app_begin ] --START--
INFO: ReadHtmlCache Behavior ::run [ RunTime:0.000494s ]
INFO: [ app_begin ] --END-- [ RunTime:0.000565s ]
NOTIC: 建议使用I方法替代_param
NOTIC: [2] Invalid argument supplied for foreach() F:\www\t_test\Lib\Action\MainAction.class.php 第 23 行.
NOTIC: [8] Undefined variable: msg F:\www\t_test\Lib\Action\MainAction.class.php 第 78 行.
NOTIC: [8] Undefined variable: msg F:\www\t_test\Lib\Action\MainAction.class.php 第 78 行.

[ 2013-07-19T12:16:36+08:00 ] 127.0.0.1 /t_test/index.php/Main/result.html
INFO: [ route_check ] --START--
INFO: CheckRoute Behavior ::run [ RunTime:0.001452s ]
INFO: [ route_check ] --END-- [ RunTime:0.001719s ]
INFO: [ app_begin ] --START--
INFO: ReadHtmlCache Behavior ::run [ RunTime:0.000998s ]
INFO: [ app_begin ] --END-- [ RunTime:0.001128s ]
NOTIC: 建议使用I方法替代_param
SQL: SHOW COLUMNS FROM `pro_sign` [ RunTime:0.023497s ]
SQL: SELECT * FROM `pro_sign` WHERE ( uid='1' )  [ RunTime:0.000540s ]
SQL: SHOW COLUMNS FROM `pro_shistory` [ RunTime:0.003191s ]
SQL: SELECT * FROM `pro_shistory` WHERE ( uid='1' )  [ RunTime:0.000443s ]
NOTIC: [2] Missing argument 2 for toarray(), called in F:\www\t_test\Lib\Action\MainAction.class.php on line 95 and defined F:\www\t_test\Common\common.php 第 64 行.
NOTIC: [8] Undefined variable: date F:\www\t_test\Common\common.php 第 65 行.
NOTIC: [8] Undefined offset: 1 F:\www\t_test\Common\common.php 第 66 行.
NOTIC: [2] Missing argument 2 for toarray(), called in F:\www\t_test\Lib\Action\MainAction.class.php on line 95 and defined F:\www\t_test\Common\common.php 第 64 行.
NOTIC: [8] Undefined variable: date F:\www\t_test\Common\common.php 第 65 行.
NOTIC: [8] Undefined offset: 1 F:\www\t_test\Common\common.php 第 66 行.
INFO: [ view_parse ] --START--
INFO: ParseTemplate Behavior ::run [ RunTime:0.008771s ]
INFO: [ view_parse ] --END-- [ RunTime:0.008871s ]
INFO: [ view_filter ] --START--
INFO: ContentReplace Behavior ::run [ RunTime:0.000366s ]
INFO: TokenBuild Behavior ::run [ RunTime:0.000390s ]
INFO: WriteHtmlCache Behavior ::run [ RunTime:0.000260s ]
INFO: ShowRuntime Behavior ::run [ RunTime:0.000384s ]
INFO: [ view_filter ] --END-- [ RunTime:0.001595s ]
INFO: [ view_end ] --START--
INFO: ShowPageTrace Behavior ::run [ RunTime:0.000534s ]
INFO: [ view_end ] --END-- [ RunTime:0.000592s ]

[ 2013-07-19T12:31:24+08:00 ] 127.0.0.1 /t_test/index.php/Main/sign
INFO: [ route_check ] --START--
INFO: CheckRoute Behavior ::run [ RunTime:0.001190s ]
INFO: [ route_check ] --END-- [ RunTime:0.001378s ]
INFO: [ app_begin ] --START--
INFO: ReadHtmlCache Behavior ::run [ RunTime:0.001051s ]
INFO: [ app_begin ] --END-- [ RunTime:0.001255s ]
NOTIC: 建议使用I方法替代_param
SQL: SHOW COLUMNS FROM `pro_sign` [ RunTime:0.005930s ]
SQL: SHOW COLUMNS FROM `pro_shistory` [ RunTime:0.004473s ]
SQL: SELECT * FROM `pro_sign` WHERE ( uid='1' AND oid='1' ) LIMIT 1   [ RunTime:0.000652s ]
NOTIC: [8] Undefined variable: msg F:\www\t_test\Lib\Action\MainAction.class.php 第 31 行.
SQL: SELECT * FROM `pro_sign` WHERE ( uid='1' AND oid='2' ) LIMIT 1   [ RunTime:0.000445s ]

[ 2013-07-19T12:31:26+08:00 ] 127.0.0.1 /t_test/index.php/Main/result/msg/%2C1%E5%B7%B2%E7%AD%BE%E5%88%B0%2C2%E5%B7%B2%E7%AD%BE%E5%88%B0.html
INFO: [ route_check ] --START--
INFO: CheckRoute Behavior ::run [ RunTime:0.001836s ]
INFO: [ route_check ] --END-- [ RunTime:0.002070s ]
INFO: [ app_begin ] --START--
INFO: ReadHtmlCache Behavior ::run [ RunTime:0.001059s ]
INFO: [ app_begin ] --END-- [ RunTime:0.001258s ]
NOTIC: 建议使用I方法替代_param
SQL: SHOW COLUMNS FROM `pro_sign` [ RunTime:0.003827s ]
SQL: SELECT * FROM `pro_sign` WHERE ( uid='1' )  [ RunTime:0.000539s ]
SQL: SHOW COLUMNS FROM `pro_shistory` [ RunTime:0.003533s ]
SQL: SELECT * FROM `pro_shistory` WHERE ( uid='1' )  [ RunTime:0.000527s ]
INFO: [ view_parse ] --START--
INFO: ParseTemplate Behavior ::run [ RunTime:0.010406s ]
INFO: [ view_parse ] --END-- [ RunTime:0.010529s ]
INFO: [ view_filter ] --START--
INFO: ContentReplace Behavior ::run [ RunTime:0.000431s ]
INFO: TokenBuild Behavior ::run [ RunTime:0.000377s ]
INFO: WriteHtmlCache Behavior ::run [ RunTime:0.000278s ]
INFO: ShowRuntime Behavior ::run [ RunTime:0.000426s ]
INFO: [ view_filter ] --END-- [ RunTime:0.001688s ]
INFO: [ view_end ] --START--
INFO: ShowPageTrace Behavior ::run [ RunTime:0.000562s ]
INFO: [ view_end ] --END-- [ RunTime:0.000639s ]

[ 2013-07-19T12:41:08+08:00 ] 127.0.0.1 /t_test/index.php/Main/sign
INFO: [ route_check ] --START--
INFO: CheckRoute Behavior ::run [ RunTime:0.001078s ]
INFO: [ route_check ] --END-- [ RunTime:0.001253s ]
INFO: [ app_begin ] --START--
INFO: ReadHtmlCache Behavior ::run [ RunTime:0.000925s ]
INFO: [ app_begin ] --END-- [ RunTime:0.001073s ]
NOTIC: 建议使用I方法替代_param
SQL: SHOW COLUMNS FROM `pro_sign` [ RunTime:0.037193s ]
SQL: SHOW COLUMNS FROM `pro_shistory` [ RunTime:0.003564s ]
SQL: SELECT * FROM `pro_sign` WHERE ( uid='1' AND oid='1' ) LIMIT 1   [ RunTime:0.000420s ]
NOTIC: [8] Undefined variable: msg F:\www\t_test\Lib\Action\MainAction.class.php 第 31 行.
SQL: SELECT * FROM `pro_sign` WHERE ( uid='1' AND oid='2' ) LIMIT 1   [ RunTime:0.000337s ]

[ 2013-07-19T12:41:09+08:00 ] 127.0.0.1 /t_test/index.php/Main/result/msg/%2C1%E5%B7%B2%E7%AD%BE%E5%88%B0%2C2%E5%B7%B2%E7%AD%BE%E5%88%B0.html
INFO: [ route_check ] --START--
INFO: CheckRoute Behavior ::run [ RunTime:0.000719s ]
INFO: [ route_check ] --END-- [ RunTime:0.000812s ]
INFO: [ app_begin ] --START--
INFO: ReadHtmlCache Behavior ::run [ RunTime:0.000448s ]
INFO: [ app_begin ] --END-- [ RunTime:0.000507s ]
NOTIC: 建议使用I方法替代_param
SQL: SHOW COLUMNS FROM `pro_sign` [ RunTime:0.003605s ]
SQL: SELECT * FROM `pro_sign` WHERE ( uid='1' )  [ RunTime:0.000439s ]
SQL: SHOW COLUMNS FROM `pro_shistory` [ RunTime:0.003055s ]
SQL: SELECT * FROM `pro_shistory` WHERE ( uid='1' )  [ RunTime:0.000418s ]
INFO: [ view_parse ] --START--

[ 2013-07-19T12:42:25+08:00 ] 127.0.0.1 /t_test/index.php/Main/sign
INFO: [ route_check ] --START--
INFO: CheckRoute Behavior ::run [ RunTime:0.000686s ]
INFO: [ route_check ] --END-- [ RunTime:0.000782s ]
INFO: [ app_begin ] --START--
INFO: ReadHtmlCache Behavior ::run [ RunTime:0.000454s ]
INFO: [ app_begin ] --END-- [ RunTime:0.000523s ]
NOTIC: 建议使用I方法替代_param
SQL: SHOW COLUMNS FROM `pro_sign` [ RunTime:0.003485s ]
SQL: SHOW COLUMNS FROM `pro_shistory` [ RunTime:0.003201s ]
SQL: SELECT * FROM `pro_sign` WHERE ( uid='1' AND oid='1' ) LIMIT 1   [ RunTime:0.000370s ]
NOTIC: [8] Undefined variable: msg F:\www\t_test\Lib\Action\MainAction.class.php 第 31 行.
SQL: SELECT * FROM `pro_sign` WHERE ( uid='1' AND oid='2' ) LIMIT 1   [ RunTime:0.000216s ]

[ 2013-07-19T12:42:26+08:00 ] 127.0.0.1 /t_test/index.php/Main/result/msg/%2C1%E5%B7%B2%E7%AD%BE%E5%88%B0%2C2%E5%B7%B2%E7%AD%BE%E5%88%B0.html
INFO: [ route_check ] --START--
INFO: CheckRoute Behavior ::run [ RunTime:0.001489s ]
INFO: [ route_check ] --END-- [ RunTime:0.001699s ]
INFO: [ app_begin ] --START--
INFO: ReadHtmlCache Behavior ::run [ RunTime:0.000968s ]
INFO: [ app_begin ] --END-- [ RunTime:0.001098s ]
NOTIC: 建议使用I方法替代_param
SQL: SHOW COLUMNS FROM `pro_sign` [ RunTime:0.003241s ]
SQL: SELECT * FROM `pro_sign` WHERE ( uid='1' )  [ RunTime:0.000445s ]
SQL: SHOW COLUMNS FROM `pro_shistory` [ RunTime:0.002965s ]
SQL: SELECT * FROM `pro_shistory` WHERE ( uid='1' )  [ RunTime:0.000422s ]
INFO: [ view_parse ] --START--

[ 2013-07-19T12:43:01+08:00 ] 127.0.0.1 /t_test/index.php/Main/sign
INFO: [ route_check ] --START--
INFO: CheckRoute Behavior ::run [ RunTime:0.000765s ]
INFO: [ route_check ] --END-- [ RunTime:0.000857s ]
INFO: [ app_begin ] --START--
INFO: ReadHtmlCache Behavior ::run [ RunTime:0.000558s ]
INFO: [ app_begin ] --END-- [ RunTime:0.000630s ]
NOTIC: 建议使用I方法替代_param
SQL: SHOW COLUMNS FROM `pro_sign` [ RunTime:0.045777s ]
SQL: SHOW COLUMNS FROM `pro_shistory` [ RunTime:0.003316s ]
SQL: SELECT * FROM `pro_sign` WHERE ( uid='1' AND oid='1' ) LIMIT 1   [ RunTime:0.000454s ]
NOTIC: [8] Undefined variable: msg F:\www\t_test\Lib\Action\MainAction.class.php 第 31 行.
SQL: SELECT * FROM `pro_sign` WHERE ( uid='1' AND oid='2' ) LIMIT 1   [ RunTime:0.000401s ]

[ 2013-07-19T12:43:02+08:00 ] 127.0.0.1 /t_test/index.php/Main/result/msg/%2C1%E5%B7%B2%E7%AD%BE%E5%88%B0%2C2%E5%B7%B2%E7%AD%BE%E5%88%B0.html
INFO: [ route_check ] --START--
INFO: CheckRoute Behavior ::run [ RunTime:0.001469s ]
INFO: [ route_check ] --END-- [ RunTime:0.001640s ]
INFO: [ app_begin ] --START--
INFO: ReadHtmlCache Behavior ::run [ RunTime:0.000957s ]
INFO: [ app_begin ] --END-- [ RunTime:0.001085s ]
NOTIC: 建议使用I方法替代_param
SQL: SHOW COLUMNS FROM `pro_sign` [ RunTime:0.003793s ]
SQL: SELECT * FROM `pro_sign` WHERE ( uid='1' )  [ RunTime:0.000834s ]
SQL: SHOW COLUMNS FROM `pro_shistory` [ RunTime:0.004647s ]
SQL: SELECT * FROM `pro_shistory` WHERE ( uid='1' )  [ RunTime:0.000517s ]
INFO: [ view_parse ] --START--

[ 2013-07-19T12:43:49+08:00 ] 127.0.0.1 /t_test/index.php/Main/sign
INFO: [ route_check ] --START--
INFO: CheckRoute Behavior ::run [ RunTime:0.000743s ]
INFO: [ route_check ] --END-- [ RunTime:0.000840s ]
INFO: [ app_begin ] --START--
INFO: ReadHtmlCache Behavior ::run [ RunTime:0.000479s ]
INFO: [ app_begin ] --END-- [ RunTime:0.000546s ]
NOTIC: 建议使用I方法替代_param
SQL: SHOW COLUMNS FROM `pro_sign` [ RunTime:0.003869s ]
SQL: SHOW COLUMNS FROM `pro_shistory` [ RunTime:0.003638s ]
SQL: SELECT * FROM `pro_sign` WHERE ( uid='1' AND oid='1' ) LIMIT 1   [ RunTime:0.000559s ]
NOTIC: [8] Undefined variable: msg F:\www\t_test\Lib\Action\MainAction.class.php 第 31 行.
SQL: SELECT * FROM `pro_sign` WHERE ( uid='1' AND oid='2' ) LIMIT 1   [ RunTime:0.000410s ]

[ 2013-07-19T12:43:51+08:00 ] 127.0.0.1 /t_test/index.php/Main/result/msg/%2C1%E5%B7%B2%E7%AD%BE%E5%88%B0%2C2%E5%B7%B2%E7%AD%BE%E5%88%B0.html
INFO: [ route_check ] --START--
INFO: CheckRoute Behavior ::run [ RunTime:0.000932s ]
INFO: [ route_check ] --END-- [ RunTime:0.001058s ]
INFO: [ app_begin ] --START--
INFO: ReadHtmlCache Behavior ::run [ RunTime:0.000609s ]
INFO: [ app_begin ] --END-- [ RunTime:0.000690s ]
NOTIC: 建议使用I方法替代_param
SQL: SHOW COLUMNS FROM `pro_sign` [ RunTime:0.004274s ]
SQL: SELECT * FROM `pro_sign` WHERE ( uid='1' )  [ RunTime:0.000496s ]
SQL: SHOW COLUMNS FROM `pro_shistory` [ RunTime:0.004020s ]
SQL: SELECT * FROM `pro_shistory` WHERE ( uid='1' )  [ RunTime:0.000475s ]
INFO: [ view_parse ] --START--
INFO: ParseTemplate Behavior ::run [ RunTime:0.009167s ]
INFO: [ view_parse ] --END-- [ RunTime:0.009274s ]
INFO: [ view_filter ] --START--
INFO: ContentReplace Behavior ::run [ RunTime:0.000488s ]
INFO: TokenBuild Behavior ::run [ RunTime:0.000344s ]
INFO: WriteHtmlCache Behavior ::run [ RunTime:0.000262s ]
INFO: ShowRuntime Behavior ::run [ RunTime:0.000355s ]
INFO: [ view_filter ] --END-- [ RunTime:0.001612s ]
INFO: [ view_end ] --START--
INFO: ShowPageTrace Behavior ::run [ RunTime:0.000585s ]
INFO: [ view_end ] --END-- [ RunTime:0.000643s ]

[ 2013-07-19T12:44:36+08:00 ] 127.0.0.1 /t_test/index.php/Main/sign
INFO: [ route_check ] --START--
INFO: CheckRoute Behavior ::run [ RunTime:0.000751s ]
INFO: [ route_check ] --END-- [ RunTime:0.000840s ]
INFO: [ app_begin ] --START--
INFO: ReadHtmlCache Behavior ::run [ RunTime:0.000551s ]
INFO: [ app_begin ] --END-- [ RunTime:0.000616s ]
NOTIC: 建议使用I方法替代_param
SQL: SHOW COLUMNS FROM `pro_sign` [ RunTime:0.003764s ]
SQL: SHOW COLUMNS FROM `pro_shistory` [ RunTime:0.003933s ]
SQL: SELECT * FROM `pro_sign` WHERE ( uid='1' AND oid='1' ) LIMIT 1   [ RunTime:0.000528s ]
NOTIC: [8] Undefined variable: msg F:\www\t_test\Lib\Action\MainAction.class.php 第 31 行.
SQL: SELECT * FROM `pro_sign` WHERE ( uid='1' AND oid='2' ) LIMIT 1   [ RunTime:0.000387s ]

[ 2013-07-19T12:44:37+08:00 ] 127.0.0.1 /t_test/index.php/Main/result/msg/%2C1%E5%B7%B2%E7%AD%BE%E5%88%B0%2C2%E5%B7%B2%E7%AD%BE%E5%88%B0.html
INFO: [ route_check ] --START--
INFO: CheckRoute Behavior ::run [ RunTime:0.001114s ]
INFO: [ route_check ] --END-- [ RunTime:0.001264s ]
INFO: [ app_begin ] --START--
INFO: ReadHtmlCache Behavior ::run [ RunTime:0.000747s ]
INFO: [ app_begin ] --END-- [ RunTime:0.000853s ]
NOTIC: 建议使用I方法替代_param
SQL: SHOW COLUMNS FROM `pro_sign` [ RunTime:0.004154s ]
SQL: SELECT * FROM `pro_sign` WHERE ( uid='1' )  [ RunTime:0.000556s ]
SQL: SHOW COLUMNS FROM `pro_shistory` [ RunTime:0.003647s ]
SQL: SELECT * FROM `pro_shistory` WHERE ( uid='1' )  [ RunTime:0.000609s ]
INFO: [ view_parse ] --START--
NOTIC: [8] Use of undefined constant item - assumed 'item' F:\www\t_test\Runtime\Cache\e9279ae90cd5b1aa5c46592bc6b64161.php 第 18 行.
NOTIC: [8] Use of undefined constant month - assumed 'month' F:\www\t_test\Runtime\Cache\e9279ae90cd5b1aa5c46592bc6b64161.php 第 18 行.
NOTIC: [8] Use of undefined constant item - assumed 'item' F:\www\t_test\Runtime\Cache\e9279ae90cd5b1aa5c46592bc6b64161.php 第 18 行.
NOTIC: [8] Use of undefined constant month - assumed 'month' F:\www\t_test\Runtime\Cache\e9279ae90cd5b1aa5c46592bc6b64161.php 第 18 行.
NOTIC: [8] Use of undefined constant item - assumed 'item' F:\www\t_test\Runtime\Cache\e9279ae90cd5b1aa5c46592bc6b64161.php 第 18 行.
NOTIC: [8] Use of undefined constant month - assumed 'month' F:\www\t_test\Runtime\Cache\e9279ae90cd5b1aa5c46592bc6b64161.php 第 18 行.
NOTIC: [8] Use of undefined constant item - assumed 'item' F:\www\t_test\Runtime\Cache\e9279ae90cd5b1aa5c46592bc6b64161.php 第 18 行.
NOTIC: [8] Use of undefined constant month - assumed 'month' F:\www\t_test\Runtime\Cache\e9279ae90cd5b1aa5c46592bc6b64161.php 第 18 行.
NOTIC: [8] Use of undefined constant item - assumed 'item' F:\www\t_test\Runtime\Cache\e9279ae90cd5b1aa5c46592bc6b64161.php 第 18 行.
NOTIC: [8] Use of undefined constant month - assumed 'month' F:\www\t_test\Runtime\Cache\e9279ae90cd5b1aa5c46592bc6b64161.php 第 18 行.
NOTIC: [8] Use of undefined constant item - assumed 'item' F:\www\t_test\Runtime\Cache\e9279ae90cd5b1aa5c46592bc6b64161.php 第 18 行.
NOTIC: [8] Use of undefined constant month - assumed 'month' F:\www\t_test\Runtime\Cache\e9279ae90cd5b1aa5c46592bc6b64161.php 第 18 行.
INFO: ParseTemplate Behavior ::run [ RunTime:0.009520s ]
INFO: [ view_parse ] --END-- [ RunTime:0.009603s ]
INFO: [ view_filter ] --START--
INFO: ContentReplace Behavior ::run [ RunTime:0.000362s ]
INFO: TokenBuild Behavior ::run [ RunTime:0.000403s ]
INFO: WriteHtmlCache Behavior ::run [ RunTime:0.000285s ]
INFO: ShowRuntime Behavior ::run [ RunTime:0.000442s ]
INFO: [ view_filter ] --END-- [ RunTime:0.001827s ]
INFO: [ view_end ] --START--
INFO: ShowPageTrace Behavior ::run [ RunTime:0.000527s ]
INFO: [ view_end ] --END-- [ RunTime:0.000596s ]

[ 2013-07-19T12:45:04+08:00 ] 127.0.0.1 /t_test/index.php/Main/sign
INFO: [ route_check ] --START--
INFO: CheckRoute Behavior ::run [ RunTime:0.000780s ]
INFO: [ route_check ] --END-- [ RunTime:0.000879s ]
INFO: [ app_begin ] --START--
INFO: ReadHtmlCache Behavior ::run [ RunTime:0.000573s ]
INFO: [ app_begin ] --END-- [ RunTime:0.000639s ]
NOTIC: 建议使用I方法替代_param
SQL: SHOW COLUMNS FROM `pro_sign` [ RunTime:0.005342s ]
SQL: SHOW COLUMNS FROM `pro_shistory` [ RunTime:0.003185s ]
SQL: SELECT * FROM `pro_sign` WHERE ( uid='1' AND oid='1' ) LIMIT 1   [ RunTime:0.000406s ]
NOTIC: [8] Undefined variable: msg F:\www\t_test\Lib\Action\MainAction.class.php 第 31 行.
SQL: SELECT * FROM `pro_sign` WHERE ( uid='1' AND oid='2' ) LIMIT 1   [ RunTime:0.000240s ]

[ 2013-07-19T12:45:05+08:00 ] 127.0.0.1 /t_test/index.php/Main/result/msg/%2C1%E5%B7%B2%E7%AD%BE%E5%88%B0%2C2%E5%B7%B2%E7%AD%BE%E5%88%B0.html
INFO: [ route_check ] --START--
INFO: CheckRoute Behavior ::run [ RunTime:0.000880s ]
INFO: [ route_check ] --END-- [ RunTime:0.001013s ]
INFO: [ app_begin ] --START--
INFO: ReadHtmlCache Behavior ::run [ RunTime:0.000515s ]
INFO: [ app_begin ] --END-- [ RunTime:0.000584s ]
NOTIC: 建议使用I方法替代_param
SQL: SHOW COLUMNS FROM `pro_sign` [ RunTime:0.004002s ]
SQL: SELECT * FROM `pro_sign` WHERE ( uid='1' )  [ RunTime:0.000372s ]
SQL: SHOW COLUMNS FROM `pro_shistory` [ RunTime:0.004243s ]
SQL: SELECT * FROM `pro_shistory` WHERE ( uid='1' )  [ RunTime:0.000397s ]
INFO: [ view_parse ] --START--
NOTIC: [8] Use of undefined constant item - assumed 'item' F:\www\t_test\Runtime\Cache\e9279ae90cd5b1aa5c46592bc6b64161.php 第 18 行.
NOTIC: [8] Use of undefined constant month - assumed 'month' F:\www\t_test\Runtime\Cache\e9279ae90cd5b1aa5c46592bc6b64161.php 第 18 行.
NOTIC: [8] Use of undefined constant item - assumed 'item' F:\www\t_test\Runtime\Cache\e9279ae90cd5b1aa5c46592bc6b64161.php 第 18 行.
NOTIC: [8] Use of undefined constant month - assumed 'month' F:\www\t_test\Runtime\Cache\e9279ae90cd5b1aa5c46592bc6b64161.php 第 18 行.
NOTIC: [8] Use of undefined constant item - assumed 'item' F:\www\t_test\Runtime\Cache\e9279ae90cd5b1aa5c46592bc6b64161.php 第 18 行.
NOTIC: [8] Use of undefined constant month - assumed 'month' F:\www\t_test\Runtime\Cache\e9279ae90cd5b1aa5c46592bc6b64161.php 第 18 行.
NOTIC: [8] Use of undefined constant item - assumed 'item' F:\www\t_test\Runtime\Cache\e9279ae90cd5b1aa5c46592bc6b64161.php 第 18 行.
NOTIC: [8] Use of undefined constant month - assumed 'month' F:\www\t_test\Runtime\Cache\e9279ae90cd5b1aa5c46592bc6b64161.php 第 18 行.
NOTIC: [8] Use of undefined constant item - assumed 'item' F:\www\t_test\Runtime\Cache\e9279ae90cd5b1aa5c46592bc6b64161.php 第 18 行.
NOTIC: [8] Use of undefined constant month - assumed 'month' F:\www\t_test\Runtime\Cache\e9279ae90cd5b1aa5c46592bc6b64161.php 第 18 行.
NOTIC: [8] Use of undefined constant item - assumed 'item' F:\www\t_test\Runtime\Cache\e9279ae90cd5b1aa5c46592bc6b64161.php 第 18 行.
NOTIC: [8] Use of undefined constant month - assumed 'month' F:\www\t_test\Runtime\Cache\e9279ae90cd5b1aa5c46592bc6b64161.php 第 18 行.
INFO: ParseTemplate Behavior ::run [ RunTime:0.011432s ]
INFO: [ view_parse ] --END-- [ RunTime:0.011518s ]
INFO: [ view_filter ] --START--
INFO: ContentReplace Behavior ::run [ RunTime:0.000391s ]
INFO: TokenBuild Behavior ::run [ RunTime:0.000325s ]
INFO: WriteHtmlCache Behavior ::run [ RunTime:0.000238s ]
INFO: ShowRuntime Behavior ::run [ RunTime:0.000385s ]
INFO: [ view_filter ] --END-- [ RunTime:0.001499s ]
INFO: [ view_end ] --START--
INFO: ShowPageTrace Behavior ::run [ RunTime:0.000483s ]
INFO: [ view_end ] --END-- [ RunTime:0.000550s ]

[ 2013-07-19T12:46:21+08:00 ] 127.0.0.1 /t_test/index.php/Main/sign
INFO: [ route_check ] --START--
INFO: CheckRoute Behavior ::run [ RunTime:0.000726s ]
INFO: [ route_check ] --END-- [ RunTime:0.000832s ]
INFO: [ app_begin ] --START--
INFO: ReadHtmlCache Behavior ::run [ RunTime:0.000508s ]
INFO: [ app_begin ] --END-- [ RunTime:0.000572s ]
NOTIC: 建议使用I方法替代_param
SQL: SHOW COLUMNS FROM `pro_sign` [ RunTime:0.003973s ]
SQL: SHOW COLUMNS FROM `pro_shistory` [ RunTime:0.003887s ]
SQL: SELECT * FROM `pro_sign` WHERE ( uid='1' AND oid='1' ) LIMIT 1   [ RunTime:0.000449s ]
NOTIC: [8] Undefined variable: msg F:\www\t_test\Lib\Action\MainAction.class.php 第 31 行.
SQL: SELECT * FROM `pro_sign` WHERE ( uid='1' AND oid='2' ) LIMIT 1   [ RunTime:0.000257s ]

[ 2013-07-19T12:46:22+08:00 ] 127.0.0.1 /t_test/index.php/Main/result/msg/%2C1%E5%B7%B2%E7%AD%BE%E5%88%B0%2C2%E5%B7%B2%E7%AD%BE%E5%88%B0.html
INFO: [ route_check ] --START--
INFO: CheckRoute Behavior ::run [ RunTime:0.001446s ]
INFO: [ route_check ] --END-- [ RunTime:0.001696s ]
INFO: [ app_begin ] --START--
INFO: ReadHtmlCache Behavior ::run [ RunTime:0.001008s ]
INFO: [ app_begin ] --END-- [ RunTime:0.001137s ]
NOTIC: 建议使用I方法替代_param
SQL: SHOW COLUMNS FROM `pro_sign` [ RunTime:0.004191s ]
SQL: SELECT * FROM `pro_sign` WHERE ( uid='1' )  [ RunTime:0.000480s ]
SQL: SHOW COLUMNS FROM `pro_shistory` [ RunTime:0.003936s ]
SQL: SELECT * FROM `pro_shistory` WHERE ( uid='1' )  [ RunTime:0.000528s ]
INFO: [ view_parse ] --START--
NOTIC: [8] Use of undefined constant item - assumed 'item' F:\www\t_test\Runtime\Cache\e9279ae90cd5b1aa5c46592bc6b64161.php 第 18 行.
NOTIC: [8] Use of undefined constant month - assumed 'month' F:\www\t_test\Runtime\Cache\e9279ae90cd5b1aa5c46592bc6b64161.php 第 18 行.
NOTIC: [8] Use of undefined constant item - assumed 'item' F:\www\t_test\Runtime\Cache\e9279ae90cd5b1aa5c46592bc6b64161.php 第 18 行.
NOTIC: [8] Use of undefined constant month - assumed 'month' F:\www\t_test\Runtime\Cache\e9279ae90cd5b1aa5c46592bc6b64161.php 第 18 行.
NOTIC: [8] Use of undefined constant item - assumed 'item' F:\www\t_test\Runtime\Cache\e9279ae90cd5b1aa5c46592bc6b64161.php 第 18 行.
NOTIC: [8] Use of undefined constant month - assumed 'month' F:\www\t_test\Runtime\Cache\e9279ae90cd5b1aa5c46592bc6b64161.php 第 18 行.
NOTIC: [8] Use of undefined constant item - assumed 'item' F:\www\t_test\Runtime\Cache\e9279ae90cd5b1aa5c46592bc6b64161.php 第 18 行.
NOTIC: [8] Use of undefined constant month - assumed 'month' F:\www\t_test\Runtime\Cache\e9279ae90cd5b1aa5c46592bc6b64161.php 第 18 行.
NOTIC: [8] Use of undefined constant item - assumed 'item' F:\www\t_test\Runtime\Cache\e9279ae90cd5b1aa5c46592bc6b64161.php 第 18 行.
NOTIC: [8] Use of undefined constant month - assumed 'month' F:\www\t_test\Runtime\Cache\e9279ae90cd5b1aa5c46592bc6b64161.php 第 18 行.
NOTIC: [8] Use of undefined constant item - assumed 'item' F:\www\t_test\Runtime\Cache\e9279ae90cd5b1aa5c46592bc6b64161.php 第 18 行.
NOTIC: [8] Use of undefined constant month - assumed 'month' F:\www\t_test\Runtime\Cache\e9279ae90cd5b1aa5c46592bc6b64161.php 第 18 行.
INFO: ParseTemplate Behavior ::run [ RunTime:0.011523s ]
INFO: [ view_parse ] --END-- [ RunTime:0.011618s ]
INFO: [ view_filter ] --START--
INFO: ContentReplace Behavior ::run [ RunTime:0.000535s ]
INFO: TokenBuild Behavior ::run [ RunTime:0.000423s ]
INFO: WriteHtmlCache Behavior ::run [ RunTime:0.000301s ]
INFO: ShowRuntime Behavior ::run [ RunTime:0.000455s ]
INFO: [ view_filter ] --END-- [ RunTime:0.001908s ]
INFO: [ view_end ] --START--
INFO: ShowPageTrace Behavior ::run [ RunTime:0.000603s ]
INFO: [ view_end ] --END-- [ RunTime:0.000675s ]

[ 2013-07-19T12:46:47+08:00 ] 127.0.0.1 /t_test/index.php/Main/sign
INFO: [ route_check ] --START--
INFO: CheckRoute Behavior ::run [ RunTime:0.000760s ]
INFO: [ route_check ] --END-- [ RunTime:0.000855s ]
INFO: [ app_begin ] --START--
INFO: ReadHtmlCache Behavior ::run [ RunTime:0.000441s ]
INFO: [ app_begin ] --END-- [ RunTime:0.000501s ]
NOTIC: 建议使用I方法替代_param
SQL: SHOW COLUMNS FROM `pro_sign` [ RunTime:0.003312s ]
SQL: SHOW COLUMNS FROM `pro_shistory` [ RunTime:0.002935s ]
SQL: SELECT * FROM `pro_sign` WHERE ( uid='1' AND oid='1' ) LIMIT 1   [ RunTime:0.000397s ]
NOTIC: [8] Undefined variable: msg F:\www\t_test\Lib\Action\MainAction.class.php 第 31 行.
SQL: SELECT * FROM `pro_sign` WHERE ( uid='1' AND oid='2' ) LIMIT 1   [ RunTime:0.000519s ]

[ 2013-07-19T12:46:48+08:00 ] 127.0.0.1 /t_test/index.php/Main/result/msg/%2C1%E5%B7%B2%E7%AD%BE%E5%88%B0%2C2%E5%B7%B2%E7%AD%BE%E5%88%B0.html
INFO: [ route_check ] --START--
INFO: CheckRoute Behavior ::run [ RunTime:0.000924s ]
INFO: [ route_check ] --END-- [ RunTime:0.001048s ]
INFO: [ app_begin ] --START--
INFO: ReadHtmlCache Behavior ::run [ RunTime:0.000597s ]
INFO: [ app_begin ] --END-- [ RunTime:0.000676s ]
NOTIC: 建议使用I方法替代_param
SQL: SHOW COLUMNS FROM `pro_sign` [ RunTime:0.004550s ]
SQL: SELECT * FROM `pro_sign` WHERE ( uid='1' )  [ RunTime:0.000585s ]
SQL: SHOW COLUMNS FROM `pro_shistory` [ RunTime:0.003396s ]
SQL: SELECT * FROM `pro_shistory` WHERE ( uid='1' )  [ RunTime:0.000449s ]
INFO: [ view_parse ] --START--
NOTIC: [8] Use of undefined constant item - assumed 'item' F:\www\t_test\Runtime\Cache\e9279ae90cd5b1aa5c46592bc6b64161.php 第 18 行.
NOTIC: [8] Use of undefined constant month - assumed 'month' F:\www\t_test\Runtime\Cache\e9279ae90cd5b1aa5c46592bc6b64161.php 第 18 行.
NOTIC: [8] Use of undefined constant item - assumed 'item' F:\www\t_test\Runtime\Cache\e9279ae90cd5b1aa5c46592bc6b64161.php 第 18 行.
NOTIC: [8] Use of undefined constant month - assumed 'month' F:\www\t_test\Runtime\Cache\e9279ae90cd5b1aa5c46592bc6b64161.php 第 18 行.
NOTIC: [8] Use of undefined constant item - assumed 'item' F:\www\t_test\Runtime\Cache\e9279ae90cd5b1aa5c46592bc6b64161.php 第 18 行.
NOTIC: [8] Use of undefined constant month - assumed 'month' F:\www\t_test\Runtime\Cache\e9279ae90cd5b1aa5c46592bc6b64161.php 第 18 行.
NOTIC: [8] Use of undefined constant item - assumed 'item' F:\www\t_test\Runtime\Cache\e9279ae90cd5b1aa5c46592bc6b64161.php 第 18 行.
NOTIC: [8] Use of undefined constant month - assumed 'month' F:\www\t_test\Runtime\Cache\e9279ae90cd5b1aa5c46592bc6b64161.php 第 18 行.
NOTIC: [8] Use of undefined constant item - assumed 'item' F:\www\t_test\Runtime\Cache\e9279ae90cd5b1aa5c46592bc6b64161.php 第 18 行.
NOTIC: [8] Use of undefined constant month - assumed 'month' F:\www\t_test\Runtime\Cache\e9279ae90cd5b1aa5c46592bc6b64161.php 第 18 行.
NOTIC: [8] Use of undefined constant item - assumed 'item' F:\www\t_test\Runtime\Cache\e9279ae90cd5b1aa5c46592bc6b64161.php 第 18 行.
NOTIC: [8] Use of undefined constant month - assumed 'month' F:\www\t_test\Runtime\Cache\e9279ae90cd5b1aa5c46592bc6b64161.php 第 18 行.
INFO: ParseTemplate Behavior ::run [ RunTime:0.008840s ]
INFO: [ view_parse ] --END-- [ RunTime:0.008922s ]
INFO: [ view_filter ] --START--
INFO: ContentReplace Behavior ::run [ RunTime:0.000394s ]
INFO: TokenBuild Behavior ::run [ RunTime:0.000331s ]
INFO: WriteHtmlCache Behavior ::run [ RunTime:0.000257s ]
INFO: ShowRuntime Behavior ::run [ RunTime:0.000378s ]
INFO: [ view_filter ] --END-- [ RunTime:0.001517s ]
INFO: [ view_end ] --START--
INFO: ShowPageTrace Behavior ::run [ RunTime:0.000499s ]
INFO: [ view_end ] --END-- [ RunTime:0.000557s ]

[ 2013-07-19T12:47:32+08:00 ] 127.0.0.1 /t_test/index.php/Main/sign
INFO: [ route_check ] --START--
INFO: CheckRoute Behavior ::run [ RunTime:0.001005s ]
INFO: [ route_check ] --END-- [ RunTime:0.001121s ]
INFO: [ app_begin ] --START--
INFO: ReadHtmlCache Behavior ::run [ RunTime:0.000711s ]
INFO: [ app_begin ] --END-- [ RunTime:0.000813s ]
NOTIC: 建议使用I方法替代_param
SQL: SHOW COLUMNS FROM `pro_sign` [ RunTime:0.004576s ]
SQL: SHOW COLUMNS FROM `pro_shistory` [ RunTime:0.004310s ]
SQL: SELECT * FROM `pro_sign` WHERE ( uid='1' AND oid='1' ) LIMIT 1   [ RunTime:0.000611s ]
NOTIC: [8] Undefined variable: msg F:\www\t_test\Lib\Action\MainAction.class.php 第 31 行.
SQL: SELECT * FROM `pro_sign` WHERE ( uid='1' AND oid='2' ) LIMIT 1   [ RunTime:0.000805s ]

[ 2013-07-19T12:47:33+08:00 ] 127.0.0.1 /t_test/index.php/Main/result/msg/%2C1%E5%B7%B2%E7%AD%BE%E5%88%B0%2C2%E5%B7%B2%E7%AD%BE%E5%88%B0.html
INFO: [ route_check ] --START--
INFO: CheckRoute Behavior ::run [ RunTime:0.001461s ]
INFO: [ route_check ] --END-- [ RunTime:0.001637s ]
INFO: [ app_begin ] --START--
INFO: ReadHtmlCache Behavior ::run [ RunTime:0.000948s ]
INFO: [ app_begin ] --END-- [ RunTime:0.001081s ]
NOTIC: 建议使用I方法替代_param
SQL: SHOW COLUMNS FROM `pro_sign` [ RunTime:0.003494s ]
SQL: SELECT * FROM `pro_sign` WHERE ( uid='1' )  [ RunTime:0.000440s ]
SQL: SHOW COLUMNS FROM `pro_shistory` [ RunTime:0.003784s ]
SQL: SELECT * FROM `pro_shistory` WHERE ( uid='1' )  [ RunTime:0.000487s ]
INFO: [ view_parse ] --START--
INFO: ParseTemplate Behavior ::run [ RunTime:0.009052s ]
INFO: [ view_parse ] --END-- [ RunTime:0.009155s ]
INFO: [ view_filter ] --START--
INFO: ContentReplace Behavior ::run [ RunTime:0.000352s ]
INFO: TokenBuild Behavior ::run [ RunTime:0.000343s ]
INFO: WriteHtmlCache Behavior ::run [ RunTime:0.000302s ]
INFO: ShowRuntime Behavior ::run [ RunTime:0.000385s ]
INFO: [ view_filter ] --END-- [ RunTime:0.001556s ]
INFO: [ view_end ] --START--
INFO: ShowPageTrace Behavior ::run [ RunTime:0.000541s ]
INFO: [ view_end ] --END-- [ RunTime:0.000599s ]

[ 2013-07-19T14:41:29+08:00 ] 127.0.0.1 /t_test/
INFO: [ app_begin ] --START--
INFO: ReadHtmlCache Behavior ::run [ RunTime:0.000462s ]
INFO: [ app_begin ] --END-- [ RunTime:0.000547s ]
INFO: [ view_parse ] --START--
INFO: ParseTemplate Behavior ::run [ RunTime:0.005270s ]
INFO: [ view_parse ] --END-- [ RunTime:0.005355s ]
INFO: [ view_filter ] --START--
INFO: ContentReplace Behavior ::run [ RunTime:0.000331s ]
INFO: TokenBuild Behavior ::run [ RunTime:0.000375s ]
INFO: WriteHtmlCache Behavior ::run [ RunTime:0.000248s ]
INFO: ShowRuntime Behavior ::run [ RunTime:0.000377s ]
INFO: [ view_filter ] --END-- [ RunTime:0.001508s ]
INFO: [ view_end ] --START--
INFO: ShowPageTrace Behavior ::run [ RunTime:0.000463s ]
INFO: [ view_end ] --END-- [ RunTime:0.000522s ]

[ 2013-07-19T14:41:33+08:00 ] 127.0.0.1 /t_test/index.php/Index/login
INFO: [ route_check ] --START--
INFO: CheckRoute Behavior ::run [ RunTime:0.000871s ]
INFO: [ route_check ] --END-- [ RunTime:0.000981s ]
INFO: [ app_begin ] --START--
INFO: ReadHtmlCache Behavior ::run [ RunTime:0.000597s ]
INFO: [ app_begin ] --END-- [ RunTime:0.000714s ]
SQL: SHOW COLUMNS FROM `pro_admin` [ RunTime:0.004271s ]
NOTIC: 建议使用I方法替代_post
NOTIC: 建议使用I方法替代_post
SQL: SELECT * FROM `pro_admin` WHERE ( name='admin' AND password='admin' ) LIMIT 1   [ RunTime:0.000506s ]

[ 2013-07-19T14:41:33+08:00 ] 127.0.0.1 /t_test/index.php/Main/main.html
INFO: [ route_check ] --START--
INFO: CheckRoute Behavior ::run [ RunTime:0.000840s ]
INFO: [ route_check ] --END-- [ RunTime:0.000956s ]
INFO: [ app_begin ] --START--
INFO: ReadHtmlCache Behavior ::run [ RunTime:0.000633s ]
INFO: [ app_begin ] --END-- [ RunTime:0.000712s ]
SQL: SHOW COLUMNS FROM `pro_options` [ RunTime:0.004260s ]
SQL: SELECT * FROM `pro_options`  [ RunTime:0.000448s ]
INFO: [ view_parse ] --START--
INFO: ParseTemplate Behavior ::run [ RunTime:0.033954s ]
INFO: [ view_parse ] --END-- [ RunTime:0.034070s ]
INFO: [ view_filter ] --START--
INFO: ContentReplace Behavior ::run [ RunTime:0.000359s ]
INFO: TokenBuild Behavior ::run [ RunTime:0.000344s ]
INFO: WriteHtmlCache Behavior ::run [ RunTime:0.000255s ]
INFO: ShowRuntime Behavior ::run [ RunTime:0.000386s ]
INFO: [ view_filter ] --END-- [ RunTime:0.001502s ]
INFO: [ view_end ] --START--
INFO: ShowPageTrace Behavior ::run [ RunTime:0.000487s ]
INFO: [ view_end ] --END-- [ RunTime:0.000544s ]

[ 2013-07-19T14:41:36+08:00 ] 127.0.0.1 /t_test/index.php/Main/sign
INFO: [ route_check ] --START--
INFO: CheckRoute Behavior ::run [ RunTime:0.000703s ]
INFO: [ route_check ] --END-- [ RunTime:0.000790s ]
INFO: [ app_begin ] --START--
INFO: ReadHtmlCache Behavior ::run [ RunTime:0.000495s ]
INFO: [ app_begin ] --END-- [ RunTime:0.000559s ]
NOTIC: 建议使用I方法替代_param
SQL: SHOW COLUMNS FROM `pro_sign` [ RunTime:0.003721s ]
SQL: SHOW COLUMNS FROM `pro_shistory` [ RunTime:0.003261s ]
SQL: SELECT * FROM `pro_sign` WHERE ( uid='1' AND oid='1' ) LIMIT 1   [ RunTime:0.000447s ]
NOTIC: [8] Undefined variable: msg F:\www\t_test\Lib\Action\MainAction.class.php 第 31 行.

[ 2013-07-19T14:41:37+08:00 ] 127.0.0.1 /t_test/index.php/Main/result/msg/%2C1%E5%B7%B2%E7%AD%BE%E5%88%B0.html
INFO: [ route_check ] --START--
INFO: CheckRoute Behavior ::run [ RunTime:0.000725s ]
INFO: [ route_check ] --END-- [ RunTime:0.000831s ]
INFO: [ app_begin ] --START--
INFO: ReadHtmlCache Behavior ::run [ RunTime:0.000862s ]
INFO: [ app_begin ] --END-- [ RunTime:0.001001s ]
NOTIC: 建议使用I方法替代_param
SQL: SHOW COLUMNS FROM `pro_sign` [ RunTime:0.003966s ]
SQL: SELECT * FROM `pro_sign` WHERE ( uid='1' )  [ RunTime:0.000450s ]
SQL: SHOW COLUMNS FROM `pro_shistory` [ RunTime:0.003166s ]
SQL: SELECT * FROM `pro_shistory` WHERE ( uid='1' )  [ RunTime:0.000404s ]
INFO: [ view_parse ] --START--
INFO: ParseTemplate Behavior ::run [ RunTime:0.009498s ]
INFO: [ view_parse ] --END-- [ RunTime:0.009618s ]
INFO: [ view_filter ] --START--
INFO: ContentReplace Behavior ::run [ RunTime:0.000370s ]
INFO: TokenBuild Behavior ::run [ RunTime:0.000339s ]
INFO: WriteHtmlCache Behavior ::run [ RunTime:0.000260s ]
INFO: ShowRuntime Behavior ::run [ RunTime:0.000383s ]
INFO: [ view_filter ] --END-- [ RunTime:0.001514s ]
INFO: [ view_end ] --START--
INFO: ShowPageTrace Behavior ::run [ RunTime:0.000500s ]
INFO: [ view_end ] --END-- [ RunTime:0.000557s ]

[ 2013-07-19T14:42:16+08:00 ] 127.0.0.1 /t_test/index.php/Main/sign
INFO: [ route_check ] --START--
INFO: CheckRoute Behavior ::run [ RunTime:0.000676s ]
INFO: [ route_check ] --END-- [ RunTime:0.000765s ]
INFO: [ app_begin ] --START--
INFO: ReadHtmlCache Behavior ::run [ RunTime:0.000481s ]
INFO: [ app_begin ] --END-- [ RunTime:0.000546s ]
NOTIC: 建议使用I方法替代_param
SQL: SHOW COLUMNS FROM `pro_sign` [ RunTime:0.021652s ]
SQL: SHOW COLUMNS FROM `pro_shistory` [ RunTime:0.003211s ]
SQL: SELECT * FROM `pro_sign` WHERE ( uid='1' AND oid='1' ) LIMIT 1   [ RunTime:0.000425s ]
NOTIC: [8] Undefined variable: msg F:\www\t_test\Lib\Action\MainAction.class.php 第 31 行.

[ 2013-07-19T14:42:17+08:00 ] 127.0.0.1 /t_test/index.php/Main/result/msg/%2C1%E5%B7%B2%E7%AD%BE%E5%88%B0.html
INFO: [ route_check ] --START--
INFO: CheckRoute Behavior ::run [ RunTime:0.001342s ]
INFO: [ route_check ] --END-- [ RunTime:0.001505s ]
INFO: [ app_begin ] --START--
INFO: ReadHtmlCache Behavior ::run [ RunTime:0.000931s ]
INFO: [ app_begin ] --END-- [ RunTime:0.001059s ]
NOTIC: 建议使用I方法替代_param
SQL: SHOW COLUMNS FROM `pro_sign` [ RunTime:0.003430s ]
SQL: SELECT * FROM `pro_sign` WHERE ( uid='1' )  [ RunTime:0.000415s ]
SQL: SHOW COLUMNS FROM `pro_shistory` [ RunTime:0.003040s ]
SQL: SELECT * FROM `pro_shistory` WHERE ( uid='1' )  [ RunTime:0.000440s ]
INFO: [ view_parse ] --START--
NOTIC: [8] Use of undefined constant item - assumed 'item' F:\www\t_test\Runtime\Cache\e9279ae90cd5b1aa5c46592bc6b64161.php 第 18 行.
NOTIC: [8] Use of undefined constant month - assumed 'month' F:\www\t_test\Runtime\Cache\e9279ae90cd5b1aa5c46592bc6b64161.php 第 18 行.
NOTIC: [8] Use of undefined constant item - assumed 'item' F:\www\t_test\Runtime\Cache\e9279ae90cd5b1aa5c46592bc6b64161.php 第 18 行.
NOTIC: [8] Use of undefined constant month - assumed 'month' F:\www\t_test\Runtime\Cache\e9279ae90cd5b1aa5c46592bc6b64161.php 第 18 行.
NOTIC: [8] Use of undefined constant item - assumed 'item' F:\www\t_test\Runtime\Cache\e9279ae90cd5b1aa5c46592bc6b64161.php 第 18 行.
NOTIC: [8] Use of undefined constant month - assumed 'month' F:\www\t_test\Runtime\Cache\e9279ae90cd5b1aa5c46592bc6b64161.php 第 18 行.
NOTIC: [8] Use of undefined constant item - assumed 'item' F:\www\t_test\Runtime\Cache\e9279ae90cd5b1aa5c46592bc6b64161.php 第 18 行.
NOTIC: [8] Use of undefined constant month - assumed 'month' F:\www\t_test\Runtime\Cache\e9279ae90cd5b1aa5c46592bc6b64161.php 第 18 行.
NOTIC: [8] Use of undefined constant item - assumed 'item' F:\www\t_test\Runtime\Cache\e9279ae90cd5b1aa5c46592bc6b64161.php 第 18 行.
NOTIC: [8] Use of undefined constant month - assumed 'month' F:\www\t_test\Runtime\Cache\e9279ae90cd5b1aa5c46592bc6b64161.php 第 18 行.
NOTIC: [8] Use of undefined constant item - assumed 'item' F:\www\t_test\Runtime\Cache\e9279ae90cd5b1aa5c46592bc6b64161.php 第 18 行.
NOTIC: [8] Use of undefined constant month - assumed 'month' F:\www\t_test\Runtime\Cache\e9279ae90cd5b1aa5c46592bc6b64161.php 第 18 行.
INFO: ParseTemplate Behavior ::run [ RunTime:0.008519s ]
INFO: [ view_parse ] --END-- [ RunTime:0.008596s ]
INFO: [ view_filter ] --START--
INFO: ContentReplace Behavior ::run [ RunTime:0.000356s ]
INFO: TokenBuild Behavior ::run [ RunTime:0.000338s ]
INFO: WriteHtmlCache Behavior ::run [ RunTime:0.000256s ]
INFO: ShowRuntime Behavior ::run [ RunTime:0.000353s ]
INFO: [ view_filter ] --END-- [ RunTime:0.001458s ]
INFO: [ view_end ] --START--
INFO: ShowPageTrace Behavior ::run [ RunTime:0.000489s ]
INFO: [ view_end ] --END-- [ RunTime:0.000546s ]

[ 2013-07-19T14:42:33+08:00 ] 127.0.0.1 /t_test/index.php/Main/sign
INFO: [ route_check ] --START--
INFO: CheckRoute Behavior ::run [ RunTime:0.000679s ]
INFO: [ route_check ] --END-- [ RunTime:0.000848s ]
INFO: [ app_begin ] --START--
INFO: ReadHtmlCache Behavior ::run [ RunTime:0.000475s ]
INFO: [ app_begin ] --END-- [ RunTime:0.000540s ]
NOTIC: 建议使用I方法替代_param
SQL: SHOW COLUMNS FROM `pro_sign` [ RunTime:0.003463s ]
SQL: SHOW COLUMNS FROM `pro_shistory` [ RunTime:0.003013s ]
SQL: SELECT * FROM `pro_sign` WHERE ( uid='1' AND oid='1' ) LIMIT 1   [ RunTime:0.000432s ]
NOTIC: [8] Undefined variable: msg F:\www\t_test\Lib\Action\MainAction.class.php 第 31 行.

[ 2013-07-19T14:42:34+08:00 ] 127.0.0.1 /t_test/index.php/Main/result/msg/%2C1%E5%B7%B2%E7%AD%BE%E5%88%B0.html
INFO: [ route_check ] --START--
INFO: CheckRoute Behavior ::run [ RunTime:0.001377s ]
INFO: [ route_check ] --END-- [ RunTime:0.001557s ]
INFO: [ app_begin ] --START--
INFO: ReadHtmlCache Behavior ::run [ RunTime:0.001318s ]
INFO: [ app_begin ] --END-- [ RunTime:0.001503s ]
NOTIC: 建议使用I方法替代_param
SQL: SHOW COLUMNS FROM `pro_sign` [ RunTime:0.003477s ]
SQL: SELECT * FROM `pro_sign` WHERE ( uid='1' )  [ RunTime:0.000425s ]
SQL: SHOW COLUMNS FROM `pro_shistory` [ RunTime:0.003168s ]
SQL: SELECT * FROM `pro_shistory` WHERE ( uid='1' )  [ RunTime:0.000457s ]
INFO: [ view_parse ] --START--
NOTIC: [2] simplexml_load_string() [<a href='function.simplexml-load-string'>function.simplexml-load-string</a>]: Entity: line 1: parser error : AttValue: &quot; or ' expected F:\www\t_test\ThinkPHP\Lib\Template\TagLib.class.php 第 84 行.
NOTIC: [2] simplexml_load_string() [<a href='function.simplexml-load-string'>function.simplexml-load-string</a>]: &lt;tpl&gt;&lt;tag start=&quot;1&quot; end={$item.month} comparison=&quot;lt&quot; name=&quot;i&quot; step=&quot;1&quot; /&gt;&lt;/tpl&gt; F:\www\t_test\ThinkPHP\Lib\Template\TagLib.class.php 第 84 行.
NOTIC: [2] simplexml_load_string() [<a href='function.simplexml-load-string'>function.simplexml-load-string</a>]:                         ^ F:\www\t_test\ThinkPHP\Lib\Template\TagLib.class.php 第 84 行.
NOTIC: [2] simplexml_load_string() [<a href='function.simplexml-load-string'>function.simplexml-load-string</a>]: Entity: line 1: parser error : attributes construct error F:\www\t_test\ThinkPHP\Lib\Template\TagLib.class.php 第 84 行.
NOTIC: [2] simplexml_load_string() [<a href='function.simplexml-load-string'>function.simplexml-load-string</a>]: &lt;tpl&gt;&lt;tag start=&quot;1&quot; end={$item.month} comparison=&quot;lt&quot; name=&quot;i&quot; step=&quot;1&quot; /&gt;&lt;/tpl&gt; F:\www\t_test\ThinkPHP\Lib\Template\TagLib.class.php 第 84 行.
NOTIC: [2] simplexml_load_string() [<a href='function.simplexml-load-string'>function.simplexml-load-string</a>]:                         ^ F:\www\t_test\ThinkPHP\Lib\Template\TagLib.class.php 第 84 行.
NOTIC: [2] simplexml_load_string() [<a href='function.simplexml-load-string'>function.simplexml-load-string</a>]: Entity: line 1: parser error : Couldn't find end of Start Tag tag line 1 F:\www\t_test\ThinkPHP\Lib\Template\TagLib.class.php 第 84 行.
NOTIC: [2] simplexml_load_string() [<a href='function.simplexml-load-string'>function.simplexml-load-string</a>]: &lt;tpl&gt;&lt;tag start=&quot;1&quot; end={$item.month} comparison=&quot;lt&quot; name=&quot;i&quot; step=&quot;1&quot; /&gt;&lt;/tpl&gt; F:\www\t_test\ThinkPHP\Lib\Template\TagLib.class.php 第 84 行.
NOTIC: [2] simplexml_load_string() [<a href='function.simplexml-load-string'>function.simplexml-load-string</a>]:                         ^ F:\www\t_test\ThinkPHP\Lib\Template\TagLib.class.php 第 84 行.
ERR: XML标签语法错误 : start="1" end={$item.month} comparison="lt" name="i" step="1"

[ 2013-07-19T14:42:57+08:00 ] 127.0.0.1 /t_test/index.php/Index/login
INFO: [ route_check ] --START--
INFO: CheckRoute Behavior ::run [ RunTime:0.000943s ]
INFO: [ route_check ] --END-- [ RunTime:0.001062s ]
INFO: [ app_begin ] --START--
INFO: ReadHtmlCache Behavior ::run [ RunTime:0.000689s ]
INFO: [ app_begin ] --END-- [ RunTime:0.000772s ]
SQL: SHOW COLUMNS FROM `pro_admin` [ RunTime:0.004589s ]
NOTIC: 建议使用I方法替代_post
NOTIC: 建议使用I方法替代_post
SQL: SELECT * FROM `pro_admin` WHERE ( name='admin' AND password='admin' ) LIMIT 1   [ RunTime:0.000589s ]

[ 2013-07-19T14:42:57+08:00 ] 127.0.0.1 /t_test/index.php/Main/main.html
INFO: [ route_check ] --START--
INFO: CheckRoute Behavior ::run [ RunTime:0.000900s ]
INFO: [ route_check ] --END-- [ RunTime:0.001012s ]
INFO: [ app_begin ] --START--
INFO: ReadHtmlCache Behavior ::run [ RunTime:0.000626s ]
INFO: [ app_begin ] --END-- [ RunTime:0.000710s ]
SQL: SHOW COLUMNS FROM `pro_options` [ RunTime:0.004138s ]
SQL: SELECT * FROM `pro_options`  [ RunTime:0.000437s ]
INFO: [ view_parse ] --START--
INFO: ParseTemplate Behavior ::run [ RunTime:0.006065s ]
INFO: [ view_parse ] --END-- [ RunTime:0.006160s ]
INFO: [ view_filter ] --START--
INFO: ContentReplace Behavior ::run [ RunTime:0.000322s ]
INFO: TokenBuild Behavior ::run [ RunTime:0.000326s ]
INFO: WriteHtmlCache Behavior ::run [ RunTime:0.000237s ]
INFO: ShowRuntime Behavior ::run [ RunTime:0.000367s ]
INFO: [ view_filter ] --END-- [ RunTime:0.001411s ]
INFO: [ view_end ] --START--
INFO: ShowPageTrace Behavior ::run [ RunTime:0.000500s ]
INFO: [ view_end ] --END-- [ RunTime:0.000558s ]

[ 2013-07-19T14:42:59+08:00 ] 127.0.0.1 /t_test/index.php/Main/sign
INFO: [ route_check ] --START--
INFO: CheckRoute Behavior ::run [ RunTime:0.000700s ]
INFO: [ route_check ] --END-- [ RunTime:0.000790s ]
INFO: [ app_begin ] --START--
INFO: ReadHtmlCache Behavior ::run [ RunTime:0.000541s ]
INFO: [ app_begin ] --END-- [ RunTime:0.000607s ]
NOTIC: 建议使用I方法替代_param
SQL: SHOW COLUMNS FROM `pro_sign` [ RunTime:0.003658s ]
SQL: SHOW COLUMNS FROM `pro_shistory` [ RunTime:0.003811s ]
SQL: SELECT * FROM `pro_sign` WHERE ( uid='1' AND oid='1' ) LIMIT 1   [ RunTime:0.000525s ]
NOTIC: [8] Undefined variable: msg F:\www\t_test\Lib\Action\MainAction.class.php 第 31 行.

[ 2013-07-19T14:43:00+08:00 ] 127.0.0.1 /t_test/index.php/Main/result/msg/%2C1%E5%B7%B2%E7%AD%BE%E5%88%B0.html
INFO: [ route_check ] --START--
INFO: CheckRoute Behavior ::run [ RunTime:0.001338s ]
INFO: [ route_check ] --END-- [ RunTime:0.001493s ]
INFO: [ app_begin ] --START--
INFO: ReadHtmlCache Behavior ::run [ RunTime:0.000928s ]
INFO: [ app_begin ] --END-- [ RunTime:0.001056s ]
NOTIC: 建议使用I方法替代_param
SQL: SHOW COLUMNS FROM `pro_sign` [ RunTime:0.003266s ]
SQL: SELECT * FROM `pro_sign` WHERE ( uid='1' )  [ RunTime:0.000394s ]
SQL: SHOW COLUMNS FROM `pro_shistory` [ RunTime:0.003234s ]
SQL: SELECT * FROM `pro_shistory` WHERE ( uid='1' )  [ RunTime:0.000468s ]
INFO: [ view_parse ] --START--

[ 2013-07-19T14:44:32+08:00 ] 127.0.0.1 /t_test/index.php/Main/sign
INFO: [ route_check ] --START--
INFO: CheckRoute Behavior ::run [ RunTime:0.000695s ]
INFO: [ route_check ] --END-- [ RunTime:0.000781s ]
INFO: [ app_begin ] --START--
INFO: ReadHtmlCache Behavior ::run [ RunTime:0.000496s ]
INFO: [ app_begin ] --END-- [ RunTime:0.000562s ]
NOTIC: 建议使用I方法替代_param
SQL: SHOW COLUMNS FROM `pro_sign` [ RunTime:0.003563s ]
SQL: SHOW COLUMNS FROM `pro_shistory` [ RunTime:0.002968s ]
SQL: SELECT * FROM `pro_sign` WHERE ( uid='1' AND oid='1' ) LIMIT 1   [ RunTime:0.000442s ]
NOTIC: [8] Undefined variable: msg F:\www\t_test\Lib\Action\MainAction.class.php 第 31 行.

[ 2013-07-19T14:44:33+08:00 ] 127.0.0.1 /t_test/index.php/Main/result/msg/%2C1%E5%B7%B2%E7%AD%BE%E5%88%B0.html
INFO: [ route_check ] --START--
INFO: CheckRoute Behavior ::run [ RunTime:0.000841s ]
INFO: [ route_check ] --END-- [ RunTime:0.000966s ]
INFO: [ app_begin ] --START--
INFO: ReadHtmlCache Behavior ::run [ RunTime:0.000576s ]
INFO: [ app_begin ] --END-- [ RunTime:0.000661s ]
NOTIC: 建议使用I方法替代_param
SQL: SHOW COLUMNS FROM `pro_sign` [ RunTime:0.004829s ]
SQL: SELECT * FROM `pro_sign` WHERE ( uid='1' )  [ RunTime:0.000510s ]
SQL: SHOW COLUMNS FROM `pro_shistory` [ RunTime:0.003869s ]
SQL: SELECT * FROM `pro_shistory` WHERE ( uid='1' )  [ RunTime:0.000376s ]
INFO: [ view_parse ] --START--
NOTIC: [8] Use of undefined constant item - assumed 'item' F:\www\t_test\Runtime\Cache\e9279ae90cd5b1aa5c46592bc6b64161.php 第 18 行.
NOTIC: [8] Use of undefined constant month - assumed 'month' F:\www\t_test\Runtime\Cache\e9279ae90cd5b1aa5c46592bc6b64161.php 第 18 行.
NOTIC: [8] Use of undefined constant item - assumed 'item' F:\www\t_test\Runtime\Cache\e9279ae90cd5b1aa5c46592bc6b64161.php 第 18 行.
NOTIC: [8] Use of undefined constant month - assumed 'month' F:\www\t_test\Runtime\Cache\e9279ae90cd5b1aa5c46592bc6b64161.php 第 18 行.
NOTIC: [8] Use of undefined constant item - assumed 'item' F:\www\t_test\Runtime\Cache\e9279ae90cd5b1aa5c46592bc6b64161.php 第 18 行.
NOTIC: [8] Use of undefined constant month - assumed 'month' F:\www\t_test\Runtime\Cache\e9279ae90cd5b1aa5c46592bc6b64161.php 第 18 行.
NOTIC: [8] Use of undefined constant item - assumed 'item' F:\www\t_test\Runtime\Cache\e9279ae90cd5b1aa5c46592bc6b64161.php 第 18 行.
NOTIC: [8] Use of undefined constant month - assumed 'month' F:\www\t_test\Runtime\Cache\e9279ae90cd5b1aa5c46592bc6b64161.php 第 18 行.
NOTIC: [8] Use of undefined constant item - assumed 'item' F:\www\t_test\Runtime\Cache\e9279ae90cd5b1aa5c46592bc6b64161.php 第 18 行.
NOTIC: [8] Use of undefined constant month - assumed 'month' F:\www\t_test\Runtime\Cache\e9279ae90cd5b1aa5c46592bc6b64161.php 第 18 行.
NOTIC: [8] Use of undefined constant item - assumed 'item' F:\www\t_test\Runtime\Cache\e9279ae90cd5b1aa5c46592bc6b64161.php 第 18 行.
NOTIC: [8] Use of undefined constant month - assumed 'month' F:\www\t_test\Runtime\Cache\e9279ae90cd5b1aa5c46592bc6b64161.php 第 18 行.
INFO: ParseTemplate Behavior ::run [ RunTime:0.009012s ]
INFO: [ view_parse ] --END-- [ RunTime:0.009101s ]
INFO: [ view_filter ] --START--
INFO: ContentReplace Behavior ::run [ RunTime:0.000333s ]
INFO: TokenBuild Behavior ::run [ RunTime:0.000312s ]
INFO: WriteHtmlCache Behavior ::run [ RunTime:0.000223s ]
INFO: ShowRuntime Behavior ::run [ RunTime:0.000353s ]
INFO: [ view_filter ] --END-- [ RunTime:0.001377s ]
INFO: [ view_end ] --START--
INFO: ShowPageTrace Behavior ::run [ RunTime:0.000464s ]
INFO: [ view_end ] --END-- [ RunTime:0.000521s ]

[ 2013-07-19T14:44:49+08:00 ] 127.0.0.1 /t_test/index.php/Main/sign
INFO: [ route_check ] --START--
INFO: CheckRoute Behavior ::run [ RunTime:0.000697s ]
INFO: [ route_check ] --END-- [ RunTime:0.000785s ]
INFO: [ app_begin ] --START--
INFO: ReadHtmlCache Behavior ::run [ RunTime:0.000494s ]
INFO: [ app_begin ] --END-- [ RunTime:0.000559s ]
NOTIC: 建议使用I方法替代_param
SQL: SHOW COLUMNS FROM `pro_sign` [ RunTime:0.004380s ]
SQL: SHOW COLUMNS FROM `pro_shistory` [ RunTime:0.003991s ]
SQL: SELECT * FROM `pro_sign` WHERE ( uid='1' AND oid='1' ) LIMIT 1   [ RunTime:0.000524s ]
NOTIC: [8] Undefined variable: msg F:\www\t_test\Lib\Action\MainAction.class.php 第 31 行.

[ 2013-07-19T14:44:50+08:00 ] 127.0.0.1 /t_test/index.php/Main/result/msg/%2C1%E5%B7%B2%E7%AD%BE%E5%88%B0.html
INFO: [ route_check ] --START--
INFO: CheckRoute Behavior ::run [ RunTime:0.000905s ]
INFO: [ route_check ] --END-- [ RunTime:0.001020s ]
INFO: [ app_begin ] --START--
INFO: ReadHtmlCache Behavior ::run [ RunTime:0.000629s ]
INFO: [ app_begin ] --END-- [ RunTime:0.000714s ]
NOTIC: 建议使用I方法替代_param
SQL: SHOW COLUMNS FROM `pro_sign` [ RunTime:0.006090s ]
SQL: SELECT * FROM `pro_sign` WHERE ( uid='1' )  [ RunTime:0.000562s ]
SQL: SHOW COLUMNS FROM `pro_shistory` [ RunTime:0.004257s ]
SQL: SELECT * FROM `pro_shistory` WHERE ( uid='1' )  [ RunTime:0.000450s ]
INFO: [ view_parse ] --START--

[ 2013-07-19T14:45:02+08:00 ] 127.0.0.1 /t_test/index.php/Main/sign
INFO: [ route_check ] --START--
INFO: CheckRoute Behavior ::run [ RunTime:0.000692s ]
INFO: [ route_check ] --END-- [ RunTime:0.000779s ]
INFO: [ app_begin ] --START--
INFO: ReadHtmlCache Behavior ::run [ RunTime:0.000484s ]
INFO: [ app_begin ] --END-- [ RunTime:0.000550s ]
NOTIC: 建议使用I方法替代_param
SQL: SHOW COLUMNS FROM `pro_sign` [ RunTime:0.003399s ]
SQL: SHOW COLUMNS FROM `pro_shistory` [ RunTime:0.003457s ]
SQL: SELECT * FROM `pro_sign` WHERE ( uid='1' AND oid='1' ) LIMIT 1   [ RunTime:0.000440s ]
NOTIC: [8] Undefined variable: msg F:\www\t_test\Lib\Action\MainAction.class.php 第 31 行.

[ 2013-07-19T14:45:03+08:00 ] 127.0.0.1 /t_test/index.php/Main/result/msg/%2C1%E5%B7%B2%E7%AD%BE%E5%88%B0.html
INFO: [ route_check ] --START--
INFO: CheckRoute Behavior ::run [ RunTime:0.001346s ]
INFO: [ route_check ] --END-- [ RunTime:0.001505s ]
INFO: [ app_begin ] --START--
INFO: ReadHtmlCache Behavior ::run [ RunTime:0.000934s ]
INFO: [ app_begin ] --END-- [ RunTime:0.001061s ]
NOTIC: 建议使用I方法替代_param
SQL: SHOW COLUMNS FROM `pro_sign` [ RunTime:0.003776s ]
SQL: SELECT * FROM `pro_sign` WHERE ( uid='1' )  [ RunTime:0.000497s ]
SQL: SHOW COLUMNS FROM `pro_shistory` [ RunTime:0.003102s ]
SQL: SELECT * FROM `pro_shistory` WHERE ( uid='1' )  [ RunTime:0.000539s ]
INFO: [ view_parse ] --START--
NOTIC: [2] simplexml_load_string() [<a href='function.simplexml-load-string'>function.simplexml-load-string</a>]: Entity: line 1: parser error : AttValue: &quot; or ' expected F:\www\t_test\ThinkPHP\Lib\Template\TagLib.class.php 第 84 行.
NOTIC: [2] simplexml_load_string() [<a href='function.simplexml-load-string'>function.simplexml-load-string</a>]: &lt;tpl&gt;&lt;tag start=&quot;1&quot; end=item['month'] comparison=&quot;lt&quot; name=&quot;i&quot; step=&quot;1&quot; /&gt;&lt;/tpl&gt; F:\www\t_test\ThinkPHP\Lib\Template\TagLib.class.php 第 84 行.
NOTIC: [2] simplexml_load_string() [<a href='function.simplexml-load-string'>function.simplexml-load-string</a>]:                         ^ F:\www\t_test\ThinkPHP\Lib\Template\TagLib.class.php 第 84 行.
NOTIC: [2] simplexml_load_string() [<a href='function.simplexml-load-string'>function.simplexml-load-string</a>]: Entity: line 1: parser error : attributes construct error F:\www\t_test\ThinkPHP\Lib\Template\TagLib.class.php 第 84 行.
NOTIC: [2] simplexml_load_string() [<a href='function.simplexml-load-string'>function.simplexml-load-string</a>]: &lt;tpl&gt;&lt;tag start=&quot;1&quot; end=item['month'] comparison=&quot;lt&quot; name=&quot;i&quot; step=&quot;1&quot; /&gt;&lt;/tpl&gt; F:\www\t_test\ThinkPHP\Lib\Template\TagLib.class.php 第 84 行.
NOTIC: [2] simplexml_load_string() [<a href='function.simplexml-load-string'>function.simplexml-load-string</a>]:                         ^ F:\www\t_test\ThinkPHP\Lib\Template\TagLib.class.php 第 84 行.
NOTIC: [2] simplexml_load_string() [<a href='function.simplexml-load-string'>function.simplexml-load-string</a>]: Entity: line 1: parser error : Couldn't find end of Start Tag tag line 1 F:\www\t_test\ThinkPHP\Lib\Template\TagLib.class.php 第 84 行.
NOTIC: [2] simplexml_load_string() [<a href='function.simplexml-load-string'>function.simplexml-load-string</a>]: &lt;tpl&gt;&lt;tag start=&quot;1&quot; end=item['month'] comparison=&quot;lt&quot; name=&quot;i&quot; step=&quot;1&quot; /&gt;&lt;/tpl&gt; F:\www\t_test\ThinkPHP\Lib\Template\TagLib.class.php 第 84 行.
NOTIC: [2] simplexml_load_string() [<a href='function.simplexml-load-string'>function.simplexml-load-string</a>]:                         ^ F:\www\t_test\ThinkPHP\Lib\Template\TagLib.class.php 第 84 行.
ERR: XML标签语法错误 : start="1" end=item['month'] comparison="lt" name="i" step="1"

[ 2013-07-19T14:45:19+08:00 ] 127.0.0.1 /t_test/index.php/Main/sign
INFO: [ route_check ] --START--
INFO: CheckRoute Behavior ::run [ RunTime:0.000666s ]
INFO: [ route_check ] --END-- [ RunTime:0.000751s ]
INFO: [ app_begin ] --START--
INFO: ReadHtmlCache Behavior ::run [ RunTime:0.000435s ]
INFO: [ app_begin ] --END-- [ RunTime:0.000495s ]
NOTIC: 建议使用I方法替代_param
SQL: SHOW COLUMNS FROM `pro_sign` [ RunTime:0.003278s ]
SQL: SHOW COLUMNS FROM `pro_shistory` [ RunTime:0.003546s ]
SQL: SELECT * FROM `pro_sign` WHERE ( uid='1' AND oid='1' ) LIMIT 1   [ RunTime:0.000416s ]
NOTIC: [8] Undefined variable: msg F:\www\t_test\Lib\Action\MainAction.class.php 第 31 行.

[ 2013-07-19T14:45:20+08:00 ] 127.0.0.1 /t_test/index.php/Main/result/msg/%2C1%E5%B7%B2%E7%AD%BE%E5%88%B0.html
INFO: [ route_check ] --START--
INFO: CheckRoute Behavior ::run [ RunTime:0.001346s ]
INFO: [ route_check ] --END-- [ RunTime:0.001508s ]
INFO: [ app_begin ] --START--
INFO: ReadHtmlCache Behavior ::run [ RunTime:0.000929s ]
INFO: [ app_begin ] --END-- [ RunTime:0.001056s ]
NOTIC: 建议使用I方法替代_param
SQL: SHOW COLUMNS FROM `pro_sign` [ RunTime:0.003243s ]
SQL: SELECT * FROM `pro_sign` WHERE ( uid='1' )  [ RunTime:0.000419s ]
SQL: SHOW COLUMNS FROM `pro_shistory` [ RunTime:0.003068s ]
SQL: SELECT * FROM `pro_shistory` WHERE ( uid='1' )  [ RunTime:0.000418s ]
INFO: [ view_parse ] --START--
NOTIC: [2] simplexml_load_string() [<a href='function.simplexml-load-string'>function.simplexml-load-string</a>]: Entity: line 1: parser error : Unescaped '&lt;' not allowed in attributes values F:\www\t_test\ThinkPHP\Lib\Template\TagLib.class.php 第 84 行.
NOTIC: [2] simplexml_load_string() [<a href='function.simplexml-load-string'>function.simplexml-load-string</a>]: &lt;tpl&gt;&lt;tag start=&quot;1&quot; end=&quot;item- /&gt;&lt;/tpl&gt; F:\www\t_test\ThinkPHP\Lib\Template\TagLib.class.php 第 84 行.
NOTIC: [2] simplexml_load_string() [<a href='function.simplexml-load-string'>function.simplexml-load-string</a>]:                                  ^ F:\www\t_test\ThinkPHP\Lib\Template\TagLib.class.php 第 84 行.
NOTIC: [2] simplexml_load_string() [<a href='function.simplexml-load-string'>function.simplexml-load-string</a>]: Entity: line 1: parser error : attributes construct error F:\www\t_test\ThinkPHP\Lib\Template\TagLib.class.php 第 84 行.
NOTIC: [2] simplexml_load_string() [<a href='function.simplexml-load-string'>function.simplexml-load-string</a>]: &lt;tpl&gt;&lt;tag start=&quot;1&quot; end=&quot;item- /&gt;&lt;/tpl&gt; F:\www\t_test\ThinkPHP\Lib\Template\TagLib.class.php 第 84 行.
NOTIC: [2] simplexml_load_string() [<a href='function.simplexml-load-string'>function.simplexml-load-string</a>]:                                  ^ F:\www\t_test\ThinkPHP\Lib\Template\TagLib.class.php 第 84 行.
NOTIC: [2] simplexml_load_string() [<a href='function.simplexml-load-string'>function.simplexml-load-string</a>]: Entity: line 1: parser error : Couldn't find end of Start Tag tag line 1 F:\www\t_test\ThinkPHP\Lib\Template\TagLib.class.php 第 84 行.
NOTIC: [2] simplexml_load_string() [<a href='function.simplexml-load-string'>function.simplexml-load-string</a>]: &lt;tpl&gt;&lt;tag start=&quot;1&quot; end=&quot;item- /&gt;&lt;/tpl&gt; F:\www\t_test\ThinkPHP\Lib\Template\TagLib.class.php 第 84 行.
NOTIC: [2] simplexml_load_string() [<a href='function.simplexml-load-string'>function.simplexml-load-string</a>]:                                  ^ F:\www\t_test\ThinkPHP\Lib\Template\TagLib.class.php 第 84 行.
ERR: XML标签语法错误 : start="1" end="item-

[ 2013-07-19T14:45:36+08:00 ] 127.0.0.1 /t_test/index.php/Main/sign
INFO: [ route_check ] --START--
INFO: CheckRoute Behavior ::run [ RunTime:0.000828s ]
INFO: [ route_check ] --END-- [ RunTime:0.000913s ]
INFO: [ app_begin ] --START--
INFO: ReadHtmlCache Behavior ::run [ RunTime:0.000446s ]
INFO: [ app_begin ] --END-- [ RunTime:0.000505s ]
NOTIC: 建议使用I方法替代_param
SQL: SHOW COLUMNS FROM `pro_sign` [ RunTime:0.003481s ]
SQL: SHOW COLUMNS FROM `pro_shistory` [ RunTime:0.003222s ]
SQL: SELECT * FROM `pro_sign` WHERE ( uid='1' AND oid='1' ) LIMIT 1   [ RunTime:0.000381s ]
NOTIC: [8] Undefined variable: msg F:\www\t_test\Lib\Action\MainAction.class.php 第 31 行.

[ 2013-07-19T14:45:37+08:00 ] 127.0.0.1 /t_test/index.php/Main/result/msg/%2C1%E5%B7%B2%E7%AD%BE%E5%88%B0.html
INFO: [ route_check ] --START--
INFO: CheckRoute Behavior ::run [ RunTime:0.001343s ]
INFO: [ route_check ] --END-- [ RunTime:0.001504s ]
INFO: [ app_begin ] --START--
INFO: ReadHtmlCache Behavior ::run [ RunTime:0.000936s ]
INFO: [ app_begin ] --END-- [ RunTime:0.001063s ]
NOTIC: 建议使用I方法替代_param
SQL: SHOW COLUMNS FROM `pro_sign` [ RunTime:0.004478s ]
SQL: SELECT * FROM `pro_sign` WHERE ( uid='1' )  [ RunTime:0.000465s ]
SQL: SHOW COLUMNS FROM `pro_shistory` [ RunTime:0.003563s ]
SQL: SELECT * FROM `pro_shistory` WHERE ( uid='1' )  [ RunTime:0.000446s ]
INFO: [ view_parse ] --START--
NOTIC: [8] Trying to get property of non-object F:\www\t_test\Runtime\Cache\e9279ae90cd5b1aa5c46592bc6b64161.php 第 17 行.
NOTIC: [8] Trying to get property of non-object F:\www\t_test\Runtime\Cache\e9279ae90cd5b1aa5c46592bc6b64161.php 第 17 行.
NOTIC: [8] Trying to get property of non-object F:\www\t_test\Runtime\Cache\e9279ae90cd5b1aa5c46592bc6b64161.php 第 17 行.
NOTIC: [8] Trying to get property of non-object F:\www\t_test\Runtime\Cache\e9279ae90cd5b1aa5c46592bc6b64161.php 第 17 行.
NOTIC: [8] Trying to get property of non-object F:\www\t_test\Runtime\Cache\e9279ae90cd5b1aa5c46592bc6b64161.php 第 17 行.
NOTIC: [8] Trying to get property of non-object F:\www\t_test\Runtime\Cache\e9279ae90cd5b1aa5c46592bc6b64161.php 第 17 行.
INFO: ParseTemplate Behavior ::run [ RunTime:0.010154s ]
INFO: [ view_parse ] --END-- [ RunTime:0.010241s ]
INFO: [ view_filter ] --START--
INFO: ContentReplace Behavior ::run [ RunTime:0.000424s ]
INFO: TokenBuild Behavior ::run [ RunTime:0.000398s ]
INFO: WriteHtmlCache Behavior ::run [ RunTime:0.000302s ]
INFO: ShowRuntime Behavior ::run [ RunTime:0.000448s ]
INFO: [ view_filter ] --END-- [ RunTime:0.001751s ]
INFO: [ view_end ] --START--
INFO: ShowPageTrace Behavior ::run [ RunTime:0.000576s ]
INFO: [ view_end ] --END-- [ RunTime:0.000641s ]

[ 2013-07-19T14:45:57+08:00 ] 127.0.0.1 /t_test/index.php/Main/sign
INFO: [ route_check ] --START--
INFO: CheckRoute Behavior ::run [ RunTime:0.000697s ]
INFO: [ route_check ] --END-- [ RunTime:0.000785s ]
INFO: [ app_begin ] --START--
INFO: ReadHtmlCache Behavior ::run [ RunTime:0.000574s ]
INFO: [ app_begin ] --END-- [ RunTime:0.000674s ]
NOTIC: 建议使用I方法替代_param
SQL: SHOW COLUMNS FROM `pro_sign` [ RunTime:0.003690s ]
SQL: SHOW COLUMNS FROM `pro_shistory` [ RunTime:0.003420s ]
SQL: SELECT * FROM `pro_sign` WHERE ( uid='1' AND oid='1' ) LIMIT 1   [ RunTime:0.000422s ]
NOTIC: [8] Undefined variable: msg F:\www\t_test\Lib\Action\MainAction.class.php 第 31 行.

[ 2013-07-19T14:45:58+08:00 ] 127.0.0.1 /t_test/index.php/Main/result/msg/%2C1%E5%B7%B2%E7%AD%BE%E5%88%B0.html
INFO: [ route_check ] --START--
INFO: CheckRoute Behavior ::run [ RunTime:0.001407s ]
INFO: [ route_check ] --END-- [ RunTime:0.001574s ]
INFO: [ app_begin ] --START--
INFO: ReadHtmlCache Behavior ::run [ RunTime:0.000934s ]
INFO: [ app_begin ] --END-- [ RunTime:0.001062s ]
NOTIC: 建议使用I方法替代_param
SQL: SHOW COLUMNS FROM `pro_sign` [ RunTime:0.004029s ]
SQL: SELECT * FROM `pro_sign` WHERE ( uid='1' )  [ RunTime:0.000401s ]
SQL: SHOW COLUMNS FROM `pro_shistory` [ RunTime:0.002976s ]
SQL: SELECT * FROM `pro_shistory` WHERE ( uid='1' )  [ RunTime:0.000404s ]
INFO: [ view_parse ] --START--
INFO: ParseTemplate Behavior ::run [ RunTime:0.008291s ]
INFO: [ view_parse ] --END-- [ RunTime:0.008417s ]
INFO: [ view_filter ] --START--
INFO: ContentReplace Behavior ::run [ RunTime:0.000553s ]
INFO: TokenBuild Behavior ::run [ RunTime:0.000594s ]
INFO: WriteHtmlCache Behavior ::run [ RunTime:0.000381s ]
INFO: ShowRuntime Behavior ::run [ RunTime:0.000537s ]
INFO: [ view_filter ] --END-- [ RunTime:0.002338s ]
INFO: [ view_end ] --START--
INFO: ShowPageTrace Behavior ::run [ RunTime:0.000527s ]
INFO: [ view_end ] --END-- [ RunTime:0.000601s ]

[ 2013-07-19T14:46:07+08:00 ] 127.0.0.1 /t_test/index.php/Main/sign
INFO: [ route_check ] --START--
INFO: CheckRoute Behavior ::run [ RunTime:0.000694s ]
INFO: [ route_check ] --END-- [ RunTime:0.000778s ]
INFO: [ app_begin ] --START--
INFO: ReadHtmlCache Behavior ::run [ RunTime:0.000498s ]
INFO: [ app_begin ] --END-- [ RunTime:0.000563s ]
NOTIC: 建议使用I方法替代_param
SQL: SHOW COLUMNS FROM `pro_sign` [ RunTime:0.003460s ]
SQL: SHOW COLUMNS FROM `pro_shistory` [ RunTime:0.002883s ]
SQL: SELECT * FROM `pro_sign` WHERE ( uid='1' AND oid='1' ) LIMIT 1   [ RunTime:0.000347s ]
NOTIC: [8] Undefined variable: msg F:\www\t_test\Lib\Action\MainAction.class.php 第 31 行.

[ 2013-07-19T14:46:08+08:00 ] 127.0.0.1 /t_test/index.php/Main/result/msg/%2C1%E5%B7%B2%E7%AD%BE%E5%88%B0.html
INFO: [ route_check ] --START--
INFO: CheckRoute Behavior ::run [ RunTime:0.000844s ]
INFO: [ route_check ] --END-- [ RunTime:0.000949s ]
INFO: [ app_begin ] --START--
INFO: ReadHtmlCache Behavior ::run [ RunTime:0.000591s ]
INFO: [ app_begin ] --END-- [ RunTime:0.000670s ]
NOTIC: 建议使用I方法替代_param
SQL: SHOW COLUMNS FROM `pro_sign` [ RunTime:0.004231s ]
SQL: SELECT * FROM `pro_sign` WHERE ( uid='1' )  [ RunTime:0.000564s ]
SQL: SHOW COLUMNS FROM `pro_shistory` [ RunTime:0.004227s ]
SQL: SELECT * FROM `pro_shistory` WHERE ( uid='1' )  [ RunTime:0.000470s ]
INFO: [ view_parse ] --START--
INFO: ParseTemplate Behavior ::run [ RunTime:0.009020s ]
INFO: [ view_parse ] --END-- [ RunTime:0.009119s ]
INFO: [ view_filter ] --START--
INFO: ContentReplace Behavior ::run [ RunTime:0.000351s ]
INFO: TokenBuild Behavior ::run [ RunTime:0.000338s ]
INFO: WriteHtmlCache Behavior ::run [ RunTime:0.000257s ]
INFO: ShowRuntime Behavior ::run [ RunTime:0.000383s ]
INFO: [ view_filter ] --END-- [ RunTime:0.001491s ]
INFO: [ view_end ] --START--
INFO: ShowPageTrace Behavior ::run [ RunTime:0.000495s ]
INFO: [ view_end ] --END-- [ RunTime:0.000552s ]

[ 2013-07-19T14:46:31+08:00 ] 127.0.0.1 /t_test/index.php/Main/sign
INFO: [ route_check ] --START--
INFO: CheckRoute Behavior ::run [ RunTime:0.000694s ]
INFO: [ route_check ] --END-- [ RunTime:0.000781s ]
INFO: [ app_begin ] --START--
INFO: ReadHtmlCache Behavior ::run [ RunTime:0.000506s ]
INFO: [ app_begin ] --END-- [ RunTime:0.000572s ]
NOTIC: 建议使用I方法替代_param
SQL: SHOW COLUMNS FROM `pro_sign` [ RunTime:0.003759s ]
SQL: SHOW COLUMNS FROM `pro_shistory` [ RunTime:0.003543s ]
SQL: SELECT * FROM `pro_sign` WHERE ( uid='1' AND oid='1' ) LIMIT 1   [ RunTime:0.000376s ]
NOTIC: [8] Undefined variable: msg F:\www\t_test\Lib\Action\MainAction.class.php 第 31 行.

[ 2013-07-19T14:46:32+08:00 ] 127.0.0.1 /t_test/index.php/Main/result/msg/%2C1%E5%B7%B2%E7%AD%BE%E5%88%B0.html
INFO: [ route_check ] --START--
INFO: CheckRoute Behavior ::run [ RunTime:0.001337s ]
INFO: [ route_check ] --END-- [ RunTime:0.001494s ]
INFO: [ app_begin ] --START--
INFO: ReadHtmlCache Behavior ::run [ RunTime:0.000937s ]
INFO: [ app_begin ] --END-- [ RunTime:0.001064s ]
NOTIC: 建议使用I方法替代_param
SQL: SHOW COLUMNS FROM `pro_sign` [ RunTime:0.004720s ]
SQL: SELECT * FROM `pro_sign` WHERE ( uid='1' )  [ RunTime:0.000503s ]
SQL: SHOW COLUMNS FROM `pro_shistory` [ RunTime:0.004050s ]
SQL: SELECT * FROM `pro_shistory` WHERE ( uid='1' )  [ RunTime:0.000470s ]
INFO: [ view_parse ] --START--
NOTIC: [8] Trying to get property of non-object F:\www\t_test\Runtime\Cache\e9279ae90cd5b1aa5c46592bc6b64161.php 第 17 行.
NOTIC: [8] Trying to get property of non-object F:\www\t_test\Runtime\Cache\e9279ae90cd5b1aa5c46592bc6b64161.php 第 17 行.
NOTIC: [8] Trying to get property of non-object F:\www\t_test\Runtime\Cache\e9279ae90cd5b1aa5c46592bc6b64161.php 第 17 行.
NOTIC: [8] Trying to get property of non-object F:\www\t_test\Runtime\Cache\e9279ae90cd5b1aa5c46592bc6b64161.php 第 17 行.
NOTIC: [8] Trying to get property of non-object F:\www\t_test\Runtime\Cache\e9279ae90cd5b1aa5c46592bc6b64161.php 第 17 行.
NOTIC: [8] Trying to get property of non-object F:\www\t_test\Runtime\Cache\e9279ae90cd5b1aa5c46592bc6b64161.php 第 17 行.
INFO: ParseTemplate Behavior ::run [ RunTime:0.012379s ]
INFO: [ view_parse ] --END-- [ RunTime:0.012482s ]
INFO: [ view_filter ] --START--
INFO: ContentReplace Behavior ::run [ RunTime:0.000498s ]
INFO: TokenBuild Behavior ::run [ RunTime:0.000477s ]
INFO: WriteHtmlCache Behavior ::run [ RunTime:0.000360s ]
INFO: ShowRuntime Behavior ::run [ RunTime:0.000597s ]
INFO: [ view_filter ] --END-- [ RunTime:0.002174s ]
INFO: [ view_end ] --START--
INFO: ShowPageTrace Behavior ::run [ RunTime:0.000718s ]
INFO: [ view_end ] --END-- [ RunTime:0.000799s ]

[ 2013-07-19T14:46:55+08:00 ] 127.0.0.1 /t_test/index.php/Main/sign
INFO: [ route_check ] --START--
INFO: CheckRoute Behavior ::run [ RunTime:0.000697s ]
INFO: [ route_check ] --END-- [ RunTime:0.000786s ]
INFO: [ app_begin ] --START--
INFO: ReadHtmlCache Behavior ::run [ RunTime:0.000493s ]
INFO: [ app_begin ] --END-- [ RunTime:0.000558s ]
NOTIC: 建议使用I方法替代_param
SQL: SHOW COLUMNS FROM `pro_sign` [ RunTime:0.003720s ]
SQL: SHOW COLUMNS FROM `pro_shistory` [ RunTime:0.003937s ]
SQL: SELECT * FROM `pro_sign` WHERE ( uid='1' AND oid='1' ) LIMIT 1   [ RunTime:0.000501s ]
NOTIC: [8] Undefined variable: msg F:\www\t_test\Lib\Action\MainAction.class.php 第 31 行.

[ 2013-07-19T14:46:56+08:00 ] 127.0.0.1 /t_test/index.php/Main/result/msg/%2C1%E5%B7%B2%E7%AD%BE%E5%88%B0.html
INFO: [ route_check ] --START--
INFO: CheckRoute Behavior ::run [ RunTime:0.001345s ]
INFO: [ route_check ] --END-- [ RunTime:0.001509s ]
INFO: [ app_begin ] --START--
INFO: ReadHtmlCache Behavior ::run [ RunTime:0.000940s ]
INFO: [ app_begin ] --END-- [ RunTime:0.001068s ]
NOTIC: 建议使用I方法替代_param
SQL: SHOW COLUMNS FROM `pro_sign` [ RunTime:0.004012s ]
SQL: SELECT * FROM `pro_sign` WHERE ( uid='1' )  [ RunTime:0.000461s ]
SQL: SHOW COLUMNS FROM `pro_shistory` [ RunTime:0.002900s ]
SQL: SELECT * FROM `pro_shistory` WHERE ( uid='1' )  [ RunTime:0.000279s ]
INFO: [ view_parse ] --START--
INFO: ParseTemplate Behavior ::run [ RunTime:0.008315s ]
INFO: [ view_parse ] --END-- [ RunTime:0.008457s ]
INFO: [ view_filter ] --START--
INFO: ContentReplace Behavior ::run [ RunTime:0.000386s ]
INFO: TokenBuild Behavior ::run [ RunTime:0.000339s ]
INFO: WriteHtmlCache Behavior ::run [ RunTime:0.000248s ]
INFO: ShowRuntime Behavior ::run [ RunTime:0.000369s ]
INFO: [ view_filter ] --END-- [ RunTime:0.001525s ]
INFO: [ view_end ] --START--
INFO: ShowPageTrace Behavior ::run [ RunTime:0.000505s ]
INFO: [ view_end ] --END-- [ RunTime:0.000563s ]

[ 2013-07-19T14:47:38+08:00 ] 127.0.0.1 /t_test/index.php/Main/sign
INFO: [ route_check ] --START--
INFO: CheckRoute Behavior ::run [ RunTime:0.000688s ]
INFO: [ route_check ] --END-- [ RunTime:0.000777s ]
INFO: [ app_begin ] --START--
INFO: ReadHtmlCache Behavior ::run [ RunTime:0.000498s ]
INFO: [ app_begin ] --END-- [ RunTime:0.000563s ]
NOTIC: 建议使用I方法替代_param
SQL: SHOW COLUMNS FROM `pro_sign` [ RunTime:0.003573s ]
SQL: SHOW COLUMNS FROM `pro_shistory` [ RunTime:0.002855s ]
SQL: SELECT * FROM `pro_sign` WHERE ( uid='1' AND oid='1' ) LIMIT 1   [ RunTime:0.000438s ]
NOTIC: [8] Undefined variable: msg F:\www\t_test\Lib\Action\MainAction.class.php 第 31 行.

[ 2013-07-19T14:47:39+08:00 ] 127.0.0.1 /t_test/index.php/Main/result/msg/%2C1%E5%B7%B2%E7%AD%BE%E5%88%B0.html
INFO: [ route_check ] --START--
INFO: CheckRoute Behavior ::run [ RunTime:0.001335s ]
INFO: [ route_check ] --END-- [ RunTime:0.001492s ]
INFO: [ app_begin ] --START--
INFO: ReadHtmlCache Behavior ::run [ RunTime:0.000932s ]
INFO: [ app_begin ] --END-- [ RunTime:0.001059s ]
NOTIC: 建议使用I方法替代_param
SQL: SHOW COLUMNS FROM `pro_sign` [ RunTime:0.003498s ]
SQL: SELECT * FROM `pro_sign` WHERE ( uid='1' )  [ RunTime:0.000304s ]
SQL: SHOW COLUMNS FROM `pro_shistory` [ RunTime:0.003054s ]
SQL: SELECT * FROM `pro_shistory` WHERE ( uid='1' )  [ RunTime:0.000344s ]
INFO: [ view_parse ] --START--
INFO: ParseTemplate Behavior ::run [ RunTime:0.010942s ]
INFO: [ view_parse ] --END-- [ RunTime:0.011057s ]
INFO: [ view_filter ] --START--
INFO: ContentReplace Behavior ::run [ RunTime:0.000359s ]
INFO: TokenBuild Behavior ::run [ RunTime:0.000337s ]
INFO: WriteHtmlCache Behavior ::run [ RunTime:0.000255s ]
INFO: ShowRuntime Behavior ::run [ RunTime:0.000380s ]
INFO: [ view_filter ] --END-- [ RunTime:0.001493s ]
INFO: [ view_end ] --START--
INFO: ShowPageTrace Behavior ::run [ RunTime:0.000578s ]
INFO: [ view_end ] --END-- [ RunTime:0.000663s ]

[ 2013-07-19T14:51:27+08:00 ] 127.0.0.1 /t_test/index.php/Main/sign
INFO: [ route_check ] --START--
INFO: CheckRoute Behavior ::run [ RunTime:0.000703s ]
INFO: [ route_check ] --END-- [ RunTime:0.000794s ]
INFO: [ app_begin ] --START--
INFO: ReadHtmlCache Behavior ::run [ RunTime:0.000497s ]
INFO: [ app_begin ] --END-- [ RunTime:0.000562s ]
NOTIC: 建议使用I方法替代_param
SQL: SHOW COLUMNS FROM `pro_sign` [ RunTime:0.003671s ]
SQL: SHOW COLUMNS FROM `pro_shistory` [ RunTime:0.003728s ]
SQL: SELECT * FROM `pro_sign` WHERE ( uid='1' AND oid='1' ) LIMIT 1   [ RunTime:0.000542s ]
NOTIC: [8] Undefined variable: msg F:\www\t_test\Lib\Action\MainAction.class.php 第 31 行.

[ 2013-07-19T14:51:28+08:00 ] 127.0.0.1 /t_test/index.php/Main/result/msg/%2C1%E5%B7%B2%E7%AD%BE%E5%88%B0.html
INFO: [ route_check ] --START--
INFO: CheckRoute Behavior ::run [ RunTime:0.001340s ]
INFO: [ route_check ] --END-- [ RunTime:0.001503s ]
INFO: [ app_begin ] --START--
INFO: ReadHtmlCache Behavior ::run [ RunTime:0.000930s ]
INFO: [ app_begin ] --END-- [ RunTime:0.001058s ]
NOTIC: 建议使用I方法替代_param
SQL: SHOW COLUMNS FROM `pro_sign` [ RunTime:0.006611s ]
SQL: SELECT * FROM `pro_sign` WHERE ( uid='1' )  [ RunTime:0.000667s ]
SQL: SHOW COLUMNS FROM `pro_shistory` [ RunTime:0.006150s ]
SQL: SELECT * FROM `pro_shistory` WHERE ( uid='1' )  [ RunTime:0.000626s ]
INFO: [ view_parse ] --START--
INFO: ParseTemplate Behavior ::run [ RunTime:0.011140s ]
INFO: [ view_parse ] --END-- [ RunTime:0.011273s ]
INFO: [ view_filter ] --START--
INFO: ContentReplace Behavior ::run [ RunTime:0.000434s ]
INFO: TokenBuild Behavior ::run [ RunTime:0.000412s ]
INFO: WriteHtmlCache Behavior ::run [ RunTime:0.000313s ]
INFO: ShowRuntime Behavior ::run [ RunTime:0.000474s ]
INFO: [ view_filter ] --END-- [ RunTime:0.001823s ]
INFO: [ view_end ] --START--
INFO: ShowPageTrace Behavior ::run [ RunTime:0.000594s ]
INFO: [ view_end ] --END-- [ RunTime:0.000662s ]

