[ 2013-07-17T22:40:25+08:00 ] 127.0.0.1 /t_test/index.php/Main/sign
INFO: [ route_check ] --START--
INFO: CheckRoute Behavior ::run [ RunTime:0.001268s ]
INFO: [ route_check ] --END-- [ RunTime:0.001378s ]
INFO: [ app_begin ] --START--
INFO: ReadHtmlCache Behavior ::run [ RunTime:0.001105s ]
INFO: [ app_begin ] --END-- [ RunTime:0.001202s ]
NOTIC: 建议使用I方法替代_param
SQL: SHOW COLUMNS FROM `pro_sign` [ RunTime:0.006041s ]
SQL: SHOW COLUMNS FROM `pro_shistory` [ RunTime:0.005690s ]
SQL: SELECT * FROM `pro_sign` WHERE ( uid='1' AND oid='1' ) LIMIT 1   [ RunTime:0.000494s ]
SQL: UPDATE `pro_sign` SET `uid`=1,`oid`=1,`scount`=2,`slastdate`='2013-07-17' WHERE ( `id` = 6 ) [ RunTime:0.158184s ]
SQL: SELECT * FROM `pro_shistory` WHERE ( uid='1' AND oid='1' ) LIMIT 1   [ RunTime:0.000579s ]
NOTIC: [8] Undefined variable: msg F:\www\t_test\Lib\Action\MainAction.class.php 第 39 行.
SQL: SELECT * FROM `pro_sign` WHERE ( uid='1' AND oid='2' ) LIMIT 1   [ RunTime:0.000614s ]
SQL: UPDATE `pro_sign` SET `uid`=1,`oid`=2,`scount`=2,`slastdate`='2013-07-17' WHERE ( `id` = 7 ) [ RunTime:0.163209s ]
SQL: SELECT * FROM `pro_shistory` WHERE ( uid='1' AND oid='2' ) LIMIT 1   [ RunTime:0.000575s ]
NOTIC: [8] Use of undefined constant main - assumed 'main' F:\www\t_test\Lib\Action\MainAction.class.php 第 52 行.
INFO: [ view_parse ] --START--
NOTIC: [8] Undefined variable: list F:\www\t_test\Runtime\Cache\38dd2411953184a9684bc2acd0771941.php 第 11 行.
INFO: ParseTemplate Behavior ::run [ RunTime:0.019400s ]
INFO: [ view_parse ] --END-- [ RunTime:0.019549s ]
INFO: [ view_filter ] --START--
INFO: ContentReplace Behavior ::run [ RunTime:0.000908s ]
INFO: TokenBuild Behavior ::run [ RunTime:0.000979s ]
INFO: WriteHtmlCache Behavior ::run [ RunTime:0.000606s ]
INFO: ShowRuntime Behavior ::run [ RunTime:0.000922s ]
INFO: [ view_filter ] --END-- [ RunTime:0.003614s ]
INFO: [ view_end ] --START--
INFO: ShowPageTrace Behavior ::run [ RunTime:0.000965s ]
INFO: [ view_end ] --END-- [ RunTime:0.001036s ]

[ 2013-07-17T11:12:40+08:00 ] 127.0.0.1 /t_test/
INFO: [ app_begin ] --START--
INFO: ReadHtmlCache Behavior ::run [ RunTime:0.001543s ]
INFO: [ app_begin ] --END-- [ RunTime:0.001676s ]
INFO: [ view_parse ] --START--
INFO: ParseTemplate Behavior ::run [ RunTime:0.018718s ]
INFO: [ view_parse ] --END-- [ RunTime:0.018872s ]
INFO: [ view_filter ] --START--
INFO: ContentReplace Behavior ::run [ RunTime:0.001113s ]
INFO: TokenBuild Behavior ::run [ RunTime:0.001041s ]
INFO: WriteHtmlCache Behavior ::run [ RunTime:0.000904s ]
INFO: ShowRuntime Behavior ::run [ RunTime:0.001095s ]
INFO: [ view_filter ] --END-- [ RunTime:0.004338s ]
INFO: [ view_end ] --START--
INFO: ShowPageTrace Behavior ::run [ RunTime:0.001104s ]
INFO: [ view_end ] --END-- [ RunTime:0.001200s ]

[ 2013-07-17T11:12:44+08:00 ] 127.0.0.1 /t_test/index.php/Index/login
INFO: [ route_check ] --START--
INFO: CheckRoute Behavior ::run [ RunTime:0.026940s ]
INFO: [ route_check ] --END-- [ RunTime:0.027082s ]
INFO: [ app_begin ] --START--
INFO: ReadHtmlCache Behavior ::run [ RunTime:0.000777s ]
INFO: [ app_begin ] --END-- [ RunTime:0.000863s ]
SQL: SHOW COLUMNS FROM `pro_admin` [ RunTime:0.071989s ]
NOTIC: 建议使用I方法替代_post
NOTIC: 建议使用I方法替代_post
SQL: SELECT * FROM `pro_admin` WHERE ( name='admin' AND password='admin' ) LIMIT 1   [ RunTime:0.012446s ]

[ 2013-07-17T11:12:45+08:00 ] 127.0.0.1 /t_test/index.php/Main/main.html
INFO: [ route_check ] --START--
INFO: CheckRoute Behavior ::run [ RunTime:0.000974s ]
INFO: [ route_check ] --END-- [ RunTime:0.001168s ]
INFO: [ app_begin ] --START--
INFO: ReadHtmlCache Behavior ::run [ RunTime:0.000713s ]
INFO: [ app_begin ] --END-- [ RunTime:0.000796s ]
SQL: SHOW COLUMNS FROM `pro_options` [ RunTime:0.007072s ]
SQL: SELECT * FROM `pro_options`  [ RunTime:0.000454s ]
INFO: [ view_parse ] --START--
INFO: ParseTemplate Behavior ::run [ RunTime:0.008557s ]
INFO: [ view_parse ] --END-- [ RunTime:0.008686s ]
INFO: [ view_filter ] --START--
INFO: ContentReplace Behavior ::run [ RunTime:0.000401s ]
INFO: TokenBuild Behavior ::run [ RunTime:0.000415s ]
INFO: WriteHtmlCache Behavior ::run [ RunTime:0.000286s ]
INFO: ShowRuntime Behavior ::run [ RunTime:0.000637s ]
INFO: [ view_filter ] --END-- [ RunTime:0.001961s ]
INFO: [ view_end ] --START--
INFO: ShowPageTrace Behavior ::run [ RunTime:0.000793s ]
INFO: [ view_end ] --END-- [ RunTime:0.000891s ]

[ 2013-07-17T11:12:47+08:00 ] 127.0.0.1 /t_test/index.php/Main/sign
INFO: [ route_check ] --START--
INFO: CheckRoute Behavior ::run [ RunTime:0.000751s ]
INFO: [ route_check ] --END-- [ RunTime:0.000855s ]
INFO: [ app_begin ] --START--
INFO: ReadHtmlCache Behavior ::run [ RunTime:0.000512s ]
INFO: [ app_begin ] --END-- [ RunTime:0.000582s ]
NOTIC: 建议使用I方法替代_param
SQL: SHOW COLUMNS FROM `pro_sign` [ RunTime:0.006470s ]
SQL: SHOW COLUMNS FROM `pro_shistory` [ RunTime:0.006904s ]
SQL: SELECT * FROM `pro_sign` WHERE ( uid='1' AND oid='1' ) LIMIT 1   [ RunTime:0.190348s ]
SQL: UPDATE `pro_sign` SET `uid`=1,`oid`=1,`scount`=2,`slastdate`='2013-07-17' WHERE ( `id` = 1 ) [ RunTime:0.212239s ]
SQL: SELECT * FROM `pro_shistory` WHERE ( uid='1' AND oid='1' AND sdate='2013-07' ) LIMIT 1   [ RunTime:0.001102s ]
NOTIC: [8] Undefined variable: msg F:\www\t_test\Lib\Action\MainAction.class.php 第 44 行.
NOTIC: [8] Use of undefined constant main - assumed 'main' F:\www\t_test\Lib\Action\MainAction.class.php 第 76 行.
INFO: [ view_parse ] --START--
NOTIC: [8] Undefined variable: list F:\www\t_test\Runtime\Cache\38dd2411953184a9684bc2acd0771941.php 第 11 行.
INFO: ParseTemplate Behavior ::run [ RunTime:0.015225s ]
INFO: [ view_parse ] --END-- [ RunTime:0.015435s ]
INFO: [ view_filter ] --START--
INFO: ContentReplace Behavior ::run [ RunTime:0.000777s ]
INFO: TokenBuild Behavior ::run [ RunTime:0.000774s ]
INFO: WriteHtmlCache Behavior ::run [ RunTime:0.000589s ]
INFO: ShowRuntime Behavior ::run [ RunTime:0.000911s ]
INFO: [ view_filter ] --END-- [ RunTime:0.003420s ]
INFO: [ view_end ] --START--
INFO: ShowPageTrace Behavior ::run [ RunTime:0.001094s ]
INFO: [ view_end ] --END-- [ RunTime:0.001236s ]

[ 2013-07-17T11:24:25+08:00 ] 127.0.0.1 /t_test/index.php/Main/sign
INFO: [ route_check ] --START--
INFO: CheckRoute Behavior ::run [ RunTime:0.001685s ]
INFO: [ route_check ] --END-- [ RunTime:0.001824s ]
INFO: [ app_begin ] --START--
INFO: ReadHtmlCache Behavior ::run [ RunTime:0.001340s ]
INFO: [ app_begin ] --END-- [ RunTime:0.001421s ]
NOTIC: 建议使用I方法替代_param
SQL: SHOW COLUMNS FROM `pro_sign` [ RunTime:0.006364s ]
SQL: SHOW COLUMNS FROM `pro_shistory` [ RunTime:0.006362s ]
SQL: SELECT * FROM `pro_sign` WHERE ( uid='1' AND oid='1' ) LIMIT 1   [ RunTime:0.000480s ]
NOTIC: [8] Undefined variable: msg F:\www\t_test\Lib\Action\MainAction.class.php 第 31 行.
SQL: SELECT * FROM `pro_sign` WHERE ( uid='1' AND oid='2' ) LIMIT 1   [ RunTime:0.000506s ]
SQL: UPDATE `pro_sign` SET `uid`=1,`oid`=2,`scount`=2,`slastdate`='2013-07-17' WHERE ( `id` = 2 ) [ RunTime:0.027919s ]
SQL: SELECT * FROM `pro_shistory` WHERE ( uid='1' AND oid='2' AND sdate='2013-07' ) LIMIT 1   [ RunTime:0.000502s ]
NOTIC: [8] Use of undefined constant d - assumed 'd' F:\www\t_test\Lib\Action\MainAction.class.php 第 44 行.
SQL: UPDATE `pro_shistory` SET `uid`=1,`oid`=2,`shistory`='65536',`sdate`='2013-07' WHERE ( `id` = 2 ) [ RunTime:0.024704s ]
NOTIC: [8] Use of undefined constant main - assumed 'main' F:\www\t_test\Lib\Action\MainAction.class.php 第 78 行.
INFO: [ view_parse ] --START--
NOTIC: [8] Undefined variable: list F:\www\t_test\Runtime\Cache\38dd2411953184a9684bc2acd0771941.php 第 11 行.
INFO: ParseTemplate Behavior ::run [ RunTime:0.010001s ]
INFO: [ view_parse ] --END-- [ RunTime:0.010118s ]
INFO: [ view_filter ] --START--
INFO: ContentReplace Behavior ::run [ RunTime:0.000687s ]
INFO: TokenBuild Behavior ::run [ RunTime:0.000753s ]
INFO: WriteHtmlCache Behavior ::run [ RunTime:0.000686s ]
INFO: ShowRuntime Behavior ::run [ RunTime:0.000821s ]
INFO: [ view_filter ] --END-- [ RunTime:0.003137s ]
INFO: [ view_end ] --START--
INFO: ShowPageTrace Behavior ::run [ RunTime:0.000979s ]
INFO: [ view_end ] --END-- [ RunTime:0.001053s ]

[ 2013-07-17T11:45:29+08:00 ] 127.0.0.1 /t_test/index.php/Main/sign
INFO: [ route_check ] --START--
INFO: CheckRoute Behavior ::run [ RunTime:0.001122s ]
INFO: [ route_check ] --END-- [ RunTime:0.001229s ]
INFO: [ app_begin ] --START--
INFO: ReadHtmlCache Behavior ::run [ RunTime:0.000844s ]
INFO: [ app_begin ] --END-- [ RunTime:0.000912s ]
NOTIC: 建议使用I方法替代_param
NOTIC: [2] Invalid argument supplied for foreach() F:\www\t_test\Lib\Action\MainAction.class.php 第 21 行.
NOTIC: [8] Undefined variable: msg F:\www\t_test\Lib\Action\MainAction.class.php 第 79 行.
NOTIC: [8] Use of undefined constant main - assumed 'main' F:\www\t_test\Lib\Action\MainAction.class.php 第 80 行.
INFO: [ view_parse ] --START--
NOTIC: [8] Undefined variable: list F:\www\t_test\Runtime\Cache\38dd2411953184a9684bc2acd0771941.php 第 11 行.
INFO: ParseTemplate Behavior ::run [ RunTime:0.009605s ]
INFO: [ view_parse ] --END-- [ RunTime:0.009688s ]
INFO: [ view_filter ] --START--
INFO: ContentReplace Behavior ::run [ RunTime:0.000755s ]
INFO: TokenBuild Behavior ::run [ RunTime:0.000851s ]
INFO: WriteHtmlCache Behavior ::run [ RunTime:0.000439s ]
INFO: ShowRuntime Behavior ::run [ RunTime:0.000529s ]
INFO: [ view_filter ] --END-- [ RunTime:0.002806s ]
INFO: [ view_end ] --START--
INFO: ShowPageTrace Behavior ::run [ RunTime:0.000879s ]
INFO: [ view_end ] --END-- [ RunTime:0.000938s ]

[ 2013-07-17T11:45:32+08:00 ] 127.0.0.1 /t_test/index.php/Main/sign
INFO: [ route_check ] --START--
INFO: CheckRoute Behavior ::run [ RunTime:0.001056s ]
INFO: [ route_check ] --END-- [ RunTime:0.001158s ]
INFO: [ app_begin ] --START--
INFO: ReadHtmlCache Behavior ::run [ RunTime:0.000903s ]
INFO: [ app_begin ] --END-- [ RunTime:0.000971s ]
NOTIC: 建议使用I方法替代_param
SQL: SHOW COLUMNS FROM `pro_sign` [ RunTime:0.006610s ]
SQL: SHOW COLUMNS FROM `pro_shistory` [ RunTime:0.005830s ]
SQL: SELECT * FROM `pro_sign` WHERE ( uid='1' AND oid='1' ) LIMIT 1   [ RunTime:0.000463s ]
SQL: UPDATE `pro_sign` SET `uid`=1,`oid`=1,`scount`=1,`stotal`=7,`slastdate`='2013-07-17' WHERE ( `id` = 1 ) [ RunTime:0.424709s ]
SQL: SELECT * FROM `pro_shistory` WHERE ( uid='1' AND oid='1' AND sdate='2013-07' ) LIMIT 1   [ RunTime:0.000766s ]
NOTIC: [8] Undefined variable: msg F:\www\t_test\Lib\Action\MainAction.class.php 第 45 行.
NOTIC: [8] Use of undefined constant d - assumed 'd' F:\www\t_test\Lib\Action\MainAction.class.php 第 46 行.
SQL: UPDATE `pro_shistory` SET `uid`=1,`oid`=1,`shistory`=196608,`sdate`='2013-07' WHERE ( `id` = 1 ) [ RunTime:0.122477s ]
SQL: SELECT * FROM `pro_sign` WHERE ( uid='1' AND oid='2' ) LIMIT 1   [ RunTime:0.000651s ]
SQL: UPDATE `pro_sign` SET `uid`=1,`oid`=2,`scount`=1,`stotal`=4,`slastdate`='2013-07-17' WHERE ( `id` = 2 ) [ RunTime:0.104769s ]
SQL: SELECT * FROM `pro_shistory` WHERE ( uid='1' AND oid='2' AND sdate='2013-07' ) LIMIT 1   [ RunTime:0.000676s ]
NOTIC: [8] Use of undefined constant d - assumed 'd' F:\www\t_test\Lib\Action\MainAction.class.php 第 46 行.
SQL: UPDATE `pro_shistory` SET `uid`=1,`oid`=2,`shistory`=196608,`sdate`='2013-07' WHERE ( `id` = 2 ) [ RunTime:0.085880s ]
NOTIC: [8] Use of undefined constant main - assumed 'main' F:\www\t_test\Lib\Action\MainAction.class.php 第 80 行.
INFO: [ view_parse ] --START--
NOTIC: [8] Undefined variable: list F:\www\t_test\Runtime\Cache\38dd2411953184a9684bc2acd0771941.php 第 11 行.
INFO: ParseTemplate Behavior ::run [ RunTime:0.020283s ]
INFO: [ view_parse ] --END-- [ RunTime:0.020432s ]
INFO: [ view_filter ] --START--
INFO: ContentReplace Behavior ::run [ RunTime:0.001502s ]
INFO: TokenBuild Behavior ::run [ RunTime:0.001459s ]
INFO: WriteHtmlCache Behavior ::run [ RunTime:0.000725s ]
INFO: ShowRuntime Behavior ::run [ RunTime:0.001150s ]
INFO: [ view_filter ] --END-- [ RunTime:0.005191s ]
INFO: [ view_end ] --START--
INFO: ShowPageTrace Behavior ::run [ RunTime:0.002219s ]
INFO: [ view_end ] --END-- [ RunTime:0.002406s ]

[ 2013-07-17T11:47:25+08:00 ] 127.0.0.1 /t_test/index.php/Index/login
INFO: [ route_check ] --START--
INFO: CheckRoute Behavior ::run [ RunTime:0.001147s ]
INFO: [ route_check ] --END-- [ RunTime:0.001269s ]
INFO: [ app_begin ] --START--
INFO: ReadHtmlCache Behavior ::run [ RunTime:0.000905s ]
INFO: [ app_begin ] --END-- [ RunTime:0.000980s ]
SQL: SHOW COLUMNS FROM `pro_admin` [ RunTime:0.007725s ]
NOTIC: 建议使用I方法替代_post
NOTIC: 建议使用I方法替代_post
SQL: SELECT * FROM `pro_admin` WHERE ( name='admin' AND password='admin' ) LIMIT 1   [ RunTime:0.000557s ]

[ 2013-07-17T11:47:25+08:00 ] 127.0.0.1 /t_test/index.php/Main/main.html
INFO: [ route_check ] --START--
INFO: CheckRoute Behavior ::run [ RunTime:0.002081s ]
INFO: [ route_check ] --END-- [ RunTime:0.002270s ]
INFO: [ app_begin ] --START--
INFO: ReadHtmlCache Behavior ::run [ RunTime:0.001684s ]
INFO: [ app_begin ] --END-- [ RunTime:0.001830s ]
SQL: SHOW COLUMNS FROM `pro_options` [ RunTime:0.007466s ]
SQL: SELECT * FROM `pro_options`  [ RunTime:0.000423s ]
INFO: [ view_parse ] --START--
INFO: ParseTemplate Behavior ::run [ RunTime:0.011026s ]
INFO: [ view_parse ] --END-- [ RunTime:0.011165s ]
INFO: [ view_filter ] --START--
INFO: ContentReplace Behavior ::run [ RunTime:0.000855s ]
INFO: TokenBuild Behavior ::run [ RunTime:0.000862s ]
INFO: WriteHtmlCache Behavior ::run [ RunTime:0.000484s ]
INFO: ShowRuntime Behavior ::run [ RunTime:0.000669s ]
INFO: [ view_filter ] --END-- [ RunTime:0.003087s ]
INFO: [ view_end ] --START--
INFO: ShowPageTrace Behavior ::run [ RunTime:0.001597s ]
INFO: [ view_end ] --END-- [ RunTime:0.001727s ]

[ 2013-07-17T11:47:28+08:00 ] 127.0.0.1 /t_test/index.php/Main/sign
INFO: [ route_check ] --START--
INFO: CheckRoute Behavior ::run [ RunTime:0.001020s ]
INFO: [ route_check ] --END-- [ RunTime:0.001125s ]
INFO: [ app_begin ] --START--
INFO: ReadHtmlCache Behavior ::run [ RunTime:0.000810s ]
INFO: [ app_begin ] --END-- [ RunTime:0.000877s ]
NOTIC: 建议使用I方法替代_param
SQL: SHOW COLUMNS FROM `pro_sign` [ RunTime:0.006440s ]
SQL: SHOW COLUMNS FROM `pro_shistory` [ RunTime:0.005740s ]
SQL: SELECT * FROM `pro_sign` WHERE ( uid='1' AND oid='1' ) LIMIT 1   [ RunTime:0.000421s ]
NOTIC: [8] Undefined variable: msg F:\www\t_test\Lib\Action\MainAction.class.php 第 31 行.
NOTIC: [8] Use of undefined constant main - assumed 'main' F:\www\t_test\Lib\Action\MainAction.class.php 第 80 行.
INFO: [ view_parse ] --START--
NOTIC: [8] Undefined variable: list F:\www\t_test\Runtime\Cache\38dd2411953184a9684bc2acd0771941.php 第 11 行.
INFO: ParseTemplate Behavior ::run [ RunTime:0.007994s ]
INFO: [ view_parse ] --END-- [ RunTime:0.008072s ]
INFO: [ view_filter ] --START--
INFO: ContentReplace Behavior ::run [ RunTime:0.000638s ]
INFO: TokenBuild Behavior ::run [ RunTime:0.000650s ]
INFO: WriteHtmlCache Behavior ::run [ RunTime:0.000366s ]
INFO: ShowRuntime Behavior ::run [ RunTime:0.000495s ]
INFO: [ view_filter ] --END-- [ RunTime:0.002312s ]
INFO: [ view_end ] --START--
INFO: ShowPageTrace Behavior ::run [ RunTime:0.000787s ]
INFO: [ view_end ] --END-- [ RunTime:0.000844s ]

[ 2013-07-17T11:48:22+08:00 ] 127.0.0.1 /t_test/index.php/Main/sign
INFO: [ route_check ] --START--
INFO: CheckRoute Behavior ::run [ RunTime:0.001846s ]
INFO: [ route_check ] --END-- [ RunTime:0.002076s ]
INFO: [ app_begin ] --START--
INFO: ReadHtmlCache Behavior ::run [ RunTime:0.001247s ]
INFO: [ app_begin ] --END-- [ RunTime:0.001401s ]
NOTIC: 建议使用I方法替代_param
SQL: SHOW COLUMNS FROM `pro_sign` [ RunTime:0.006030s ]
SQL: SHOW COLUMNS FROM `pro_shistory` [ RunTime:0.005803s ]
SQL: SELECT * FROM `pro_sign` WHERE ( uid='1' AND oid='1' ) LIMIT 1   [ RunTime:0.000460s ]
SQL: UPDATE `pro_sign` SET `uid`=1,`oid`=1,`scount`=2,`stotal`=9,`slastdate`='2013-07-17' WHERE ( `id` = 1 ) [ RunTime:0.051019s ]
SQL: SELECT * FROM `pro_shistory` WHERE ( uid='1' AND oid='1' AND sdate='2013-07' ) LIMIT 1   [ RunTime:0.000540s ]
NOTIC: [8] Undefined variable: msg F:\www\t_test\Lib\Action\MainAction.class.php 第 45 行.
NOTIC: [8] Use of undefined constant d - assumed 'd' F:\www\t_test\Lib\Action\MainAction.class.php 第 46 行.
SQL: UPDATE `pro_shistory` SET `uid`=1,`oid`=1,`shistory`=393216,`sdate`='2013-07' WHERE ( `id` = 1 ) [ RunTime:0.024946s ]
NOTIC: [8] Use of undefined constant main - assumed 'main' F:\www\t_test\Lib\Action\MainAction.class.php 第 80 行.
INFO: [ view_parse ] --START--
NOTIC: [8] Undefined variable: list F:\www\t_test\Runtime\Cache\38dd2411953184a9684bc2acd0771941.php 第 11 行.
INFO: ParseTemplate Behavior ::run [ RunTime:0.017489s ]
INFO: [ view_parse ] --END-- [ RunTime:0.017637s ]
INFO: [ view_filter ] --START--
INFO: ContentReplace Behavior ::run [ RunTime:0.001606s ]
INFO: TokenBuild Behavior ::run [ RunTime:0.001362s ]
INFO: WriteHtmlCache Behavior ::run [ RunTime:0.000745s ]
INFO: ShowRuntime Behavior ::run [ RunTime:0.001020s ]
INFO: [ view_filter ] --END-- [ RunTime:0.005093s ]
INFO: [ view_end ] --START--
INFO: ShowPageTrace Behavior ::run [ RunTime:0.001728s ]
INFO: [ view_end ] --END-- [ RunTime:0.001852s ]

[ 2013-07-17T12:04:30+08:00 ] 127.0.0.1 /t_test/index.php/Main/sign
INFO: [ route_check ] --START--
INFO: CheckRoute Behavior ::run [ RunTime:0.002689s ]
INFO: [ route_check ] --END-- [ RunTime:0.002826s ]
INFO: [ app_begin ] --START--
INFO: ReadHtmlCache Behavior ::run [ RunTime:0.002893s ]
INFO: [ app_begin ] --END-- [ RunTime:0.003036s ]
NOTIC: 建议使用I方法替代_param
SQL: SHOW COLUMNS FROM `pro_sign` [ RunTime:0.005960s ]
SQL: SHOW COLUMNS FROM `pro_shistory` [ RunTime:0.005787s ]
SQL: SELECT * FROM `pro_sign` WHERE ( uid='1' AND oid='1' ) LIMIT 1   [ RunTime:0.000486s ]
NOTIC: [8] Undefined variable: msg F:\www\t_test\Lib\Action\MainAction.class.php 第 33 行.

[ 2013-07-17T12:05:05+08:00 ] 127.0.0.1 /t_test/index.php/Main/sign
INFO: [ route_check ] --START--
INFO: CheckRoute Behavior ::run [ RunTime:0.002339s ]
INFO: [ route_check ] --END-- [ RunTime:0.002448s ]
INFO: [ app_begin ] --START--
INFO: ReadHtmlCache Behavior ::run [ RunTime:0.001985s ]
INFO: [ app_begin ] --END-- [ RunTime:0.002079s ]
NOTIC: 建议使用I方法替代_param
SQL: SHOW COLUMNS FROM `pro_sign` [ RunTime:0.006342s ]
SQL: SHOW COLUMNS FROM `pro_shistory` [ RunTime:0.005653s ]
SQL: SELECT * FROM `pro_sign` WHERE ( uid='1' AND oid='1' ) LIMIT 1   [ RunTime:0.000490s ]
NOTIC: [8] Undefined variable: msg F:\www\t_test\Lib\Action\MainAction.class.php 第 33 行.

[ 2013-07-17T12:05:08+08:00 ] 127.0.0.1 /t_test/index.php/Main/result/msg/%2C1%E5%B7%B2%E7%AD%BE%E5%88%B0.html
INFO: [ route_check ] --START--
INFO: CheckRoute Behavior ::run [ RunTime:0.003189s ]
INFO: [ route_check ] --END-- [ RunTime:0.003343s ]
INFO: [ app_begin ] --START--
INFO: ReadHtmlCache Behavior ::run [ RunTime:0.002724s ]
INFO: [ app_begin ] --END-- [ RunTime:0.002819s ]
NOTIC: [8] Undefined variable: msg F:\www\t_test\Lib\Action\MainAction.class.php 第 85 行.
INFO: [ view_parse ] --START--
INFO: ParseTemplate Behavior ::run [ RunTime:0.015967s ]
INFO: [ view_parse ] --END-- [ RunTime:0.016079s ]
INFO: [ view_filter ] --START--
INFO: ContentReplace Behavior ::run [ RunTime:0.001658s ]
INFO: TokenBuild Behavior ::run [ RunTime:0.001609s ]
INFO: WriteHtmlCache Behavior ::run [ RunTime:0.001550s ]
INFO: ShowRuntime Behavior ::run [ RunTime:0.001654s ]
INFO: [ view_filter ] --END-- [ RunTime:0.006637s ]
INFO: [ view_end ] --START--
INFO: ShowPageTrace Behavior ::run [ RunTime:0.001856s ]
INFO: [ view_end ] --END-- [ RunTime:0.001920s ]

[ 2013-07-17T12:05:19+08:00 ] 127.0.0.1 /t_test/index.php/Main/sign
INFO: [ route_check ] --START--
INFO: CheckRoute Behavior ::run [ RunTime:0.002085s ]
INFO: [ route_check ] --END-- [ RunTime:0.002186s ]
INFO: [ app_begin ] --START--
INFO: ReadHtmlCache Behavior ::run [ RunTime:0.001945s ]
INFO: [ app_begin ] --END-- [ RunTime:0.002035s ]
NOTIC: 建议使用I方法替代_param
SQL: SHOW COLUMNS FROM `pro_sign` [ RunTime:0.006359s ]
SQL: SHOW COLUMNS FROM `pro_shistory` [ RunTime:0.005583s ]
SQL: SELECT * FROM `pro_sign` WHERE ( uid='1' AND oid='1' ) LIMIT 1   [ RunTime:0.000460s ]
NOTIC: [8] Undefined variable: msg F:\www\t_test\Lib\Action\MainAction.class.php 第 33 行.

[ 2013-07-17T12:05:22+08:00 ] 127.0.0.1 /t_test/index.php/Main/result/msg/%2C1%E5%B7%B2%E7%AD%BE%E5%88%B0.html
INFO: [ route_check ] --START--
INFO: CheckRoute Behavior ::run [ RunTime:0.002731s ]
INFO: [ route_check ] --END-- [ RunTime:0.002885s ]
INFO: [ app_begin ] --START--
INFO: ReadHtmlCache Behavior ::run [ RunTime:0.002387s ]
INFO: [ app_begin ] --END-- [ RunTime:0.002504s ]
NOTIC: [8] Undefined variable: msg F:\www\t_test\Lib\Action\MainAction.class.php 第 85 行.
INFO: [ view_parse ] --START--
INFO: ParseTemplate Behavior ::run [ RunTime:0.013606s ]
INFO: [ view_parse ] --END-- [ RunTime:0.013731s ]
INFO: [ view_filter ] --START--
INFO: ContentReplace Behavior ::run [ RunTime:0.001882s ]
INFO: TokenBuild Behavior ::run [ RunTime:0.001773s ]
INFO: WriteHtmlCache Behavior ::run [ RunTime:0.002024s ]
INFO: ShowRuntime Behavior ::run [ RunTime:0.001872s ]
INFO: [ view_filter ] --END-- [ RunTime:0.007835s ]
INFO: [ view_end ] --START--
INFO: ShowPageTrace Behavior ::run [ RunTime:0.002050s ]
INFO: [ view_end ] --END-- [ RunTime:0.002149s ]

[ 2013-07-17T12:06:06+08:00 ] 127.0.0.1 /t_test/index.php/Main/sign
INFO: [ route_check ] --START--
INFO: CheckRoute Behavior ::run [ RunTime:0.001922s ]
INFO: [ route_check ] --END-- [ RunTime:0.002036s ]
INFO: [ app_begin ] --START--
INFO: ReadHtmlCache Behavior ::run [ RunTime:0.001706s ]
INFO: [ app_begin ] --END-- [ RunTime:0.001769s ]
NOTIC: 建议使用I方法替代_param
SQL: SHOW COLUMNS FROM `pro_sign` [ RunTime:0.006113s ]
SQL: SHOW COLUMNS FROM `pro_shistory` [ RunTime:0.006436s ]
SQL: SELECT * FROM `pro_sign` WHERE ( uid='1' AND oid='1' ) LIMIT 1   [ RunTime:0.000405s ]
NOTIC: [8] Undefined variable: msg F:\www\t_test\Lib\Action\MainAction.class.php 第 33 行.

[ 2013-07-17T12:06:09+08:00 ] 127.0.0.1 /t_test/index.php/Main/result/msg/%2C1%E5%B7%B2%E7%AD%BE%E5%88%B0.html
INFO: [ route_check ] --START--
INFO: CheckRoute Behavior ::run [ RunTime:0.002078s ]
INFO: [ route_check ] --END-- [ RunTime:0.002192s ]
INFO: [ app_begin ] --START--
INFO: ReadHtmlCache Behavior ::run [ RunTime:0.001943s ]
INFO: [ app_begin ] --END-- [ RunTime:0.002040s ]
NOTIC: [8] Undefined variable: _param F:\www\t_test\Lib\Action\MainAction.class.php 第 85 行.

[ 2013-07-17T12:06:57+08:00 ] 127.0.0.1 /t_test/index.php/Main/sign
INFO: [ route_check ] --START--
INFO: CheckRoute Behavior ::run [ RunTime:0.002113s ]
INFO: [ route_check ] --END-- [ RunTime:0.002268s ]
INFO: [ app_begin ] --START--
INFO: ReadHtmlCache Behavior ::run [ RunTime:0.001903s ]
INFO: [ app_begin ] --END-- [ RunTime:0.001972s ]
NOTIC: 建议使用I方法替代_param
SQL: SHOW COLUMNS FROM `pro_sign` [ RunTime:0.006481s ]
SQL: SHOW COLUMNS FROM `pro_shistory` [ RunTime:0.005942s ]
SQL: SELECT * FROM `pro_sign` WHERE ( uid='1' AND oid='1' ) LIMIT 1   [ RunTime:0.000462s ]
NOTIC: [8] Undefined variable: msg F:\www\t_test\Lib\Action\MainAction.class.php 第 33 行.

[ 2013-07-17T12:07:00+08:00 ] 127.0.0.1 /t_test/index.php/Main/result/msg/%2C1%E5%B7%B2%E7%AD%BE%E5%88%B0.html
INFO: [ route_check ] --START--
INFO: CheckRoute Behavior ::run [ RunTime:0.001971s ]
INFO: [ route_check ] --END-- [ RunTime:0.002081s ]
INFO: [ app_begin ] --START--
INFO: ReadHtmlCache Behavior ::run [ RunTime:0.001718s ]
INFO: [ app_begin ] --END-- [ RunTime:0.001781s ]
NOTIC: 建议使用I方法替代_param
INFO: [ view_parse ] --START--
INFO: ParseTemplate Behavior ::run [ RunTime:0.011498s ]
INFO: [ view_parse ] --END-- [ RunTime:0.011592s ]
INFO: [ view_filter ] --START--
INFO: ContentReplace Behavior ::run [ RunTime:0.001648s ]
INFO: TokenBuild Behavior ::run [ RunTime:0.001613s ]
INFO: WriteHtmlCache Behavior ::run [ RunTime:0.001684s ]
INFO: ShowRuntime Behavior ::run [ RunTime:0.002165s ]
INFO: [ view_filter ] --END-- [ RunTime:0.007334s ]
INFO: [ view_end ] --START--
INFO: ShowPageTrace Behavior ::run [ RunTime:0.001838s ]
INFO: [ view_end ] --END-- [ RunTime:0.001901s ]

[ 2013-07-17T12:07:47+08:00 ] 127.0.0.1 /t_test/index.php/Main/sign
INFO: [ route_check ] --START--
INFO: CheckRoute Behavior ::run [ RunTime:0.002186s ]
INFO: [ route_check ] --END-- [ RunTime:0.002292s ]
INFO: [ app_begin ] --START--
INFO: ReadHtmlCache Behavior ::run [ RunTime:0.002012s ]
INFO: [ app_begin ] --END-- [ RunTime:0.002097s ]
NOTIC: 建议使用I方法替代_param
SQL: SHOW COLUMNS FROM `pro_sign` [ RunTime:0.006423s ]
SQL: SHOW COLUMNS FROM `pro_shistory` [ RunTime:0.005648s ]
SQL: SELECT * FROM `pro_sign` WHERE ( uid='1' AND oid='1' ) LIMIT 1   [ RunTime:0.000354s ]
NOTIC: [8] Undefined variable: msg F:\www\t_test\Lib\Action\MainAction.class.php 第 33 行.

[ 2013-07-17T12:07:48+08:00 ] 127.0.0.1 /t_test/index.php/Main/result/msg/%2C1%E5%B7%B2%E7%AD%BE%E5%88%B0.html
INFO: [ route_check ] --START--
INFO: CheckRoute Behavior ::run [ RunTime:0.003091s ]
INFO: [ route_check ] --END-- [ RunTime:0.003259s ]
INFO: [ app_begin ] --START--
INFO: ReadHtmlCache Behavior ::run [ RunTime:0.001714s ]
INFO: [ app_begin ] --END-- [ RunTime:0.001779s ]
NOTIC: 建议使用I方法替代_param
INFO: [ view_parse ] --START--
INFO: ParseTemplate Behavior ::run [ RunTime:0.012521s ]
INFO: [ view_parse ] --END-- [ RunTime:0.012618s ]
INFO: [ view_filter ] --START--
INFO: ContentReplace Behavior ::run [ RunTime:0.001617s ]
INFO: TokenBuild Behavior ::run [ RunTime:0.001604s ]
INFO: WriteHtmlCache Behavior ::run [ RunTime:0.001524s ]
INFO: ShowRuntime Behavior ::run [ RunTime:0.001648s ]
INFO: [ view_filter ] --END-- [ RunTime:0.006557s ]
INFO: [ view_end ] --START--
INFO: ShowPageTrace Behavior ::run [ RunTime:0.001843s ]
INFO: [ view_end ] --END-- [ RunTime:0.001908s ]

[ 2013-07-17T12:13:26+08:00 ] 127.0.0.1 /t_test/index.php/Main/sign
INFO: [ route_check ] --START--
INFO: CheckRoute Behavior ::run [ RunTime:0.002051s ]
INFO: [ route_check ] --END-- [ RunTime:0.002154s ]
INFO: [ app_begin ] --START--
INFO: ReadHtmlCache Behavior ::run [ RunTime:0.001998s ]
INFO: [ app_begin ] --END-- [ RunTime:0.002107s ]
NOTIC: 建议使用I方法替代_param
SQL: SHOW COLUMNS FROM `pro_sign` [ RunTime:0.007026s ]
SQL: SHOW COLUMNS FROM `pro_shistory` [ RunTime:0.006543s ]
SQL: SELECT * FROM `pro_sign` WHERE ( uid='1' AND oid='1' ) LIMIT 1   [ RunTime:0.000442s ]
NOTIC: [8] Undefined variable: msg F:\www\t_test\Lib\Action\MainAction.class.php 第 31 行.

[ 2013-07-17T12:13:28+08:00 ] 127.0.0.1 /t_test/index.php/Main/result/msg/%2C1%E5%B7%B2%E7%AD%BE%E5%88%B0.html
INFO: [ route_check ] --START--
INFO: CheckRoute Behavior ::run [ RunTime:0.001900s ]
INFO: [ route_check ] --END-- [ RunTime:0.002010s ]
INFO: [ app_begin ] --START--
INFO: ReadHtmlCache Behavior ::run [ RunTime:0.001780s ]
INFO: [ app_begin ] --END-- [ RunTime:0.001845s ]
NOTIC: 建议使用I方法替代_param
SQL: SHOW COLUMNS FROM `pro_sign` [ RunTime:0.006164s ]
SQL: SELECT * FROM `pro_sign` WHERE ( uid='1' ) LIMIT 1   [ RunTime:0.000391s ]
INFO: [ view_parse ] --START--
INFO: ParseTemplate Behavior ::run [ RunTime:0.011484s ]
INFO: [ view_parse ] --END-- [ RunTime:0.011598s ]
INFO: [ view_filter ] --START--
INFO: ContentReplace Behavior ::run [ RunTime:0.001725s ]
INFO: TokenBuild Behavior ::run [ RunTime:0.001803s ]
INFO: WriteHtmlCache Behavior ::run [ RunTime:0.001527s ]
INFO: ShowRuntime Behavior ::run [ RunTime:0.001631s ]
INFO: [ view_filter ] --END-- [ RunTime:0.006873s ]
INFO: [ view_end ] --START--
INFO: ShowPageTrace Behavior ::run [ RunTime:0.001724s ]
INFO: [ view_end ] --END-- [ RunTime:0.001783s ]

[ 2013-07-17T12:14:11+08:00 ] 127.0.0.1 /t_test/index.php/Main/sign
INFO: [ route_check ] --START--
INFO: CheckRoute Behavior ::run [ RunTime:0.002139s ]
INFO: [ route_check ] --END-- [ RunTime:0.002255s ]
INFO: [ app_begin ] --START--
INFO: ReadHtmlCache Behavior ::run [ RunTime:0.001863s ]
INFO: [ app_begin ] --END-- [ RunTime:0.001934s ]
NOTIC: 建议使用I方法替代_param
SQL: SHOW COLUMNS FROM `pro_sign` [ RunTime:0.006937s ]
SQL: SHOW COLUMNS FROM `pro_shistory` [ RunTime:0.006060s ]
SQL: SELECT * FROM `pro_sign` WHERE ( uid='1' AND oid='1' ) LIMIT 1   [ RunTime:0.000504s ]
NOTIC: [8] Undefined variable: msg F:\www\t_test\Lib\Action\MainAction.class.php 第 31 行.

[ 2013-07-17T12:14:12+08:00 ] 127.0.0.1 /t_test/index.php/Main/result/msg/%2C1%E5%B7%B2%E7%AD%BE%E5%88%B0.html
INFO: [ route_check ] --START--
INFO: CheckRoute Behavior ::run [ RunTime:0.001897s ]
INFO: [ route_check ] --END-- [ RunTime:0.002007s ]
INFO: [ app_begin ] --START--
INFO: ReadHtmlCache Behavior ::run [ RunTime:0.001684s ]
INFO: [ app_begin ] --END-- [ RunTime:0.001746s ]
NOTIC: 建议使用I方法替代_param
SQL: SHOW COLUMNS FROM `pro_sign` [ RunTime:0.006193s ]
SQL: SELECT * FROM `pro_sign` WHERE ( uid='1' ) LIMIT 1   [ RunTime:0.000489s ]
INFO: [ view_parse ] --START--
INFO: ParseTemplate Behavior ::run [ RunTime:0.011566s ]
INFO: [ view_parse ] --END-- [ RunTime:0.011676s ]
INFO: [ view_filter ] --START--
INFO: ContentReplace Behavior ::run [ RunTime:0.001569s ]
INFO: TokenBuild Behavior ::run [ RunTime:0.001677s ]
INFO: WriteHtmlCache Behavior ::run [ RunTime:0.001687s ]
INFO: ShowRuntime Behavior ::run [ RunTime:0.001651s ]
INFO: [ view_filter ] --END-- [ RunTime:0.006838s ]
INFO: [ view_end ] --START--
INFO: ShowPageTrace Behavior ::run [ RunTime:0.001774s ]
INFO: [ view_end ] --END-- [ RunTime:0.001833s ]

[ 2013-07-17T12:14:23+08:00 ] 127.0.0.1 /t_test/index.php/Main/sign
INFO: [ route_check ] --START--
INFO: CheckRoute Behavior ::run [ RunTime:0.002083s ]
INFO: [ route_check ] --END-- [ RunTime:0.002204s ]
INFO: [ app_begin ] --START--
INFO: ReadHtmlCache Behavior ::run [ RunTime:0.001848s ]
INFO: [ app_begin ] --END-- [ RunTime:0.001918s ]
NOTIC: 建议使用I方法替代_param
SQL: SHOW COLUMNS FROM `pro_sign` [ RunTime:0.007674s ]
SQL: SHOW COLUMNS FROM `pro_shistory` [ RunTime:0.005766s ]
SQL: SELECT * FROM `pro_sign` WHERE ( uid='1' AND oid='1' ) LIMIT 1   [ RunTime:0.000543s ]
NOTIC: [8] Undefined variable: msg F:\www\t_test\Lib\Action\MainAction.class.php 第 31 行.

[ 2013-07-17T12:14:24+08:00 ] 127.0.0.1 /t_test/index.php/Main/result/msg/%2C1%E5%B7%B2%E7%AD%BE%E5%88%B0.html
INFO: [ route_check ] --START--
INFO: CheckRoute Behavior ::run [ RunTime:0.002700s ]
INFO: [ route_check ] --END-- [ RunTime:0.002861s ]
INFO: [ app_begin ] --START--
INFO: ReadHtmlCache Behavior ::run [ RunTime:0.002463s ]
INFO: [ app_begin ] --END-- [ RunTime:0.002598s ]
NOTIC: 建议使用I方法替代_param
SQL: SHOW COLUMNS FROM `pro_sign` [ RunTime:0.006740s ]
SQL: SELECT * FROM `pro_sign` WHERE ( uid='1' ) LIMIT 1   [ RunTime:0.000345s ]
INFO: [ view_parse ] --START--
INFO: ParseTemplate Behavior ::run [ RunTime:0.016444s ]
INFO: [ view_parse ] --END-- [ RunTime:0.016588s ]
INFO: [ view_filter ] --START--
INFO: ContentReplace Behavior ::run [ RunTime:0.002132s ]
INFO: TokenBuild Behavior ::run [ RunTime:0.002143s ]
INFO: WriteHtmlCache Behavior ::run [ RunTime:0.002023s ]
INFO: ShowRuntime Behavior ::run [ RunTime:0.002228s ]
INFO: [ view_filter ] --END-- [ RunTime:0.008765s ]
INFO: [ view_end ] --START--
INFO: ShowPageTrace Behavior ::run [ RunTime:0.002342s ]
INFO: [ view_end ] --END-- [ RunTime:0.002424s ]

[ 2013-07-17T12:17:20+08:00 ] 127.0.0.1 /t_test/index.php/Main/sign
INFO: [ route_check ] --START--
INFO: CheckRoute Behavior ::run [ RunTime:0.002109s ]
INFO: [ route_check ] --END-- [ RunTime:0.002257s ]
INFO: [ app_begin ] --START--
INFO: ReadHtmlCache Behavior ::run [ RunTime:0.001744s ]
INFO: [ app_begin ] --END-- [ RunTime:0.001817s ]
NOTIC: 建议使用I方法替代_param
SQL: SHOW COLUMNS FROM `pro_sign` [ RunTime:0.006685s ]
SQL: SHOW COLUMNS FROM `pro_shistory` [ RunTime:0.005364s ]
SQL: SELECT * FROM `pro_sign` WHERE ( uid='1' AND oid='1' ) LIMIT 1   [ RunTime:0.000296s ]
NOTIC: [8] Undefined variable: msg F:\www\t_test\Lib\Action\MainAction.class.php 第 31 行.

[ 2013-07-17T12:17:21+08:00 ] 127.0.0.1 /t_test/index.php/Main/result/msg/%2C1%E5%B7%B2%E7%AD%BE%E5%88%B0.html
INFO: [ route_check ] --START--
INFO: CheckRoute Behavior ::run [ RunTime:0.001880s ]
INFO: [ route_check ] --END-- [ RunTime:0.001974s ]
INFO: [ app_begin ] --START--
INFO: ReadHtmlCache Behavior ::run [ RunTime:0.001885s ]
INFO: [ app_begin ] --END-- [ RunTime:0.001981s ]
NOTIC: 建议使用I方法替代_param
SQL: SHOW COLUMNS FROM `pro_sign` [ RunTime:0.006114s ]
SQL: SELECT * FROM `pro_sign` WHERE ( uid='1' )  [ RunTime:0.000499s ]
INFO: [ view_parse ] --START--
INFO: ParseTemplate Behavior ::run [ RunTime:0.012806s ]
INFO: [ view_parse ] --END-- [ RunTime:0.012905s ]
INFO: [ view_filter ] --START--
INFO: ContentReplace Behavior ::run [ RunTime:0.001621s ]
INFO: TokenBuild Behavior ::run [ RunTime:0.001586s ]
INFO: WriteHtmlCache Behavior ::run [ RunTime:0.001541s ]
INFO: ShowRuntime Behavior ::run [ RunTime:0.001631s ]
INFO: [ view_filter ] --END-- [ RunTime:0.006597s ]
INFO: [ view_end ] --START--
INFO: ShowPageTrace Behavior ::run [ RunTime:0.001727s ]
INFO: [ view_end ] --END-- [ RunTime:0.001787s ]

[ 2013-07-17T12:18:07+08:00 ] 127.0.0.1 /t_test/index.php/Main/sign
INFO: [ route_check ] --START--
INFO: CheckRoute Behavior ::run [ RunTime:0.001840s ]
INFO: [ route_check ] --END-- [ RunTime:0.001935s ]
INFO: [ app_begin ] --START--
INFO: ReadHtmlCache Behavior ::run [ RunTime:0.001641s ]
INFO: [ app_begin ] --END-- [ RunTime:0.001704s ]
NOTIC: 建议使用I方法替代_param
SQL: SHOW COLUMNS FROM `pro_sign` [ RunTime:0.005721s ]
SQL: SHOW COLUMNS FROM `pro_shistory` [ RunTime:0.005483s ]
SQL: SELECT * FROM `pro_sign` WHERE ( uid='1' AND oid='1' ) LIMIT 1   [ RunTime:0.000340s ]
NOTIC: [8] Undefined variable: msg F:\www\t_test\Lib\Action\MainAction.class.php 第 31 行.

[ 2013-07-17T12:18:08+08:00 ] 127.0.0.1 /t_test/index.php/Main/result/msg/%2C1%E5%B7%B2%E7%AD%BE%E5%88%B0.html
INFO: [ route_check ] --START--
INFO: CheckRoute Behavior ::run [ RunTime:0.003645s ]
INFO: [ route_check ] --END-- [ RunTime:0.003811s ]
INFO: [ app_begin ] --START--
INFO: ReadHtmlCache Behavior ::run [ RunTime:0.002351s ]
INFO: [ app_begin ] --END-- [ RunTime:0.002435s ]
NOTIC: 建议使用I方法替代_param
SQL: SHOW COLUMNS FROM `pro_sign` [ RunTime:0.007810s ]
SQL: SELECT * FROM `pro_sign` WHERE ( uid='1' )  [ RunTime:0.000449s ]
INFO: [ view_parse ] --START--
INFO: ParseTemplate Behavior ::run [ RunTime:0.012267s ]
INFO: [ view_parse ] --END-- [ RunTime:0.012360s ]
INFO: [ view_filter ] --START--
INFO: ContentReplace Behavior ::run [ RunTime:0.001737s ]
INFO: TokenBuild Behavior ::run [ RunTime:0.001612s ]
INFO: WriteHtmlCache Behavior ::run [ RunTime:0.001485s ]
INFO: ShowRuntime Behavior ::run [ RunTime:0.001615s ]
INFO: [ view_filter ] --END-- [ RunTime:0.006626s ]
INFO: [ view_end ] --START--
INFO: ShowPageTrace Behavior ::run [ RunTime:0.001734s ]
INFO: [ view_end ] --END-- [ RunTime:0.001793s ]

[ 2013-07-17T12:18:18+08:00 ] 127.0.0.1 /t_test/index.php/Main/sign
INFO: [ route_check ] --START--
INFO: CheckRoute Behavior ::run [ RunTime:0.002051s ]
INFO: [ route_check ] --END-- [ RunTime:0.002165s ]
INFO: [ app_begin ] --START--
INFO: ReadHtmlCache Behavior ::run [ RunTime:0.001888s ]
INFO: [ app_begin ] --END-- [ RunTime:0.001957s ]
NOTIC: 建议使用I方法替代_param
SQL: SHOW COLUMNS FROM `pro_sign` [ RunTime:0.006526s ]
SQL: SHOW COLUMNS FROM `pro_shistory` [ RunTime:0.005910s ]
SQL: SELECT * FROM `pro_sign` WHERE ( uid='1' AND oid='1' ) LIMIT 1   [ RunTime:0.000489s ]
NOTIC: [8] Undefined variable: msg F:\www\t_test\Lib\Action\MainAction.class.php 第 31 行.

[ 2013-07-17T12:18:19+08:00 ] 127.0.0.1 /t_test/index.php/Main/result/msg/%2C1%E5%B7%B2%E7%AD%BE%E5%88%B0.html
INFO: [ route_check ] --START--
INFO: CheckRoute Behavior ::run [ RunTime:0.002532s ]
INFO: [ route_check ] --END-- [ RunTime:0.002692s ]
INFO: [ app_begin ] --START--
INFO: ReadHtmlCache Behavior ::run [ RunTime:0.001657s ]
INFO: [ app_begin ] --END-- [ RunTime:0.001727s ]
NOTIC: 建议使用I方法替代_param
SQL: SHOW COLUMNS FROM `pro_sign` [ RunTime:0.005672s ]
SQL: SELECT * FROM `pro_sign` WHERE ( uid='1' )  [ RunTime:0.000329s ]
INFO: [ view_parse ] --START--
INFO: ParseTemplate Behavior ::run [ RunTime:0.012812s ]
INFO: [ view_parse ] --END-- [ RunTime:0.012910s ]
INFO: [ view_filter ] --START--
INFO: ContentReplace Behavior ::run [ RunTime:0.001584s ]
INFO: TokenBuild Behavior ::run [ RunTime:0.001583s ]
INFO: WriteHtmlCache Behavior ::run [ RunTime:0.001492s ]
INFO: ShowRuntime Behavior ::run [ RunTime:0.001629s ]
INFO: [ view_filter ] --END-- [ RunTime:0.006453s ]
INFO: [ view_end ] --START--
INFO: ShowPageTrace Behavior ::run [ RunTime:0.001717s ]
INFO: [ view_end ] --END-- [ RunTime:0.001776s ]

[ 2013-07-17T12:18:35+08:00 ] 127.0.0.1 /t_test/index.php/Main/sign
INFO: [ route_check ] --START--
INFO: CheckRoute Behavior ::run [ RunTime:0.002061s ]
INFO: [ route_check ] --END-- [ RunTime:0.002188s ]
INFO: [ app_begin ] --START--
INFO: ReadHtmlCache Behavior ::run [ RunTime:0.001699s ]
INFO: [ app_begin ] --END-- [ RunTime:0.001765s ]
NOTIC: 建议使用I方法替代_param
SQL: SHOW COLUMNS FROM `pro_sign` [ RunTime:0.006217s ]
SQL: SHOW COLUMNS FROM `pro_shistory` [ RunTime:0.006384s ]
SQL: SELECT * FROM `pro_sign` WHERE ( uid='1' AND oid='1' ) LIMIT 1   [ RunTime:0.000416s ]
NOTIC: [8] Undefined variable: msg F:\www\t_test\Lib\Action\MainAction.class.php 第 31 行.

[ 2013-07-17T12:18:36+08:00 ] 127.0.0.1 /t_test/index.php/Main/result/msg/%2C1%E5%B7%B2%E7%AD%BE%E5%88%B0.html
INFO: [ route_check ] --START--
INFO: CheckRoute Behavior ::run [ RunTime:0.001899s ]
INFO: [ route_check ] --END-- [ RunTime:0.002014s ]
INFO: [ app_begin ] --START--
INFO: ReadHtmlCache Behavior ::run [ RunTime:0.001669s ]
INFO: [ app_begin ] --END-- [ RunTime:0.001733s ]
NOTIC: 建议使用I方法替代_param
SQL: SHOW COLUMNS FROM `pro_sign` [ RunTime:0.005620s ]
SQL: SELECT * FROM `pro_sign` WHERE ( uid='1' )  [ RunTime:0.000333s ]
INFO: [ view_parse ] --START--
INFO: ParseTemplate Behavior ::run [ RunTime:0.012748s ]
INFO: [ view_parse ] --END-- [ RunTime:0.012847s ]
INFO: [ view_filter ] --START--
INFO: ContentReplace Behavior ::run [ RunTime:0.001744s ]
INFO: TokenBuild Behavior ::run [ RunTime:0.001619s ]
INFO: WriteHtmlCache Behavior ::run [ RunTime:0.001584s ]
INFO: ShowRuntime Behavior ::run [ RunTime:0.001624s ]
INFO: [ view_filter ] --END-- [ RunTime:0.006751s ]
INFO: [ view_end ] --START--
INFO: ShowPageTrace Behavior ::run [ RunTime:0.001738s ]
INFO: [ view_end ] --END-- [ RunTime:0.001803s ]

[ 2013-07-17T14:52:15+08:00 ] 127.0.0.1 /t_test/index.php/Main/result/msg/%2C1%E5%B7%B2%E7%AD%BE%E5%88%B0.html
INFO: [ route_check ] --START--
INFO: CheckRoute Behavior ::run [ RunTime:0.002161s ]
INFO: [ route_check ] --END-- [ RunTime:0.002291s ]
INFO: [ app_begin ] --START--
INFO: ReadHtmlCache Behavior ::run [ RunTime:0.002001s ]
INFO: [ app_begin ] --END-- [ RunTime:0.002086s ]
NOTIC: 建议使用I方法替代_param
SQL: SHOW COLUMNS FROM `pro_sign` [ RunTime:0.007540s ]
SQL: SELECT * FROM `pro_sign` WHERE ( uid='1' )  [ RunTime:0.000480s ]
INFO: [ view_parse ] --START--
NOTIC: [8] Undefined variable: PHP_SELF F:\www\t_test\Runtime\Cache\e9279ae90cd5b1aa5c46592bc6b64161.php 第 16 行.
NOTIC: [8] Undefined variable: PHP_SELF F:\www\t_test\Runtime\Cache\e9279ae90cd5b1aa5c46592bc6b64161.php 第 16 行.
INFO: ParseTemplate Behavior ::run [ RunTime:0.055470s ]
INFO: [ view_parse ] --END-- [ RunTime:0.055562s ]
INFO: [ view_filter ] --START--
INFO: ContentReplace Behavior ::run [ RunTime:0.001861s ]
INFO: TokenBuild Behavior ::run [ RunTime:0.002238s ]
INFO: WriteHtmlCache Behavior ::run [ RunTime:0.002714s ]
INFO: ShowRuntime Behavior ::run [ RunTime:0.001910s ]
INFO: [ view_filter ] --END-- [ RunTime:0.009039s ]
INFO: [ view_end ] --START--
INFO: ShowPageTrace Behavior ::run [ RunTime:0.002496s ]
INFO: [ view_end ] --END-- [ RunTime:0.002617s ]

[ 2013-07-17T14:52:20+08:00 ] 127.0.0.1 /t_test/index.php/Main/result/msg/%2C1%E5%B7%B2%E7%AD%BE%E5%88%B0.html?date=2013-08-01
INFO: [ route_check ] --START--
INFO: CheckRoute Behavior ::run [ RunTime:0.001947s ]
INFO: [ route_check ] --END-- [ RunTime:0.002060s ]
INFO: [ app_begin ] --START--
INFO: ReadHtmlCache Behavior ::run [ RunTime:0.001744s ]
INFO: [ app_begin ] --END-- [ RunTime:0.001811s ]
NOTIC: 建议使用I方法替代_param
SQL: SHOW COLUMNS FROM `pro_sign` [ RunTime:0.008779s ]
SQL: SELECT * FROM `pro_sign` WHERE ( uid='1' )  [ RunTime:0.000430s ]
INFO: [ view_parse ] --START--
NOTIC: [8] Undefined variable: PHP_SELF F:\www\t_test\Runtime\Cache\e9279ae90cd5b1aa5c46592bc6b64161.php 第 16 行.
NOTIC: [8] Undefined variable: PHP_SELF F:\www\t_test\Runtime\Cache\e9279ae90cd5b1aa5c46592bc6b64161.php 第 16 行.
INFO: ParseTemplate Behavior ::run [ RunTime:0.018618s ]
INFO: [ view_parse ] --END-- [ RunTime:0.018738s ]
INFO: [ view_filter ] --START--
INFO: ContentReplace Behavior ::run [ RunTime:0.002279s ]
INFO: TokenBuild Behavior ::run [ RunTime:0.001776s ]
INFO: WriteHtmlCache Behavior ::run [ RunTime:0.001557s ]
INFO: ShowRuntime Behavior ::run [ RunTime:0.001777s ]
INFO: [ view_filter ] --END-- [ RunTime:0.007626s ]
INFO: [ view_end ] --START--
INFO: ShowPageTrace Behavior ::run [ RunTime:0.001970s ]
INFO: [ view_end ] --END-- [ RunTime:0.002060s ]

[ 2013-07-17T14:52:23+08:00 ] 127.0.0.1 /t_test/index.php/Main/result/msg/%2C1%E5%B7%B2%E7%AD%BE%E5%88%B0.html?date=2013-07-31
INFO: [ route_check ] --START--
INFO: CheckRoute Behavior ::run [ RunTime:0.002091s ]
INFO: [ route_check ] --END-- [ RunTime:0.002205s ]
INFO: [ app_begin ] --START--
INFO: ReadHtmlCache Behavior ::run [ RunTime:0.002055s ]
INFO: [ app_begin ] --END-- [ RunTime:0.002186s ]
NOTIC: 建议使用I方法替代_param
SQL: SHOW COLUMNS FROM `pro_sign` [ RunTime:0.007715s ]
SQL: SELECT * FROM `pro_sign` WHERE ( uid='1' )  [ RunTime:0.000411s ]
INFO: [ view_parse ] --START--
NOTIC: [8] Undefined variable: PHP_SELF F:\www\t_test\Runtime\Cache\e9279ae90cd5b1aa5c46592bc6b64161.php 第 16 行.
NOTIC: [8] Undefined variable: PHP_SELF F:\www\t_test\Runtime\Cache\e9279ae90cd5b1aa5c46592bc6b64161.php 第 16 行.
INFO: ParseTemplate Behavior ::run [ RunTime:0.016290s ]
INFO: [ view_parse ] --END-- [ RunTime:0.016384s ]
INFO: [ view_filter ] --START--
INFO: ContentReplace Behavior ::run [ RunTime:0.001693s ]
INFO: TokenBuild Behavior ::run [ RunTime:0.002159s ]
INFO: WriteHtmlCache Behavior ::run [ RunTime:0.002621s ]
INFO: ShowRuntime Behavior ::run [ RunTime:0.002430s ]
INFO: [ view_filter ] --END-- [ RunTime:0.009241s ]
INFO: [ view_end ] --START--
INFO: ShowPageTrace Behavior ::run [ RunTime:0.002100s ]
INFO: [ view_end ] --END-- [ RunTime:0.002457s ]

[ 2013-07-17T14:52:32+08:00 ] 127.0.0.1 /t_test/index.php/Main/result/msg/%2C1%E5%B7%B2%E7%AD%BE%E5%88%B0.html?date=2013-08-01
INFO: [ route_check ] --START--
INFO: CheckRoute Behavior ::run [ RunTime:0.003153s ]
INFO: [ route_check ] --END-- [ RunTime:0.003369s ]
INFO: [ app_begin ] --START--
INFO: ReadHtmlCache Behavior ::run [ RunTime:0.002056s ]
INFO: [ app_begin ] --END-- [ RunTime:0.002196s ]
NOTIC: 建议使用I方法替代_param
SQL: SHOW COLUMNS FROM `pro_sign` [ RunTime:0.006588s ]
SQL: SELECT * FROM `pro_sign` WHERE ( uid='1' )  [ RunTime:0.000502s ]
INFO: [ view_parse ] --START--
NOTIC: [8] Undefined variable: PHP_SELF F:\www\t_test\Runtime\Cache\e9279ae90cd5b1aa5c46592bc6b64161.php 第 16 行.
NOTIC: [8] Undefined variable: PHP_SELF F:\www\t_test\Runtime\Cache\e9279ae90cd5b1aa5c46592bc6b64161.php 第 16 行.
INFO: ParseTemplate Behavior ::run [ RunTime:0.016525s ]
INFO: [ view_parse ] --END-- [ RunTime:0.016627s ]
INFO: [ view_filter ] --START--
INFO: ContentReplace Behavior ::run [ RunTime:0.001718s ]
INFO: TokenBuild Behavior ::run [ RunTime:0.001635s ]
INFO: WriteHtmlCache Behavior ::run [ RunTime:0.001522s ]
INFO: ShowRuntime Behavior ::run [ RunTime:0.002383s ]
INFO: [ view_filter ] --END-- [ RunTime:0.007452s ]
INFO: [ view_end ] --START--
INFO: ShowPageTrace Behavior ::run [ RunTime:0.002226s ]
INFO: [ view_end ] --END-- [ RunTime:0.002429s ]

[ 2013-07-17T14:52:37+08:00 ] 127.0.0.1 /t_test/index.php/Main/result/msg/%2C1%E5%B7%B2%E7%AD%BE%E5%88%B0.html?date=2013-09-01
INFO: [ route_check ] --START--
INFO: CheckRoute Behavior ::run [ RunTime:0.002254s ]
INFO: [ route_check ] --END-- [ RunTime:0.002372s ]
INFO: [ app_begin ] --START--
INFO: ReadHtmlCache Behavior ::run [ RunTime:0.001931s ]
INFO: [ app_begin ] --END-- [ RunTime:0.002008s ]
NOTIC: 建议使用I方法替代_param
SQL: SHOW COLUMNS FROM `pro_sign` [ RunTime:0.006451s ]
SQL: SELECT * FROM `pro_sign` WHERE ( uid='1' )  [ RunTime:0.000472s ]
INFO: [ view_parse ] --START--
NOTIC: [8] Undefined variable: PHP_SELF F:\www\t_test\Runtime\Cache\e9279ae90cd5b1aa5c46592bc6b64161.php 第 16 行.
NOTIC: [8] Undefined variable: PHP_SELF F:\www\t_test\Runtime\Cache\e9279ae90cd5b1aa5c46592bc6b64161.php 第 16 行.
INFO: ParseTemplate Behavior ::run [ RunTime:0.017420s ]
INFO: [ view_parse ] --END-- [ RunTime:0.017525s ]
INFO: [ view_filter ] --START--
INFO: ContentReplace Behavior ::run [ RunTime:0.002761s ]
INFO: TokenBuild Behavior ::run [ RunTime:0.002883s ]
INFO: WriteHtmlCache Behavior ::run [ RunTime:0.002374s ]
INFO: ShowRuntime Behavior ::run [ RunTime:0.002780s ]
INFO: [ view_filter ] --END-- [ RunTime:0.011214s ]
INFO: [ view_end ] --START--
INFO: ShowPageTrace Behavior ::run [ RunTime:0.002308s ]
INFO: [ view_end ] --END-- [ RunTime:0.002412s ]

[ 2013-07-17T14:52:40+08:00 ] 127.0.0.1 /t_test/index.php/Main/result/msg/%2C1%E5%B7%B2%E7%AD%BE%E5%88%B0.html?date=2013-08-31
INFO: [ route_check ] --START--
INFO: CheckRoute Behavior ::run [ RunTime:0.002172s ]
INFO: [ route_check ] --END-- [ RunTime:0.002285s ]
INFO: [ app_begin ] --START--
INFO: ReadHtmlCache Behavior ::run [ RunTime:0.001888s ]
INFO: [ app_begin ] --END-- [ RunTime:0.001976s ]
NOTIC: 建议使用I方法替代_param
SQL: SHOW COLUMNS FROM `pro_sign` [ RunTime:0.007706s ]
SQL: SELECT * FROM `pro_sign` WHERE ( uid='1' )  [ RunTime:0.000456s ]
INFO: [ view_parse ] --START--
NOTIC: [8] Undefined variable: PHP_SELF F:\www\t_test\Runtime\Cache\e9279ae90cd5b1aa5c46592bc6b64161.php 第 16 行.
NOTIC: [8] Undefined variable: PHP_SELF F:\www\t_test\Runtime\Cache\e9279ae90cd5b1aa5c46592bc6b64161.php 第 16 行.
INFO: ParseTemplate Behavior ::run [ RunTime:0.018179s ]
INFO: [ view_parse ] --END-- [ RunTime:0.018293s ]
INFO: [ view_filter ] --START--
INFO: ContentReplace Behavior ::run [ RunTime:0.001955s ]
INFO: TokenBuild Behavior ::run [ RunTime:0.001907s ]
INFO: WriteHtmlCache Behavior ::run [ RunTime:0.001871s ]
INFO: ShowRuntime Behavior ::run [ RunTime:0.002228s ]
INFO: [ view_filter ] --END-- [ RunTime:0.008331s ]
INFO: [ view_end ] --START--
INFO: ShowPageTrace Behavior ::run [ RunTime:0.001901s ]
INFO: [ view_end ] --END-- [ RunTime:0.001973s ]

[ 2013-07-17T14:52:44+08:00 ] 127.0.0.1 /t_test/index.php/Main/result/msg/%2C1%E5%B7%B2%E7%AD%BE%E5%88%B0.html?date=2013-07-31
INFO: [ route_check ] --START--
INFO: CheckRoute Behavior ::run [ RunTime:0.002248s ]
INFO: [ route_check ] --END-- [ RunTime:0.002394s ]
INFO: [ app_begin ] --START--
INFO: ReadHtmlCache Behavior ::run [ RunTime:0.002104s ]
INFO: [ app_begin ] --END-- [ RunTime:0.002283s ]
NOTIC: 建议使用I方法替代_param
SQL: SHOW COLUMNS FROM `pro_sign` [ RunTime:0.006626s ]
SQL: SELECT * FROM `pro_sign` WHERE ( uid='1' )  [ RunTime:0.000370s ]
INFO: [ view_parse ] --START--
NOTIC: [8] Undefined variable: PHP_SELF F:\www\t_test\Runtime\Cache\e9279ae90cd5b1aa5c46592bc6b64161.php 第 16 行.
NOTIC: [8] Undefined variable: PHP_SELF F:\www\t_test\Runtime\Cache\e9279ae90cd5b1aa5c46592bc6b64161.php 第 16 行.
INFO: ParseTemplate Behavior ::run [ RunTime:0.018564s ]
INFO: [ view_parse ] --END-- [ RunTime:0.018666s ]
INFO: [ view_filter ] --START--
INFO: ContentReplace Behavior ::run [ RunTime:0.002518s ]
INFO: TokenBuild Behavior ::run [ RunTime:0.002490s ]
INFO: WriteHtmlCache Behavior ::run [ RunTime:0.002079s ]
INFO: ShowRuntime Behavior ::run [ RunTime:0.002972s ]
INFO: [ view_filter ] --END-- [ RunTime:0.010446s ]
INFO: [ view_end ] --START--
INFO: ShowPageTrace Behavior ::run [ RunTime:0.002484s ]
INFO: [ view_end ] --END-- [ RunTime:0.002616s ]

[ 2013-07-17T15:00:18+08:00 ] 127.0.0.1 /t_test/index.php/Main/sign
INFO: [ route_check ] --START--
INFO: CheckRoute Behavior ::run [ RunTime:0.002602s ]
INFO: [ route_check ] --END-- [ RunTime:0.002740s ]
INFO: [ app_begin ] --START--
INFO: ReadHtmlCache Behavior ::run [ RunTime:0.002125s ]
INFO: [ app_begin ] --END-- [ RunTime:0.002250s ]
NOTIC: 建议使用I方法替代_param
SQL: SHOW COLUMNS FROM `pro_sign` [ RunTime:0.008413s ]
SQL: SHOW COLUMNS FROM `pro_shistory` [ RunTime:0.007121s ]
SQL: SELECT * FROM `pro_sign` WHERE ( uid='1' AND oid='1' ) LIMIT 1   [ RunTime:0.000527s ]
NOTIC: [8] Undefined variable: msg F:\www\t_test\Lib\Action\MainAction.class.php 第 31 行.

[ 2013-07-17T15:00:19+08:00 ] 127.0.0.1 /t_test/index.php/Main/result/msg/%2C1%E5%B7%B2%E7%AD%BE%E5%88%B0.html
INFO: [ route_check ] --START--
INFO: CheckRoute Behavior ::run [ RunTime:0.002451s ]
INFO: [ route_check ] --END-- [ RunTime:0.002606s ]
INFO: [ app_begin ] --START--
INFO: ReadHtmlCache Behavior ::run [ RunTime:0.001938s ]
INFO: [ app_begin ] --END-- [ RunTime:0.002055s ]
NOTIC: 建议使用I方法替代_param
SQL: SHOW COLUMNS FROM `pro_sign` [ RunTime:0.008115s ]
SQL: SELECT * FROM `pro_sign` WHERE ( uid='1' )  [ RunTime:0.000473s ]
SQL: SHOW COLUMNS FROM `pro_shistory` [ RunTime:0.008838s ]
INFO: [ view_parse ] --START--
INFO: ParseTemplate Behavior ::run [ RunTime:0.016479s ]
INFO: [ view_parse ] --END-- [ RunTime:0.016640s ]
INFO: [ view_filter ] --START--
INFO: ContentReplace Behavior ::run [ RunTime:0.002111s ]
INFO: TokenBuild Behavior ::run [ RunTime:0.002207s ]
INFO: WriteHtmlCache Behavior ::run [ RunTime:0.001878s ]
INFO: ShowRuntime Behavior ::run [ RunTime:0.002146s ]
INFO: [ view_filter ] --END-- [ RunTime:0.008691s ]
INFO: [ view_end ] --START--
INFO: ShowPageTrace Behavior ::run [ RunTime:0.002535s ]
INFO: [ view_end ] --END-- [ RunTime:0.002654s ]

[ 2013-07-17T15:26:17+08:00 ] 127.0.0.1 /t_test/index.php/Main/sign
INFO: [ route_check ] --START--
INFO: CheckRoute Behavior ::run [ RunTime:0.001324s ]
INFO: [ route_check ] --END-- [ RunTime:0.001477s ]
INFO: [ app_begin ] --START--
INFO: ReadHtmlCache Behavior ::run [ RunTime:0.000929s ]
INFO: [ app_begin ] --END-- [ RunTime:0.001035s ]
NOTIC: 建议使用I方法替代_param
SQL: SHOW COLUMNS FROM `pro_sign` [ RunTime:0.007174s ]
SQL: SHOW COLUMNS FROM `pro_shistory` [ RunTime:0.007640s ]
SQL: SELECT * FROM `pro_sign` WHERE ( uid='1' AND oid='1' ) LIMIT 1   [ RunTime:0.000577s ]
NOTIC: [8] Undefined variable: msg F:\www\t_test\Lib\Action\MainAction.class.php 第 31 行.

[ 2013-07-17T15:26:18+08:00 ] 127.0.0.1 /t_test/index.php/Main/result/msg/%2C1%E5%B7%B2%E7%AD%BE%E5%88%B0.html
INFO: [ route_check ] --START--
INFO: CheckRoute Behavior ::run [ RunTime:0.001007s ]
INFO: [ route_check ] --END-- [ RunTime:0.001127s ]
INFO: [ app_begin ] --START--
INFO: ReadHtmlCache Behavior ::run [ RunTime:0.000785s ]
INFO: [ app_begin ] --END-- [ RunTime:0.000855s ]
NOTIC: 建议使用I方法替代_param
SQL: SHOW COLUMNS FROM `pro_sign` [ RunTime:0.006902s ]
SQL: SELECT * FROM `pro_sign` WHERE ( uid='1' )  [ RunTime:0.000456s ]
SQL: SHOW COLUMNS FROM `pro_shistory` [ RunTime:0.006287s ]
SQL: SELECT * FROM `pro_shistory` WHERE ( uid='1' )  [ RunTime:0.000453s ]
NOTIC: [8] Undefined index: shistory F:\www\t_test\Lib\Action\MainAction.class.php 第 94 行.
NOTIC: [8] Undefined index: shistory F:\www\t_test\Lib\Action\MainAction.class.php 第 94 行.
NOTIC: [8] Undefined index: shistory F:\www\t_test\Lib\Action\MainAction.class.php 第 94 行.
NOTIC: [8] Undefined index: shistory F:\www\t_test\Lib\Action\MainAction.class.php 第 94 行.
INFO: [ view_parse ] --START--
INFO: ParseTemplate Behavior ::run [ RunTime:0.009435s ]
INFO: [ view_parse ] --END-- [ RunTime:0.009581s ]
INFO: [ view_filter ] --START--
INFO: ContentReplace Behavior ::run [ RunTime:0.000724s ]
INFO: TokenBuild Behavior ::run [ RunTime:0.000705s ]
INFO: WriteHtmlCache Behavior ::run [ RunTime:0.000376s ]
INFO: ShowRuntime Behavior ::run [ RunTime:0.000675s ]
INFO: [ view_filter ] --END-- [ RunTime:0.002702s ]
INFO: [ view_end ] --START--
INFO: ShowPageTrace Behavior ::run [ RunTime:0.001335s ]
INFO: [ view_end ] --END-- [ RunTime:0.001463s ]

[ 2013-07-17T15:36:26+08:00 ] 127.0.0.1 /t_test/index.php/Main/sign
INFO: [ route_check ] --START--
INFO: CheckRoute Behavior ::run [ RunTime:0.001030s ]
INFO: [ route_check ] --END-- [ RunTime:0.001179s ]
INFO: [ app_begin ] --START--
INFO: ReadHtmlCache Behavior ::run [ RunTime:0.000800s ]
INFO: [ app_begin ] --END-- [ RunTime:0.000863s ]
NOTIC: 建议使用I方法替代_param
SQL: SHOW COLUMNS FROM `pro_sign` [ RunTime:0.007340s ]
SQL: SHOW COLUMNS FROM `pro_shistory` [ RunTime:0.007828s ]
SQL: SELECT * FROM `pro_sign` WHERE ( uid='1' AND oid='1' ) LIMIT 1   [ RunTime:0.000585s ]
NOTIC: [8] Undefined variable: msg F:\www\t_test\Lib\Action\MainAction.class.php 第 31 行.

[ 2013-07-17T15:36:27+08:00 ] 127.0.0.1 /t_test/index.php/Main/result/msg/%2C1%E5%B7%B2%E7%AD%BE%E5%88%B0.html
INFO: [ route_check ] --START--
INFO: CheckRoute Behavior ::run [ RunTime:0.001066s ]
INFO: [ route_check ] --END-- [ RunTime:0.001169s ]
INFO: [ app_begin ] --START--
INFO: ReadHtmlCache Behavior ::run [ RunTime:0.000798s ]
INFO: [ app_begin ] --END-- [ RunTime:0.000865s ]
NOTIC: 建议使用I方法替代_param
SQL: SHOW COLUMNS FROM `pro_sign` [ RunTime:0.006423s ]
SQL: SELECT * FROM `pro_sign` WHERE ( uid='1' )  [ RunTime:0.000458s ]
SQL: SHOW COLUMNS FROM `pro_shistory` [ RunTime:0.006234s ]
SQL: SELECT * FROM `pro_shistory` WHERE ( uid='1' )  [ RunTime:0.000481s ]
NOTIC: [8] Undefined index: shistory F:\www\t_test\Lib\Action\MainAction.class.php 第 95 行.
NOTIC: [8] Undefined index: shistory F:\www\t_test\Lib\Action\MainAction.class.php 第 95 行.
NOTIC: [8] Undefined index: shistory F:\www\t_test\Lib\Action\MainAction.class.php 第 95 行.
NOTIC: [8] Undefined index: shistory F:\www\t_test\Lib\Action\MainAction.class.php 第 95 行.
INFO: [ view_parse ] --START--
INFO: ParseTemplate Behavior ::run [ RunTime:0.009653s ]
INFO: [ view_parse ] --END-- [ RunTime:0.009786s ]
INFO: [ view_filter ] --START--
INFO: ContentReplace Behavior ::run [ RunTime:0.000964s ]
INFO: TokenBuild Behavior ::run [ RunTime:0.000938s ]
INFO: WriteHtmlCache Behavior ::run [ RunTime:0.000558s ]
INFO: ShowRuntime Behavior ::run [ RunTime:0.000758s ]
INFO: [ view_filter ] --END-- [ RunTime:0.003477s ]
INFO: [ view_end ] --START--
INFO: ShowPageTrace Behavior ::run [ RunTime:0.000943s ]
INFO: [ view_end ] --END-- [ RunTime:0.001045s ]

[ 2013-07-17T15:48:51+08:00 ] 127.0.0.1 /t_test/index.php/Main/sign
INFO: [ route_check ] --START--
INFO: CheckRoute Behavior ::run [ RunTime:0.001581s ]
INFO: [ route_check ] --END-- [ RunTime:0.001752s ]
INFO: [ app_begin ] --START--
INFO: ReadHtmlCache Behavior ::run [ RunTime:0.001447s ]
INFO: [ app_begin ] --END-- [ RunTime:0.001623s ]
NOTIC: 建议使用I方法替代_param
SQL: SHOW COLUMNS FROM `pro_sign` [ RunTime:0.009284s ]
SQL: SHOW COLUMNS FROM `pro_shistory` [ RunTime:0.008955s ]
SQL: SELECT * FROM `pro_sign` WHERE ( uid='1' AND oid='1' ) LIMIT 1   [ RunTime:0.000894s ]
NOTIC: [8] Undefined variable: msg F:\www\t_test\Lib\Action\MainAction.class.php 第 31 行.

[ 2013-07-17T15:48:52+08:00 ] 127.0.0.1 /t_test/index.php/Main/result/msg/%2C1%E5%B7%B2%E7%AD%BE%E5%88%B0.html
INFO: [ route_check ] --START--
INFO: CheckRoute Behavior ::run [ RunTime:0.001676s ]
INFO: [ route_check ] --END-- [ RunTime:0.001828s ]
INFO: [ app_begin ] --START--
INFO: ReadHtmlCache Behavior ::run [ RunTime:0.001032s ]
INFO: [ app_begin ] --END-- [ RunTime:0.001119s ]
NOTIC: 建议使用I方法替代_param
SQL: SHOW COLUMNS FROM `pro_sign` [ RunTime:0.007886s ]
SQL: SELECT * FROM `pro_sign` WHERE ( uid='1' )  [ RunTime:0.000423s ]
SQL: SHOW COLUMNS FROM `pro_shistory` [ RunTime:0.007635s ]
SQL: SELECT * FROM `pro_shistory` WHERE ( uid='1' )  [ RunTime:0.000513s ]
INFO: [ view_parse ] --START--
NOTIC: [8] Undefined index: state F:\www\t_test\Runtime\Cache\e9279ae90cd5b1aa5c46592bc6b64161.php 第 16 行.
NOTIC: [8] Undefined index: state F:\www\t_test\Runtime\Cache\e9279ae90cd5b1aa5c46592bc6b64161.php 第 16 行.
NOTIC: [8] Undefined index: state F:\www\t_test\Runtime\Cache\e9279ae90cd5b1aa5c46592bc6b64161.php 第 16 行.
NOTIC: [8] Undefined index: state F:\www\t_test\Runtime\Cache\e9279ae90cd5b1aa5c46592bc6b64161.php 第 16 行.
INFO: ParseTemplate Behavior ::run [ RunTime:0.013713s ]
INFO: [ view_parse ] --END-- [ RunTime:0.013814s ]
INFO: [ view_filter ] --START--
INFO: ContentReplace Behavior ::run [ RunTime:0.001003s ]
INFO: TokenBuild Behavior ::run [ RunTime:0.000984s ]
INFO: WriteHtmlCache Behavior ::run [ RunTime:0.000522s ]
INFO: ShowRuntime Behavior ::run [ RunTime:0.000699s ]
INFO: [ view_filter ] --END-- [ RunTime:0.003480s ]
INFO: [ view_end ] --START--
INFO: ShowPageTrace Behavior ::run [ RunTime:0.001259s ]
INFO: [ view_end ] --END-- [ RunTime:0.001376s ]

[ 2013-07-17T15:49:37+08:00 ] 127.0.0.1 /t_test/index.php/Main/sign
INFO: [ route_check ] --START--
INFO: CheckRoute Behavior ::run [ RunTime:0.001623s ]
INFO: [ route_check ] --END-- [ RunTime:0.001794s ]
INFO: [ app_begin ] --START--
INFO: ReadHtmlCache Behavior ::run [ RunTime:0.001377s ]
INFO: [ app_begin ] --END-- [ RunTime:0.001543s ]
NOTIC: 建议使用I方法替代_param
SQL: SHOW COLUMNS FROM `pro_sign` [ RunTime:0.007355s ]
SQL: SHOW COLUMNS FROM `pro_shistory` [ RunTime:0.007119s ]
SQL: SELECT * FROM `pro_sign` WHERE ( uid='1' AND oid='1' ) LIMIT 1   [ RunTime:0.000400s ]
NOTIC: [8] Undefined variable: msg F:\www\t_test\Lib\Action\MainAction.class.php 第 31 行.

[ 2013-07-17T15:49:38+08:00 ] 127.0.0.1 /t_test/index.php/Main/result/msg/%2C1%E5%B7%B2%E7%AD%BE%E5%88%B0.html
INFO: [ route_check ] --START--
INFO: CheckRoute Behavior ::run [ RunTime:0.001648s ]
INFO: [ route_check ] --END-- [ RunTime:0.001830s ]
INFO: [ app_begin ] --START--
INFO: ReadHtmlCache Behavior ::run [ RunTime:0.001277s ]
INFO: [ app_begin ] --END-- [ RunTime:0.001447s ]
NOTIC: 建议使用I方法替代_param
SQL: SHOW COLUMNS FROM `pro_sign` [ RunTime:0.009261s ]
SQL: SELECT * FROM `pro_sign` WHERE ( uid='1' )  [ RunTime:0.000430s ]
SQL: SHOW COLUMNS FROM `pro_shistory` [ RunTime:0.008104s ]
SQL: SELECT * FROM `pro_shistory` WHERE ( uid='1' )  [ RunTime:0.001228s ]
INFO: [ view_parse ] --START--
INFO: ParseTemplate Behavior ::run [ RunTime:0.015148s ]
INFO: [ view_parse ] --END-- [ RunTime:0.015323s ]
INFO: [ view_filter ] --START--
INFO: ContentReplace Behavior ::run [ RunTime:0.000941s ]
INFO: TokenBuild Behavior ::run [ RunTime:0.000905s ]
INFO: WriteHtmlCache Behavior ::run [ RunTime:0.000557s ]
INFO: ShowRuntime Behavior ::run [ RunTime:0.001000s ]
INFO: [ view_filter ] --END-- [ RunTime:0.003710s ]
INFO: [ view_end ] --START--
INFO: ShowPageTrace Behavior ::run [ RunTime:0.001471s ]
INFO: [ view_end ] --END-- [ RunTime:0.001599s ]

[ 2013-07-17T15:51:24+08:00 ] 127.0.0.1 /t_test/index.php/Main/sign
INFO: [ route_check ] --START--
INFO: CheckRoute Behavior ::run [ RunTime:0.001483s ]
INFO: [ route_check ] --END-- [ RunTime:0.001659s ]
INFO: [ app_begin ] --START--
INFO: ReadHtmlCache Behavior ::run [ RunTime:0.001022s ]
INFO: [ app_begin ] --END-- [ RunTime:0.001157s ]
NOTIC: 建议使用I方法替代_param
SQL: SHOW COLUMNS FROM `pro_sign` [ RunTime:0.008512s ]
SQL: SHOW COLUMNS FROM `pro_shistory` [ RunTime:0.006801s ]
SQL: SELECT * FROM `pro_sign` WHERE ( uid='1' AND oid='1' ) LIMIT 1   [ RunTime:0.000481s ]
NOTIC: [8] Undefined variable: msg F:\www\t_test\Lib\Action\MainAction.class.php 第 31 行.

[ 2013-07-17T15:51:25+08:00 ] 127.0.0.1 /t_test/index.php/Main/result/msg/%2C1%E5%B7%B2%E7%AD%BE%E5%88%B0.html
INFO: [ route_check ] --START--
INFO: CheckRoute Behavior ::run [ RunTime:0.001632s ]
INFO: [ route_check ] --END-- [ RunTime:0.001807s ]
INFO: [ app_begin ] --START--
INFO: ReadHtmlCache Behavior ::run [ RunTime:0.001207s ]
INFO: [ app_begin ] --END-- [ RunTime:0.001334s ]
NOTIC: 建议使用I方法替代_param
SQL: SHOW COLUMNS FROM `pro_sign` [ RunTime:0.006702s ]
SQL: SELECT * FROM `pro_sign` WHERE ( uid='1' )  [ RunTime:0.000389s ]
SQL: SHOW COLUMNS FROM `pro_shistory` [ RunTime:0.007036s ]
SQL: SELECT * FROM `pro_shistory` WHERE ( uid='1' )  [ RunTime:0.000464s ]
INFO: [ view_parse ] --START--
INFO: ParseTemplate Behavior ::run [ RunTime:0.013003s ]
INFO: [ view_parse ] --END-- [ RunTime:0.013215s ]
INFO: [ view_filter ] --START--
INFO: ContentReplace Behavior ::run [ RunTime:0.000810s ]
INFO: TokenBuild Behavior ::run [ RunTime:0.001006s ]
INFO: WriteHtmlCache Behavior ::run [ RunTime:0.000496s ]
INFO: ShowRuntime Behavior ::run [ RunTime:0.000578s ]
INFO: [ view_filter ] --END-- [ RunTime:0.003129s ]
INFO: [ view_end ] --START--
INFO: ShowPageTrace Behavior ::run [ RunTime:0.000953s ]
INFO: [ view_end ] --END-- [ RunTime:0.001017s ]

[ 2013-07-17T15:52:17+08:00 ] 127.0.0.1 /t_test/index.php/Main/sign
INFO: [ route_check ] --START--
INFO: CheckRoute Behavior ::run [ RunTime:0.001620s ]
INFO: [ route_check ] --END-- [ RunTime:0.001794s ]
INFO: [ app_begin ] --START--
INFO: ReadHtmlCache Behavior ::run [ RunTime:0.000947s ]
INFO: [ app_begin ] --END-- [ RunTime:0.001054s ]
NOTIC: 建议使用I方法替代_param
SQL: SHOW COLUMNS FROM `pro_sign` [ RunTime:0.008025s ]
SQL: SHOW COLUMNS FROM `pro_shistory` [ RunTime:0.008305s ]
SQL: SELECT * FROM `pro_sign` WHERE ( uid='1' AND oid='1' ) LIMIT 1   [ RunTime:0.000405s ]
NOTIC: [8] Undefined variable: msg F:\www\t_test\Lib\Action\MainAction.class.php 第 31 行.

[ 2013-07-17T15:52:18+08:00 ] 127.0.0.1 /t_test/index.php/Main/result/msg/%2C1%E5%B7%B2%E7%AD%BE%E5%88%B0.html
INFO: [ route_check ] --START--
INFO: CheckRoute Behavior ::run [ RunTime:0.001325s ]
INFO: [ route_check ] --END-- [ RunTime:0.001445s ]
INFO: [ app_begin ] --START--
INFO: ReadHtmlCache Behavior ::run [ RunTime:0.001291s ]
INFO: [ app_begin ] --END-- [ RunTime:0.001404s ]
NOTIC: 建议使用I方法替代_param
SQL: SHOW COLUMNS FROM `pro_sign` [ RunTime:0.006987s ]
SQL: SELECT * FROM `pro_sign` WHERE ( uid='1' )  [ RunTime:0.000452s ]
SQL: SHOW COLUMNS FROM `pro_shistory` [ RunTime:0.007168s ]
SQL: SELECT * FROM `pro_shistory` WHERE ( uid='1' )  [ RunTime:0.000460s ]
INFO: [ view_parse ] --START--
INFO: ParseTemplate Behavior ::run [ RunTime:0.012334s ]
INFO: [ view_parse ] --END-- [ RunTime:0.012470s ]
INFO: [ view_filter ] --START--
INFO: ContentReplace Behavior ::run [ RunTime:0.000995s ]
INFO: TokenBuild Behavior ::run [ RunTime:0.000763s ]
INFO: WriteHtmlCache Behavior ::run [ RunTime:0.000399s ]
INFO: ShowRuntime Behavior ::run [ RunTime:0.000509s ]
INFO: [ view_filter ] --END-- [ RunTime:0.002903s ]
INFO: [ view_end ] --START--
INFO: ShowPageTrace Behavior ::run [ RunTime:0.000916s ]
INFO: [ view_end ] --END-- [ RunTime:0.000993s ]

[ 2013-07-17T15:52:40+08:00 ] 127.0.0.1 /t_test/index.php/Main/sign
INFO: [ route_check ] --START--
INFO: CheckRoute Behavior ::run [ RunTime:0.001211s ]
INFO: [ route_check ] --END-- [ RunTime:0.001351s ]
INFO: [ app_begin ] --START--
INFO: ReadHtmlCache Behavior ::run [ RunTime:0.001107s ]
INFO: [ app_begin ] --END-- [ RunTime:0.001240s ]
NOTIC: 建议使用I方法替代_param
SQL: SHOW COLUMNS FROM `pro_sign` [ RunTime:0.007197s ]
SQL: SHOW COLUMNS FROM `pro_shistory` [ RunTime:0.007570s ]
SQL: SELECT * FROM `pro_sign` WHERE ( uid='1' AND oid='1' ) LIMIT 1   [ RunTime:0.000476s ]
NOTIC: [8] Undefined variable: msg F:\www\t_test\Lib\Action\MainAction.class.php 第 31 行.

[ 2013-07-17T15:52:41+08:00 ] 127.0.0.1 /t_test/index.php/Main/result/msg/%2C1%E5%B7%B2%E7%AD%BE%E5%88%B0.html
INFO: [ route_check ] --START--
INFO: CheckRoute Behavior ::run [ RunTime:0.001238s ]
INFO: [ route_check ] --END-- [ RunTime:0.001363s ]
INFO: [ app_begin ] --START--
INFO: ReadHtmlCache Behavior ::run [ RunTime:0.000928s ]
INFO: [ app_begin ] --END-- [ RunTime:0.001005s ]
NOTIC: 建议使用I方法替代_param
SQL: SHOW COLUMNS FROM `pro_sign` [ RunTime:0.006370s ]
SQL: SELECT * FROM `pro_sign` WHERE ( uid='1' )  [ RunTime:0.000437s ]
SQL: SHOW COLUMNS FROM `pro_shistory` [ RunTime:0.008788s ]
SQL: SELECT * FROM `pro_shistory` WHERE ( uid='1' )  [ RunTime:0.000418s ]
INFO: [ view_parse ] --START--
INFO: ParseTemplate Behavior ::run [ RunTime:0.011530s ]
INFO: [ view_parse ] --END-- [ RunTime:0.011658s ]
INFO: [ view_filter ] --START--
INFO: ContentReplace Behavior ::run [ RunTime:0.000837s ]
INFO: TokenBuild Behavior ::run [ RunTime:0.000727s ]
INFO: WriteHtmlCache Behavior ::run [ RunTime:0.000427s ]
INFO: ShowRuntime Behavior ::run [ RunTime:0.000535s ]
INFO: [ view_filter ] --END-- [ RunTime:0.002751s ]
INFO: [ view_end ] --START--
INFO: ShowPageTrace Behavior ::run [ RunTime:0.000890s ]
INFO: [ view_end ] --END-- [ RunTime:0.000975s ]

[ 2013-07-17T15:57:24+08:00 ] 127.0.0.1 /t_test/index.php/Main/sign
INFO: [ route_check ] --START--
INFO: CheckRoute Behavior ::run [ RunTime:0.001275s ]
INFO: [ route_check ] --END-- [ RunTime:0.001420s ]
INFO: [ app_begin ] --START--
INFO: ReadHtmlCache Behavior ::run [ RunTime:0.000938s ]
INFO: [ app_begin ] --END-- [ RunTime:0.001043s ]
NOTIC: 建议使用I方法替代_param
SQL: SHOW COLUMNS FROM `pro_sign` [ RunTime:0.006259s ]
SQL: SHOW COLUMNS FROM `pro_shistory` [ RunTime:0.005699s ]
SQL: SELECT * FROM `pro_sign` WHERE ( uid='1' AND oid='1' ) LIMIT 1   [ RunTime:0.000411s ]
SQL: INSERT INTO `pro_sign` (`uid`,`oid`,`scount`,`stotal`,`slastdate`) VALUES (1,1,1,1,'2013-07-17') [ RunTime:0.062457s ]
NOTIC: [8] Use of undefined constant d - assumed 'd' F:\www\t_test\Lib\Action\MainAction.class.php 第 73 行.
SQL: INSERT INTO `pro_shistory` (`uid`,`oid`,`sdate`,`shistory`) VALUES (1,1,'2013-07',65536) [ RunTime:0.028838s ]
NOTIC: [8] Undefined variable: msg F:\www\t_test\Lib\Action\MainAction.class.php 第 75 行.

[ 2013-07-17T15:57:25+08:00 ] 127.0.0.1 /t_test/index.php/Main/result/msg/%2C1%E7%AD%BE%E5%88%B0%E6%88%90%E5%8A%9F.html
INFO: [ route_check ] --START--
INFO: CheckRoute Behavior ::run [ RunTime:0.001339s ]
INFO: [ route_check ] --END-- [ RunTime:0.001473s ]
INFO: [ app_begin ] --START--
INFO: ReadHtmlCache Behavior ::run [ RunTime:0.000916s ]
INFO: [ app_begin ] --END-- [ RunTime:0.001010s ]
NOTIC: 建议使用I方法替代_param
SQL: SHOW COLUMNS FROM `pro_sign` [ RunTime:0.006930s ]
SQL: SELECT * FROM `pro_sign` WHERE ( uid='1' )  [ RunTime:0.000461s ]
SQL: SHOW COLUMNS FROM `pro_shistory` [ RunTime:0.007463s ]
SQL: SELECT * FROM `pro_shistory` WHERE ( uid='1' )  [ RunTime:0.000423s ]
INFO: [ view_parse ] --START--
INFO: ParseTemplate Behavior ::run [ RunTime:0.011277s ]
INFO: [ view_parse ] --END-- [ RunTime:0.011404s ]
INFO: [ view_filter ] --START--
INFO: ContentReplace Behavior ::run [ RunTime:0.000789s ]
INFO: TokenBuild Behavior ::run [ RunTime:0.000874s ]
INFO: WriteHtmlCache Behavior ::run [ RunTime:0.000378s ]
INFO: ShowRuntime Behavior ::run [ RunTime:0.000487s ]
INFO: [ view_filter ] --END-- [ RunTime:0.002718s ]
INFO: [ view_end ] --START--
INFO: ShowPageTrace Behavior ::run [ RunTime:0.000847s ]
INFO: [ view_end ] --END-- [ RunTime:0.000917s ]

[ 2013-07-17T16:00:00+08:00 ] 127.0.0.1 /t_test/index.php/Main/sign
INFO: [ route_check ] --START--
INFO: CheckRoute Behavior ::run [ RunTime:0.001137s ]
INFO: [ route_check ] --END-- [ RunTime:0.001304s ]
INFO: [ app_begin ] --START--
INFO: ReadHtmlCache Behavior ::run [ RunTime:0.000802s ]
INFO: [ app_begin ] --END-- [ RunTime:0.000882s ]
NOTIC: 建议使用I方法替代_param
SQL: SHOW COLUMNS FROM `pro_sign` [ RunTime:0.006841s ]
SQL: SHOW COLUMNS FROM `pro_shistory` [ RunTime:0.006654s ]
SQL: SELECT * FROM `pro_sign` WHERE ( uid='1' AND oid='1' ) LIMIT 1   [ RunTime:0.000486s ]
NOTIC: [8] Undefined variable: msg F:\www\t_test\Lib\Action\MainAction.class.php 第 31 行.

[ 2013-07-17T16:00:01+08:00 ] 127.0.0.1 /t_test/index.php/Main/result/msg/%2C1%E5%B7%B2%E7%AD%BE%E5%88%B0.html
INFO: [ route_check ] --START--
INFO: CheckRoute Behavior ::run [ RunTime:0.001025s ]
INFO: [ route_check ] --END-- [ RunTime:0.001130s ]
INFO: [ app_begin ] --START--
INFO: ReadHtmlCache Behavior ::run [ RunTime:0.000892s ]
INFO: [ app_begin ] --END-- [ RunTime:0.000990s ]
NOTIC: 建议使用I方法替代_param
SQL: SHOW COLUMNS FROM `pro_sign` [ RunTime:0.007443s ]
SQL: SELECT * FROM `pro_sign` WHERE ( uid='1' )  [ RunTime:0.000406s ]
SQL: SHOW COLUMNS FROM `pro_shistory` [ RunTime:0.007146s ]
SQL: SELECT * FROM `pro_shistory` WHERE ( uid='1' )  [ RunTime:0.000383s ]
INFO: [ view_parse ] --START--
INFO: ParseTemplate Behavior ::run [ RunTime:0.013745s ]
INFO: [ view_parse ] --END-- [ RunTime:0.013888s ]
INFO: [ view_filter ] --START--
INFO: ContentReplace Behavior ::run [ RunTime:0.000848s ]
INFO: TokenBuild Behavior ::run [ RunTime:0.000703s ]
INFO: WriteHtmlCache Behavior ::run [ RunTime:0.000371s ]
INFO: ShowRuntime Behavior ::run [ RunTime:0.000514s ]
INFO: [ view_filter ] --END-- [ RunTime:0.002620s ]
INFO: [ view_end ] --START--
INFO: ShowPageTrace Behavior ::run [ RunTime:0.000817s ]
INFO: [ view_end ] --END-- [ RunTime:0.000878s ]

[ 2013-07-17T16:00:48+08:00 ] 127.0.0.1 /t_test/index.php/Main/sign
INFO: [ route_check ] --START--
INFO: CheckRoute Behavior ::run [ RunTime:0.001658s ]
INFO: [ route_check ] --END-- [ RunTime:0.001830s ]
INFO: [ app_begin ] --START--
INFO: ReadHtmlCache Behavior ::run [ RunTime:0.000979s ]
INFO: [ app_begin ] --END-- [ RunTime:0.001094s ]
NOTIC: 建议使用I方法替代_param
SQL: SHOW COLUMNS FROM `pro_sign` [ RunTime:0.008905s ]
SQL: SHOW COLUMNS FROM `pro_shistory` [ RunTime:0.006653s ]
SQL: SELECT * FROM `pro_sign` WHERE ( uid='1' AND oid='1' ) LIMIT 1   [ RunTime:0.000410s ]
NOTIC: [8] Undefined variable: msg F:\www\t_test\Lib\Action\MainAction.class.php 第 31 行.

[ 2013-07-17T16:00:49+08:00 ] 127.0.0.1 /t_test/index.php/Main/result/msg/%2C1%E5%B7%B2%E7%AD%BE%E5%88%B0.html
INFO: [ route_check ] --START--
INFO: CheckRoute Behavior ::run [ RunTime:0.001547s ]
INFO: [ route_check ] --END-- [ RunTime:0.001708s ]
INFO: [ app_begin ] --START--
INFO: ReadHtmlCache Behavior ::run [ RunTime:0.000892s ]
INFO: [ app_begin ] --END-- [ RunTime:0.000985s ]
NOTIC: 建议使用I方法替代_param
SQL: SHOW COLUMNS FROM `pro_sign` [ RunTime:0.007432s ]
SQL: SELECT * FROM `pro_sign` WHERE ( uid='1' )  [ RunTime:0.000500s ]
SQL: SHOW COLUMNS FROM `pro_shistory` [ RunTime:0.006735s ]
SQL: SELECT * FROM `pro_shistory` WHERE ( uid='1' )  [ RunTime:0.000347s ]
INFO: [ view_parse ] --START--
INFO: ParseTemplate Behavior ::run [ RunTime:0.011848s ]
INFO: [ view_parse ] --END-- [ RunTime:0.011960s ]
INFO: [ view_filter ] --START--
INFO: ContentReplace Behavior ::run [ RunTime:0.000711s ]
INFO: TokenBuild Behavior ::run [ RunTime:0.000662s ]
INFO: WriteHtmlCache Behavior ::run [ RunTime:0.000346s ]
INFO: ShowRuntime Behavior ::run [ RunTime:0.000476s ]
INFO: [ view_filter ] --END-- [ RunTime:0.002361s ]
INFO: [ view_end ] --START--
INFO: ShowPageTrace Behavior ::run [ RunTime:0.001129s ]
INFO: [ view_end ] --END-- [ RunTime:0.001210s ]

[ 2013-07-17T16:01:04+08:00 ] 127.0.0.1 /t_test/index.php/Main/sign
INFO: [ route_check ] --START--
INFO: CheckRoute Behavior ::run [ RunTime:0.001700s ]
INFO: [ route_check ] --END-- [ RunTime:0.001872s ]
INFO: [ app_begin ] --START--
INFO: ReadHtmlCache Behavior ::run [ RunTime:0.000861s ]
INFO: [ app_begin ] --END-- [ RunTime:0.000936s ]
NOTIC: 建议使用I方法替代_param
SQL: SHOW COLUMNS FROM `pro_sign` [ RunTime:0.006464s ]
SQL: SHOW COLUMNS FROM `pro_shistory` [ RunTime:0.007049s ]
SQL: SELECT * FROM `pro_sign` WHERE ( uid='1' AND oid='1' ) LIMIT 1   [ RunTime:0.000429s ]
NOTIC: [8] Undefined variable: msg F:\www\t_test\Lib\Action\MainAction.class.php 第 31 行.

[ 2013-07-17T16:01:05+08:00 ] 127.0.0.1 /t_test/index.php/Main/result/msg/%2C1%E5%B7%B2%E7%AD%BE%E5%88%B0.html
INFO: [ route_check ] --START--
INFO: CheckRoute Behavior ::run [ RunTime:0.001622s ]
INFO: [ route_check ] --END-- [ RunTime:0.001806s ]
INFO: [ app_begin ] --START--
INFO: ReadHtmlCache Behavior ::run [ RunTime:0.001290s ]
INFO: [ app_begin ] --END-- [ RunTime:0.001484s ]
NOTIC: 建议使用I方法替代_param
SQL: SHOW COLUMNS FROM `pro_sign` [ RunTime:0.006742s ]
SQL: SELECT * FROM `pro_sign` WHERE ( uid='1' )  [ RunTime:0.000402s ]
SQL: SHOW COLUMNS FROM `pro_shistory` [ RunTime:0.007493s ]
SQL: SELECT * FROM `pro_shistory` WHERE ( uid='1' )  [ RunTime:0.000611s ]
INFO: [ view_parse ] --START--
INFO: ParseTemplate Behavior ::run [ RunTime:0.014817s ]
INFO: [ view_parse ] --END-- [ RunTime:0.014969s ]
INFO: [ view_filter ] --START--
INFO: ContentReplace Behavior ::run [ RunTime:0.000816s ]
INFO: TokenBuild Behavior ::run [ RunTime:0.000729s ]
INFO: WriteHtmlCache Behavior ::run [ RunTime:0.000393s ]
INFO: ShowRuntime Behavior ::run [ RunTime:0.000499s ]
INFO: [ view_filter ] --END-- [ RunTime:0.002663s ]
INFO: [ view_end ] --START--
INFO: ShowPageTrace Behavior ::run [ RunTime:0.000839s ]
INFO: [ view_end ] --END-- [ RunTime:0.000904s ]

[ 2013-07-17T16:01:53+08:00 ] 127.0.0.1 /t_test/index.php/Main/sign
INFO: [ route_check ] --START--
INFO: CheckRoute Behavior ::run [ RunTime:0.001792s ]
INFO: [ route_check ] --END-- [ RunTime:0.001979s ]
INFO: [ app_begin ] --START--
INFO: ReadHtmlCache Behavior ::run [ RunTime:0.001424s ]
INFO: [ app_begin ] --END-- [ RunTime:0.001607s ]
NOTIC: 建议使用I方法替代_param
SQL: SHOW COLUMNS FROM `pro_sign` [ RunTime:0.007619s ]
SQL: SHOW COLUMNS FROM `pro_shistory` [ RunTime:0.006195s ]
SQL: SELECT * FROM `pro_sign` WHERE ( uid='1' AND oid='1' ) LIMIT 1   [ RunTime:0.000494s ]
NOTIC: [8] Undefined variable: msg F:\www\t_test\Lib\Action\MainAction.class.php 第 31 行.

[ 2013-07-17T16:01:54+08:00 ] 127.0.0.1 /t_test/index.php/Main/result/msg/%2C1%E5%B7%B2%E7%AD%BE%E5%88%B0.html
INFO: [ route_check ] --START--
INFO: CheckRoute Behavior ::run [ RunTime:0.001155s ]
INFO: [ route_check ] --END-- [ RunTime:0.001293s ]
INFO: [ app_begin ] --START--
INFO: ReadHtmlCache Behavior ::run [ RunTime:0.001271s ]
INFO: [ app_begin ] --END-- [ RunTime:0.001421s ]
NOTIC: 建议使用I方法替代_param
SQL: SHOW COLUMNS FROM `pro_sign` [ RunTime:0.006840s ]
SQL: SELECT * FROM `pro_sign` WHERE ( uid='1' )  [ RunTime:0.000427s ]
SQL: SHOW COLUMNS FROM `pro_shistory` [ RunTime:0.006543s ]
SQL: SELECT * FROM `pro_shistory` WHERE ( uid='1' )  [ RunTime:0.000404s ]
INFO: [ view_parse ] --START--
INFO: ParseTemplate Behavior ::run [ RunTime:0.012467s ]
INFO: [ view_parse ] --END-- [ RunTime:0.012603s ]
INFO: [ view_filter ] --START--
INFO: ContentReplace Behavior ::run [ RunTime:0.000734s ]
INFO: TokenBuild Behavior ::run [ RunTime:0.000666s ]
INFO: WriteHtmlCache Behavior ::run [ RunTime:0.000388s ]
INFO: ShowRuntime Behavior ::run [ RunTime:0.000490s ]
INFO: [ view_filter ] --END-- [ RunTime:0.002450s ]
INFO: [ view_end ] --START--
INFO: ShowPageTrace Behavior ::run [ RunTime:0.000833s ]
INFO: [ view_end ] --END-- [ RunTime:0.000896s ]

