[ 2013-07-22T16:03:17+08:00 ] 127.0.0.1 /t_test/index.php/Main/sign
INFO: [ route_check ] --START--
INFO: CheckRoute Behavior ::run [ RunTime:0.001449s ]
INFO: [ route_check ] --END-- [ RunTime:0.001582s ]
INFO: [ app_begin ] --START--
INFO: ReadHtmlCache Behavior ::run [ RunTime:0.000970s ]
INFO: [ app_begin ] --END-- [ RunTime:0.001051s ]
NOTIC: 建议使用I方法替代_param
SQL: SHOW COLUMNS FROM `pro_sign` [ RunTime:0.006323s ]
SQL: SHOW COLUMNS FROM `pro_shistory` [ RunTime:0.007461s ]
SQL: SELECT * FROM `pro_sign` WHERE ( uid='1' AND oid='1' ) LIMIT 1   [ RunTime:0.000381s ]
SQL: UPDATE `pro_sign` SET `uid`=1,`oid`=1,`scount`=1,`stotal`=4,`slastdate`='2013-07-22' WHERE ( `id` = 1 ) [ RunTime:0.045544s ]
SQL: SELECT * FROM `pro_shistory` WHERE ( uid='1' AND oid='1' AND sdate='2013-07' ) LIMIT 1   [ RunTime:0.000444s ]
NOTIC: [8] Undefined variable: msg F:\www\t_test\Lib\Action\MainAction.class.php 第 45 行.
NOTIC: [8] Use of undefined constant d - assumed 'd' F:\www\t_test\Lib\Action\MainAction.class.php 第 46 行.
SQL: UPDATE `pro_shistory` SET `uid`=1,`oid`=1,`shistory`=2818048,`sdate`='2013-07' WHERE ( `id` = 1 ) [ RunTime:0.024573s ]
SQL: SELECT * FROM `pro_sign` WHERE ( uid='1' AND oid='2' ) LIMIT 1   [ RunTime:0.000555s ]
SQL: UPDATE `pro_sign` SET `uid`=1,`oid`=2,`scount`=3,`stotal`=3,`slastdate`='2013-07-22' WHERE ( `id` = 2 ) [ RunTime:0.017356s ]
SQL: SELECT * FROM `pro_shistory` WHERE ( uid='1' AND oid='2' AND sdate='2013-07' ) LIMIT 1   [ RunTime:0.000460s ]
NOTIC: [8] Use of undefined constant d - assumed 'd' F:\www\t_test\Lib\Action\MainAction.class.php 第 46 行.
SQL: UPDATE `pro_shistory` SET `uid`=1,`oid`=2,`shistory`=3670016,`sdate`='2013-07' WHERE ( `id` = 2 ) [ RunTime:0.024336s ]

[ 2013-07-22T16:03:19+08:00 ] 127.0.0.1 /t_test/index.php/Main/result/msg/%2Cqweends%2C1%E7%AD%BE%E5%88%B0%E6%88%90%E5%8A%9F%2Cqweends%2C2%E7%AD%BE%E5%88%B0%E6%88%90%E5%8A%9F.html
INFO: [ route_check ] --START--
INFO: CheckRoute Behavior ::run [ RunTime:0.001034s ]
INFO: [ route_check ] --END-- [ RunTime:0.001145s ]
INFO: [ app_begin ] --START--
INFO: ReadHtmlCache Behavior ::run [ RunTime:0.000916s ]
INFO: [ app_begin ] --END-- [ RunTime:0.000993s ]
NOTIC: 建议使用I方法替代_param
SQL: SHOW COLUMNS FROM `pro_sign` [ RunTime:0.006343s ]
SQL: SELECT * FROM `pro_sign` WHERE ( uid='1' )  [ RunTime:0.000459s ]
SQL: SHOW COLUMNS FROM `pro_shistory` [ RunTime:0.006263s ]
SQL: SELECT * FROM `pro_shistory` WHERE ( uid='1' )  [ RunTime:0.000442s ]
INFO: [ view_parse ] --START--
INFO: ParseTemplate Behavior ::run [ RunTime:0.011765s ]
INFO: [ view_parse ] --END-- [ RunTime:0.011874s ]
INFO: [ view_filter ] --START--
INFO: ContentReplace Behavior ::run [ RunTime:0.000695s ]
INFO: TokenBuild Behavior ::run [ RunTime:0.000670s ]
INFO: WriteHtmlCache Behavior ::run [ RunTime:0.000360s ]
INFO: ShowRuntime Behavior ::run [ RunTime:0.000512s ]
INFO: [ view_filter ] --END-- [ RunTime:0.002415s ]
INFO: [ view_end ] --START--
INFO: ShowPageTrace Behavior ::run [ RunTime:0.000931s ]
INFO: [ view_end ] --END-- [ RunTime:0.001005s ]

