[ 2013-07-20T16:02:43+08:00 ] 127.0.0.1 /t_test/index.php/Main/sign
INFO: [ route_check ] --START--
INFO: CheckRoute Behavior ::run [ RunTime:0.001586s ]
INFO: [ route_check ] --END-- [ RunTime:0.001740s ]
INFO: [ app_begin ] --START--
INFO: ReadHtmlCache Behavior ::run [ RunTime:0.000819s ]
INFO: [ app_begin ] --END-- [ RunTime:0.000894s ]
NOTIC: 建议使用I方法替代_param
SQL: SHOW COLUMNS FROM `pro_sign` [ RunTime:0.006198s ]
SQL: SHOW COLUMNS FROM `pro_shistory` [ RunTime:0.006925s ]
SQL: SELECT * FROM `pro_sign` WHERE ( uid='1' AND oid='1' ) LIMIT 1   [ RunTime:0.000527s ]
SQL: UPDATE `pro_sign` SET `uid`=1,`oid`=1,`scount`=1,`stotal`=3,`slastdate`='2013-07-20' WHERE ( `id` = 1 ) [ RunTime:0.055313s ]
SQL: SELECT * FROM `pro_shistory` WHERE ( uid='1' AND oid='1' AND sdate='2013-07' ) LIMIT 1   [ RunTime:0.000530s ]
NOTIC: [8] Undefined variable: msg F:\www\t_test\Lib\Action\MainAction.class.php 第 45 行.
NOTIC: [8] Use of undefined constant d - assumed 'd' F:\www\t_test\Lib\Action\MainAction.class.php 第 46 行.
SQL: UPDATE `pro_shistory` SET `uid`=1,`oid`=1,`shistory`=720896,`sdate`='2013-07' WHERE ( `id` = 1 ) [ RunTime:0.025050s ]
SQL: SELECT * FROM `pro_sign` WHERE ( uid='1' AND oid='2' ) LIMIT 1   [ RunTime:0.000465s ]
SQL: INSERT INTO `pro_sign` (`uid`,`oid`,`scount`,`stotal`,`slastdate`) VALUES (1,2,1,1,'2013-07-20') [ RunTime:0.039336s ]
NOTIC: [8] Use of undefined constant d - assumed 'd' F:\www\t_test\Lib\Action\MainAction.class.php 第 73 行.
SQL: INSERT INTO `pro_shistory` (`uid`,`oid`,`sdate`,`shistory`) VALUES (1,2,'2013-07',524288) [ RunTime:0.158038s ]

[ 2013-07-20T16:02:44+08:00 ] 127.0.0.1 /t_test/index.php/Main/result/msg/%2Cqweends%2C1%E7%AD%BE%E5%88%B0%E6%88%90%E5%8A%9F%2C2%E7%AD%BE%E5%88%B0%E6%88%90%E5%8A%9F.html
INFO: [ route_check ] --START--
INFO: CheckRoute Behavior ::run [ RunTime:0.001251s ]
INFO: [ route_check ] --END-- [ RunTime:0.001380s ]
INFO: [ app_begin ] --START--
INFO: ReadHtmlCache Behavior ::run [ RunTime:0.001047s ]
INFO: [ app_begin ] --END-- [ RunTime:0.001154s ]
NOTIC: 建议使用I方法替代_param
SQL: SHOW COLUMNS FROM `pro_sign` [ RunTime:0.008708s ]
SQL: SELECT * FROM `pro_sign` WHERE ( uid='1' )  [ RunTime:0.000438s ]
SQL: SHOW COLUMNS FROM `pro_shistory` [ RunTime:0.006510s ]
SQL: SELECT * FROM `pro_shistory` WHERE ( uid='1' )  [ RunTime:0.000388s ]
INFO: [ view_parse ] --START--
INFO: ParseTemplate Behavior ::run [ RunTime:0.014257s ]
INFO: [ view_parse ] --END-- [ RunTime:0.014380s ]
INFO: [ view_filter ] --START--
INFO: ContentReplace Behavior ::run [ RunTime:0.000888s ]
INFO: TokenBuild Behavior ::run [ RunTime:0.001106s ]
INFO: WriteHtmlCache Behavior ::run [ RunTime:0.000642s ]
INFO: ShowRuntime Behavior ::run [ RunTime:0.000806s ]
INFO: [ view_filter ] --END-- [ RunTime:0.003740s ]
INFO: [ view_end ] --START--
INFO: ShowPageTrace Behavior ::run [ RunTime:0.001304s ]
INFO: [ view_end ] --END-- [ RunTime:0.001410s ]

