[ 2013-08-02T11:32:52+08:00 ] 127.0.0.1 /t_test/index.php/Main/sign
INFO: [ route_check ] --START--
INFO: CheckRoute Behavior ::run [ RunTime:0.001456s ]
INFO: [ route_check ] --END-- [ RunTime:0.001575s ]
INFO: [ app_begin ] --START--
INFO: ReadHtmlCache Behavior ::run [ RunTime:0.001294s ]
INFO: [ app_begin ] --END-- [ RunTime:0.001381s ]
NOTIC: 建议使用I方法替代_param
SQL: SHOW COLUMNS FROM `pro_sign` [ RunTime:0.007157s ]
SQL: SHOW COLUMNS FROM `pro_shistory` [ RunTime:0.005578s ]
SQL: SELECT * FROM `pro_sign` WHERE ( uid='1' AND oid='1' ) LIMIT 1   [ RunTime:0.000409s ]
SQL: UPDATE `pro_sign` SET `uid`=1,`oid`=1,`scount`=2,`stotal`=2,`slastdate`='2013-08-02' WHERE ( `id` = 1 ) [ RunTime:0.022139s ]
SQL: SELECT * FROM `pro_shistory` WHERE ( uid='1' AND oid='1' AND sdate='2013-08' ) LIMIT 1   [ RunTime:0.000527s ]
NOTIC: [8] Undefined variable: msg F:\www\t_test\Lib\Action\MainAction.class.php 第 45 行.
NOTIC: [8] Use of undefined constant d - assumed 'd' F:\www\t_test\Lib\Action\MainAction.class.php 第 46 行.
SQL: UPDATE `pro_shistory` SET `uid`=1,`oid`=1,`shistory`='2',`sdate`='2013-08' WHERE ( `id` = 3 ) [ RunTime:0.025012s ]
NOTIC: [8] Use of undefined constant main - assumed 'main' F:\www\t_test\Lib\Action\MainAction.class.php 第 81 行.
INFO: [ view_parse ] --START--
NOTIC: [8] Undefined variable: list F:\www\t_test\Runtime\Cache\38dd2411953184a9684bc2acd0771941.php 第 11 行.
INFO: ParseTemplate Behavior ::run [ RunTime:0.009149s ]
INFO: [ view_parse ] --END-- [ RunTime:0.009240s ]
INFO: [ view_filter ] --START--
INFO: ContentReplace Behavior ::run [ RunTime:0.000770s ]
INFO: TokenBuild Behavior ::run [ RunTime:0.000680s ]
INFO: WriteHtmlCache Behavior ::run [ RunTime:0.000451s ]
INFO: ShowRuntime Behavior ::run [ RunTime:0.000710s ]
INFO: [ view_filter ] --END-- [ RunTime:0.002803s ]
INFO: [ view_end ] --START--
INFO: ShowPageTrace Behavior ::run [ RunTime:0.000804s ]
INFO: [ view_end ] --END-- [ RunTime:0.000862s ]

