[ 2013-09-01T12:19:28+08:00 ] 127.0.0.1 /t_test/index.php/Main/sign
INFO: [ route_check ] --START--
INFO: CheckRoute Behavior ::run [ RunTime:0.001376s ]
INFO: [ route_check ] --END-- [ RunTime:0.001548s ]
INFO: [ app_begin ] --START--
INFO: ReadHtmlCache Behavior ::run [ RunTime:0.000968s ]
INFO: [ app_begin ] --END-- [ RunTime:0.001113s ]
NOTIC: 建议使用I方法替代_param
SQL: SHOW COLUMNS FROM `pro_sign` [ RunTime:0.016144s ]
SQL: SHOW COLUMNS FROM `pro_shistory` [ RunTime:0.003640s ]
SQL: SELECT * FROM `pro_sign` WHERE ( uid='1' AND oid='1' ) LIMIT 1   [ RunTime:0.000428s ]
SQL: UPDATE `pro_sign` SET `uid`=1,`oid`=1,`scount`=1,`stotal`=7,`slastdate`='2013-09-01' WHERE ( `id` = 1 ) [ RunTime:0.046045s ]
SQL: SELECT * FROM `pro_shistory` WHERE ( uid='1' AND oid='1' AND sdate='2013-09' ) LIMIT 1   [ RunTime:0.000700s ]
NOTIC: [8] Use of undefined constant d - assumed 'd' F:\www\t_test\Lib\Action\MainAction.class.php 第 53 行.
SQL: INSERT INTO `pro_shistory` (`uid`,`oid`,`sdate`,`shistory`) VALUES (1,1,'2013-09',1) [ RunTime:0.027425s ]
NOTIC: [8] Undefined variable: msg F:\www\t_test\Lib\Action\MainAction.class.php 第 56 行.
SQL: SELECT * FROM `pro_sign` WHERE ( uid='1' AND oid='2' ) LIMIT 1   [ RunTime:0.000577s ]
SQL: UPDATE `pro_sign` SET `uid`=1,`oid`=2,`scount`=1,`stotal`=6,`slastdate`='2013-09-01' WHERE ( `id` = 2 ) [ RunTime:0.024466s ]
SQL: SELECT * FROM `pro_shistory` WHERE ( uid='1' AND oid='2' AND sdate='2013-09' ) LIMIT 1   [ RunTime:0.000478s ]
NOTIC: [8] Use of undefined constant d - assumed 'd' F:\www\t_test\Lib\Action\MainAction.class.php 第 53 行.
SQL: INSERT INTO `pro_shistory` (`uid`,`oid`,`sdate`,`shistory`) VALUES (1,2,'2013-09',1) [ RunTime:0.094615s ]

[ 2013-09-01T12:19:29+08:00 ] 127.0.0.1 /t_test/index.php/Main/result/msg/%2C1%E7%AD%BE%E5%88%B0%E6%88%90%E5%8A%9F%2C2%E7%AD%BE%E5%88%B0%E6%88%90%E5%8A%9F.html
INFO: [ route_check ] --START--
INFO: CheckRoute Behavior ::run [ RunTime:0.001055s ]
INFO: [ route_check ] --END-- [ RunTime:0.001226s ]
INFO: [ app_begin ] --START--
INFO: ReadHtmlCache Behavior ::run [ RunTime:0.000776s ]
INFO: [ app_begin ] --END-- [ RunTime:0.000906s ]
NOTIC: 建议使用I方法替代_param
SQL: SHOW COLUMNS FROM `pro_sign` [ RunTime:0.004334s ]
SQL: SELECT * FROM `pro_sign` WHERE ( uid='1' )  [ RunTime:0.000493s ]
SQL: SHOW COLUMNS FROM `pro_shistory` [ RunTime:0.040475s ]
SQL: SELECT * FROM `pro_shistory` WHERE ( uid='1' )  [ RunTime:0.000417s ]
INFO: [ view_parse ] --START--
INFO: ParseTemplate Behavior ::run [ RunTime:0.012913s ]
INFO: [ view_parse ] --END-- [ RunTime:0.013056s ]
INFO: [ view_filter ] --START--
INFO: ContentReplace Behavior ::run [ RunTime:0.000658s ]
INFO: TokenBuild Behavior ::run [ RunTime:0.000584s ]
INFO: WriteHtmlCache Behavior ::run [ RunTime:0.000445s ]
INFO: ShowRuntime Behavior ::run [ RunTime:0.000644s ]
INFO: [ view_filter ] --END-- [ RunTime:0.002578s ]
INFO: [ view_end ] --START--
INFO: ShowPageTrace Behavior ::run [ RunTime:0.000732s ]
INFO: [ view_end ] --END-- [ RunTime:0.000814s ]

