[ 2013-08-04T11:35:09+08:00 ] 127.0.0.1 /t_test/index.php/Main/sign
INFO: [ route_check ] --START--
INFO: CheckRoute Behavior ::run [ RunTime:0.001784s ]
INFO: [ route_check ] --END-- [ RunTime:0.001953s ]
INFO: [ app_begin ] --START--
INFO: ReadHtmlCache Behavior ::run [ RunTime:0.001147s ]
INFO: [ app_begin ] --END-- [ RunTime:0.001228s ]
NOTIC: 建议使用I方法替代_param
SQL: SHOW COLUMNS FROM `pro_sign` [ RunTime:0.007754s ]
SQL: SHOW COLUMNS FROM `pro_shistory` [ RunTime:0.006227s ]
SQL: SELECT * FROM `pro_sign` WHERE ( uid='1' AND oid='1' ) LIMIT 1   [ RunTime:0.000469s ]
SQL: UPDATE `pro_sign` SET `uid`=1,`oid`=1,`scount`=4,`stotal`=4,`slastdate`='2013-08-04' WHERE ( `id` = 1 ) [ RunTime:0.035170s ]
SQL: SELECT * FROM `pro_shistory` WHERE ( uid='1' AND oid='1' AND sdate='2013-08' ) LIMIT 1   [ RunTime:0.000481s ]
NOTIC: [8] Undefined variable: msg F:\www\t_test\Lib\Action\MainAction.class.php 第 45 行.
NOTIC: [8] Use of undefined constant d - assumed 'd' F:\www\t_test\Lib\Action\MainAction.class.php 第 46 行.
SQL: UPDATE `pro_shistory` SET `uid`=1,`oid`=1,`shistory`='2',`sdate`='2013-08' WHERE ( `id` = 3 ) [ RunTime:0.017286s ]
NOTIC: [8] Use of undefined constant main - assumed 'main' F:\www\t_test\Lib\Action\MainAction.class.php 第 81 行.
INFO: [ view_parse ] --START--
NOTIC: [8] Undefined variable: list F:\www\t_test\Runtime\Cache\38dd2411953184a9684bc2acd0771941.php 第 11 行.
INFO: ParseTemplate Behavior ::run [ RunTime:0.009040s ]
INFO: [ view_parse ] --END-- [ RunTime:0.009126s ]
INFO: [ view_filter ] --START--
INFO: ContentReplace Behavior ::run [ RunTime:0.000734s ]
INFO: TokenBuild Behavior ::run [ RunTime:0.000718s ]
INFO: WriteHtmlCache Behavior ::run [ RunTime:0.000453s ]
INFO: ShowRuntime Behavior ::run [ RunTime:0.000764s ]
INFO: [ view_filter ] --END-- [ RunTime:0.002856s ]
INFO: [ view_end ] --START--
INFO: ShowPageTrace Behavior ::run [ RunTime:0.000902s ]
INFO: [ view_end ] --END-- [ RunTime:0.000969s ]

